\BOOKMARK [0][-]{chapter.1}{\376\377\000S\000t\000r\000e\000s\000z\000c\000z\000e\000n\000i\000e}{}% 1
\BOOKMARK [0][-]{chapter.2}{\376\377\000W\000s\000t\001\031\000p}{}% 2
\BOOKMARK [0][-]{chapter.3}{\376\377\000P\000r\000z\000e\000g\000l\001\005\000d\000\040\000l\000i\000t\000e\000r\000a\000t\000u\000r\000y}{}% 3
\BOOKMARK [1][-]{section.3.1}{\376\377\000A\000l\000g\000o\000r\000y\000t\000m\000y\000\040\000r\000e\000g\000u\000l\000a\000c\000j\000i\000\040\000p\000r\000e\000d\000y\000k\000c\000y\000j\000n\000e\000j}{chapter.3}% 4
\BOOKMARK [1][-]{section.3.2}{\376\377\000D\000y\000n\000a\000m\000i\000c\000\040\000M\000a\000t\000r\000i\000x\000\040\000C\000o\000n\000t\000r\000o\000l}{chapter.3}% 5
\BOOKMARK [2][-]{subsection.3.2.1}{\376\377\000A\000l\000g\000o\000r\000y\000t\000m\000\040\000D\000M\000C\000\040\000w\000\040\000w\000e\000r\000s\000j\000i\000\040\000a\000n\000a\000l\000i\000t\000y\000c\000z\000n\000e\000j}{section.3.2}% 6
\BOOKMARK [2][-]{subsection.3.2.2}{\376\377\000A\000l\000g\000o\000r\000y\000t\000m\000\040\000D\000M\000C\000\040\000w\000\040\000w\000e\000r\000s\000j\000i\000\040\000n\000u\000m\000e\000r\000y\000c\000z\000n\000e\000j}{section.3.2}% 7
\BOOKMARK [2][-]{subsection.3.2.3}{\376\377\000I\000n\000n\000e\000\040\000w\000a\000r\000i\000a\000n\000t\000y\000\040\000D\000M\000C}{section.3.2}% 8
\BOOKMARK [1][-]{section.3.3}{\376\377\000R\000e\000g\000u\000l\000a\000c\000j\000a\000\040\000r\000o\000z\000m\000y\000t\000a}{chapter.3}% 9
\BOOKMARK [2][-]{subsection.3.3.1}{\376\377\000M\000o\000d\000e\000l\000e\000\040\000T\000a\000k\000a\000g\000i\000-\000S\000u\000g\000e\000n\000o}{section.3.3}% 10
\BOOKMARK [2][-]{subsection.3.3.2}{\376\377\000P\000o\000d\000e\000j\001\133\000c\000i\000e\000\040\000P\000a\000r\000a\000l\000l\000e\000l\000\040\000D\000i\000s\000t\000r\000i\000b\000u\000t\000e\000d\000\040\000C\000o\000m\000b\000e\000n\000s\000a\000t\000i\000o\000n}{section.3.3}% 11
\BOOKMARK [1][-]{section.3.4}{\376\377\000M\000o\000d\000e\000l\000e\000\040\000H\000a\000m\000m\000e\000r\000s\000t\000e\000i\000n\000a\000\040\000i\000\040\000W\000i\000e\000n\000e\000r\000a}{chapter.3}% 12
\BOOKMARK [0][-]{chapter.4}{\376\377\000Z\000b\000i\000o\000r\000n\000i\000k\000i\000\040\000w\000\040\000k\000a\000s\000k\000a\000d\000z\000i\000e}{}% 13
\BOOKMARK [1][-]{section.4.1}{\376\377\000I\000d\000e\000n\000t\000y\000f\000i\000k\000a\000c\000j\000a}{chapter.4}% 14
\BOOKMARK [2][-]{subsection.4.1.1}{\376\377\000C\000h\000a\000r\000a\000k\000t\000e\000r\000y\000s\000t\000y\000k\000a\000\040\000s\000t\000a\000t\000y\000c\000z\000n\000a}{section.4.1}% 15
\BOOKMARK [2][-]{subsection.4.1.2}{\376\377\000P\000o\000r\000\363\000w\000n\000a\000n\000i\000e\000\040\000m\000o\000d\000e\000l\000u\000\040\000l\000i\000n\000i\000o\000w\000e\000g\000o\000\040\000i\000\040\000n\000i\000e\000l\000i\000n\000i\000o\000w\000e\000g\000o}{section.4.1}% 16
\BOOKMARK [1][-]{section.4.2}{\376\377\000M\000o\000d\000e\000l\000\040\000H\000a\000m\000m\000e\000r\000s\000t\000e\000i\000n\000a}{chapter.4}% 17
\BOOKMARK [2][-]{subsection.4.2.1}{\376\377\000N\000i\000e\000l\000i\000n\000i\000o\000w\000y\000\040\000b\000l\000o\000k\000\040\000s\000t\000a\000t\000y\000c\000z\000n\000y}{section.4.2}% 18
\BOOKMARK [2][-]{subsection.4.2.2}{\376\377\000N\000a\000s\000t\001\031\000p\000n\000i\000k\000i\000\040\000l\000i\000n\000i\000o\000w\000e}{section.4.2}% 19
\BOOKMARK [2][-]{subsection.4.2.3}{\376\377\000N\000a\000s\000t\001\031\000p\000n\000i\000k\000i\000\040\000n\000i\000e\000l\000i\000n\000i\000o\000w\000e}{section.4.2}% 20
\BOOKMARK [2][-]{subsection.4.2.4}{\376\377\000P\000o\000r\000\363\000w\000n\000a\000n\000i\000e}{section.4.2}% 21
\BOOKMARK [1][-]{section.4.3}{\376\377\000M\000o\000d\000e\000l\000\040\000W\000i\000e\000n\000e\000r\000a}{chapter.4}% 22
\BOOKMARK [2][-]{subsection.4.3.1}{\376\377\000N\000a\000s\000t\001\031\000p\000n\000i\000k\000i}{section.4.3}% 23
\BOOKMARK [2][-]{subsection.4.3.2}{\376\377\000P\000o\000r\000\363\000w\000n\000a\000n\000i\000e}{section.4.3}% 24
\BOOKMARK [1][-]{section.4.4}{\376\377\000R\000e\000g\000u\000l\000a\000c\000j\000a\000\040\000p\000r\000e\000d\000y\000k\000c\000y\000j\000n\000a}{chapter.4}% 25
\BOOKMARK [2][-]{subsection.4.4.1}{\376\377\000R\000e\000g\000u\000l\000a\000t\000o\000r\000\040\000D\000M\000C}{section.4.4}% 26
\BOOKMARK [2][-]{subsection.4.4.2}{\376\377\000P\000o\000r\000\363\000w\000n\000a\000n\000i\000e}{section.4.4}% 27
\BOOKMARK [1][-]{section.4.5}{\376\377\000P\000o\000d\000s\000u\000m\000o\000w\000a\000n\000i\000e}{chapter.4}% 28
\BOOKMARK [0][-]{chapter*.45}{\376\377\000B\000i\000b\000l\000i\000o\000g\000r\000a\000f\000i\000a}{}% 29
\BOOKMARK [0][-]{chapter*.46}{\376\377\000S\000p\000i\000s\000\040\000r\000y\000s\000u\000n\000k\000\363\000w}{}% 30
\BOOKMARK [0][-]{chapter*.47}{\376\377\000S\000p\000i\000s\000\040\000t\000a\000b\000e\000l}{}% 31
