This is pdfTeX, Version 3.141592653-2.6-1.40.25 (MiKTeX 24.1) (preloaded format=pdflatex 2024.3.3)  4 APR 2025 21:05
entering extended mode
 restricted \write18 enabled.
 %&-line parsing enabled.
**./MGR_Wojciech_Rogalski.tex
(MGR_Wojciech_Rogalski.tex
LaTeX2e <2023-11-01> patch level 1
L3 programming layer <2024-01-04>

(C:\Users\HP.LAPTOP-VKB5R2K8\AppData\Local\Programs\MiKTeX\tex/latex/mwcls\mwre
p.cls
Document Class: mwrep 2017/05/13 v0.75 A LaTeX document class (MW)
*** Beta version. Formatting may change
*** in future versions of this class.

(C:\Users\HP.LAPTOP-VKB5R2K8\AppData\Local\Programs\MiKTeX\tex/latex/mwcls\mw11
.clo
File: mw11.clo 2017/05/13 v0.75 A document class size option (MW)
)
\@parindent=\dimen140
\c@part=\count187
\c@chapter=\count188
\c@section=\count189
\c@subsection=\count190
\c@subsubsection=\count191
\c@paragraph=\count192
\c@subparagraph=\count193
\c@figure=\count194
\c@table=\count195
\abovecaptionskip=\skip48
\belowcaptionskip=\skip49
\bibindent=\dimen141
)
(C:\Users\HP.LAPTOP-VKB5R2K8\AppData\Local\Programs\MiKTeX\tex/latex/geometry\g
eometry.sty
Package: geometry 2020/01/02 v5.9 Page Geometry

(C:\Users\HP.LAPTOP-VKB5R2K8\AppData\Local\Programs\MiKTeX\tex/latex/graphics\k
eyval.sty
Package: keyval 2022/05/29 v1.15 key=value parser (DPC)
\KV@toks@=\toks17
)
(C:\Users\HP.LAPTOP-VKB5R2K8\AppData\Local\Programs\MiKTeX\tex/generic/iftex\if
vtex.sty
Package: ifvtex 2019/10/25 v1.7 ifvtex legacy package. Use iftex instead.

(C:\Users\HP.LAPTOP-VKB5R2K8\AppData\Local\Programs\MiKTeX\tex/generic/iftex\if
tex.sty
Package: iftex 2022/02/03 v1.0f TeX engine tests
))
\Gm@cnth=\count196
\Gm@cntv=\count197
\c@Gm@tempcnt=\count198
\Gm@bindingoffset=\dimen142
\Gm@wd@mp=\dimen143
\Gm@odd@mp=\dimen144
\Gm@even@mp=\dimen145
\Gm@layoutwidth=\dimen146
\Gm@layoutheight=\dimen147
\Gm@layouthoffset=\dimen148
\Gm@layoutvoffset=\dimen149
\Gm@dimlist=\toks18

(C:\Users\HP.LAPTOP-VKB5R2K8\AppData\Local\Programs\MiKTeX\tex/latex/geometry\g
eometry.cfg))
(C:\Users\HP.LAPTOP-VKB5R2K8\AppData\Local\Programs\MiKTeX\tex/latex/base\fonte
nc.sty
Package: fontenc 2021/04/29 v2.0v Standard LaTeX package
)
(C:\Users\HP.LAPTOP-VKB5R2K8\AppData\Local\Programs\MiKTeX\tex/latex/polski\pol
ski.sty
Package: polski 2021/08/25 v1.3.6 Polish language package

   Switching to Polish text encoding and Polish maths fonts.

(C:\Users\HP.LAPTOP-VKB5R2K8\AppData\Local\Programs\MiKTeX\tex/latex/base\ot4en
c.def
File: ot4enc.def 2021/04/29 v2.0v Standard LaTeX file
Now handling font encoding OT4 ...
... no UTF-8 mapping file for font encoding OT4
)
LaTeX Font Info:    Trying to load font information for OT4+cmr on input line 3
62.

(C:\Users\HP.LAPTOP-VKB5R2K8\AppData\Local\Programs\MiKTeX\tex/latex/polski\ot4
cmr.fd
File: ot4cmr.fd 2008/02/24 v1.2.1 Font defs for fonts PL (MW)
)
LaTeX Font Info:    Overwriting math alphabet `\mathbf' in version `normal'
(Font)                  OT1/cmr/bx/n --> OT4/cmr/bx/n on input line 362.
LaTeX Font Info:    Overwriting math alphabet `\mathsf' in version `normal'
(Font)                  OT1/cmss/m/n --> OT4/cmss/m/n on input line 362.
LaTeX Font Info:    Overwriting math alphabet `\mathit' in version `normal'
(Font)                  OT1/cmr/m/it --> OT4/cmr/m/it on input line 362.
LaTeX Font Info:    Overwriting math alphabet `\mathtt' in version `normal'
(Font)                  OT1/cmtt/m/n --> OT4/cmtt/m/n on input line 362.
LaTeX Font Info:    Overwriting math alphabet `\mathsf' in version `bold'
(Font)                  OT1/cmss/bx/n --> OT4/cmss/bx/n on input line 362.
LaTeX Font Info:    Overwriting math alphabet `\mathit' in version `bold'
(Font)                  OT1/cmr/bx/it --> OT4/cmr/bx/it on input line 362.
LaTeX Font Info:    Encoding `OT1' has changed to `OT4' for symbol font
(Font)              `operators' in the math version `normal' on input line 362.

LaTeX Font Info:    Overwriting symbol font `operators' in version `normal'
(Font)                  OT1/cmr/m/n --> OT4/cmr/m/n on input line 362.
LaTeX Font Info:    Overwriting symbol font `letters' in version `normal'
(Font)                  OML/cmm/m/it --> OML/plm/m/it on input line 362.
LaTeX Font Info:    Overwriting symbol font `symbols' in version `normal'
(Font)                  OMS/cmsy/m/n --> OMS/plsy/m/n on input line 362.
LaTeX Font Info:    Overwriting symbol font `largesymbols' in version `normal'
(Font)                  OMX/cmex/m/n --> OMX/plex/m/n on input line 362.
LaTeX Font Info:    Encoding `OT1' has changed to `OT4' for symbol font
(Font)              `operators' in the math version `bold' on input line 362.
LaTeX Font Info:    Overwriting symbol font `operators' in version `bold'
(Font)                  OT1/cmr/bx/n --> OT4/cmr/bx/n on input line 362.
LaTeX Font Info:    Overwriting symbol font `letters' in version `bold'
(Font)                  OML/cmm/b/it --> OML/plm/b/it on input line 362.
LaTeX Font Info:    Overwriting symbol font `symbols' in version `bold'
(Font)                  OMS/cmsy/b/n --> OMS/plsy/b/n on input line 362.
)
(C:\Users\HP.LAPTOP-VKB5R2K8\AppData\Local\Programs\MiKTeX\tex/latex/amsmath\am
smath.sty
Package: amsmath 2023/05/13 v2.17o AMS math features
\@mathmargin=\skip50

For additional information on amsmath, use the `?' option.

(C:\Users\HP.LAPTOP-VKB5R2K8\AppData\Local\Programs\MiKTeX\tex/latex/amsmath\am
stext.sty
Package: amstext 2021/08/26 v2.01 AMS text

(C:\Users\HP.LAPTOP-VKB5R2K8\AppData\Local\Programs\MiKTeX\tex/latex/amsmath\am
sgen.sty
File: amsgen.sty 1999/11/30 v2.0 generic functions
\@emptytoks=\toks19
\ex@=\dimen150
))
(C:\Users\HP.LAPTOP-VKB5R2K8\AppData\Local\Programs\MiKTeX\tex/latex/amsmath\am
sbsy.sty
Package: amsbsy 1999/11/29 v1.2d Bold Symbols
\pmbraise@=\dimen151
)
(C:\Users\HP.LAPTOP-VKB5R2K8\AppData\Local\Programs\MiKTeX\tex/latex/amsmath\am
sopn.sty
Package: amsopn 2022/04/08 v2.04 operator names
)
\inf@bad=\count199
LaTeX Info: Redefining \frac on input line 234.
\uproot@=\count266
\leftroot@=\count267
LaTeX Info: Redefining \overline on input line 399.
LaTeX Info: Redefining \colon on input line 410.
\classnum@=\count268
\DOTSCASE@=\count269
LaTeX Info: Redefining \ldots on input line 496.
LaTeX Info: Redefining \dots on input line 499.
LaTeX Info: Redefining \cdots on input line 620.
\Mathstrutbox@=\box51
\strutbox@=\box52
LaTeX Info: Redefining \big on input line 722.
LaTeX Info: Redefining \Big on input line 723.
LaTeX Info: Redefining \bigg on input line 724.
LaTeX Info: Redefining \Bigg on input line 725.
\big@size=\dimen152
LaTeX Font Info:    Redeclaring font encoding OML on input line 743.
LaTeX Font Info:    Redeclaring font encoding OMS on input line 744.
\macc@depth=\count270
LaTeX Info: Redefining \bmod on input line 905.
LaTeX Info: Redefining \pmod on input line 910.
LaTeX Info: Redefining \smash on input line 940.
LaTeX Info: Redefining \relbar on input line 970.
LaTeX Info: Redefining \Relbar on input line 971.
\c@MaxMatrixCols=\count271
\dotsspace@=\muskip16
\c@parentequation=\count272
\dspbrk@lvl=\count273
\tag@help=\toks20
\row@=\count274
\column@=\count275
\maxfields@=\count276
\andhelp@=\toks21
\eqnshift@=\dimen153
\alignsep@=\dimen154
\tagshift@=\dimen155
\tagwidth@=\dimen156
\totwidth@=\dimen157
\lineht@=\dimen158
\@envbody=\toks22
\multlinegap=\skip51
\multlinetaggap=\skip52
\mathdisplay@stack=\toks23
LaTeX Info: Redefining \[ on input line 2953.
LaTeX Info: Redefining \] on input line 2954.
)
(C:\Users\HP.LAPTOP-VKB5R2K8\AppData\Local\Programs\MiKTeX\tex/latex/tools\arra
y.sty
Package: array 2023/10/16 v2.5g Tabular extension package (FMi)
\col@sep=\dimen159
\ar@mcellbox=\box53
\extrarowheight=\dimen160
\NC@list=\toks24
\extratabsurround=\skip53
\backup@length=\skip54
\ar@cellbox=\box54
)
(C:\Users\HP.LAPTOP-VKB5R2K8\AppData\Local\Programs\MiKTeX\tex/latex/amsfonts\a
msfonts.sty
Package: amsfonts 2013/01/14 v3.01 Basic AMSFonts support
\symAMSa=\mathgroup4
\symAMSb=\mathgroup5
LaTeX Font Info:    Redeclaring math symbol \hbar on input line 98.
LaTeX Font Info:    Overwriting math alphabet `\mathfrak' in version `bold'
(Font)                  U/euf/m/n --> U/euf/b/n on input line 106.
)
(C:\Users\HP.LAPTOP-VKB5R2K8\AppData\Local\Programs\MiKTeX\tex/latex/amsfonts\a
mssymb.sty
Package: amssymb 2013/01/14 v3.01 AMS font symbols
)
(C:\Users\HP.LAPTOP-VKB5R2K8\AppData\Local\Programs\MiKTeX\tex/latex/hyperref\h
yperref.sty
Package: hyperref 2023-11-26 v7.01g Hypertext links for LaTeX

(C:\Users\HP.LAPTOP-VKB5R2K8\AppData\Local\Programs\MiKTeX\tex/generic/infwarer
r\infwarerr.sty
Package: infwarerr 2019/12/03 v1.5 Providing info/warning/error messages (HO)
)
(C:\Users\HP.LAPTOP-VKB5R2K8\AppData\Local\Programs\MiKTeX\tex/latex/kvsetkeys\
kvsetkeys.sty
Package: kvsetkeys 2022-10-05 v1.19 Key value parser (HO)
)
(C:\Users\HP.LAPTOP-VKB5R2K8\AppData\Local\Programs\MiKTeX\tex/generic/kvdefine
keys\kvdefinekeys.sty
Package: kvdefinekeys 2019-12-19 v1.6 Define keys (HO)
)
(C:\Users\HP.LAPTOP-VKB5R2K8\AppData\Local\Programs\MiKTeX\tex/generic/pdfescap
e\pdfescape.sty
Package: pdfescape 2019/12/09 v1.15 Implements pdfTeX's escape features (HO)

(C:\Users\HP.LAPTOP-VKB5R2K8\AppData\Local\Programs\MiKTeX\tex/generic/ltxcmds\
ltxcmds.sty
Package: ltxcmds 2023-12-04 v1.26 LaTeX kernel commands for general use (HO)
)
(C:\Users\HP.LAPTOP-VKB5R2K8\AppData\Local\Programs\MiKTeX\tex/generic/pdftexcm
ds\pdftexcmds.sty
Package: pdftexcmds 2020-06-27 v0.33 Utility functions of pdfTeX for LuaTeX (HO
)
Package pdftexcmds Info: \pdf@primitive is available.
Package pdftexcmds Info: \pdf@ifprimitive is available.
Package pdftexcmds Info: \pdfdraftmode found.
))
(C:\Users\HP.LAPTOP-VKB5R2K8\AppData\Local\Programs\MiKTeX\tex/latex/hycolor\hy
color.sty
Package: hycolor 2020-01-27 v1.10 Color options for hyperref/bookmark (HO)
)
(C:\Users\HP.LAPTOP-VKB5R2K8\AppData\Local\Programs\MiKTeX\tex/latex/letltxmacr
o\letltxmacro.sty
Package: letltxmacro 2019/12/03 v1.6 Let assignment for LaTeX macros (HO)
)
(C:\Users\HP.LAPTOP-VKB5R2K8\AppData\Local\Programs\MiKTeX\tex/latex/auxhook\au
xhook.sty
Package: auxhook 2019-12-17 v1.6 Hooks for auxiliary files (HO)
)
(C:\Users\HP.LAPTOP-VKB5R2K8\AppData\Local\Programs\MiKTeX\tex/latex/hyperref\n
ameref.sty
Package: nameref 2023-11-26 v2.56 Cross-referencing by name of section

(C:\Users\HP.LAPTOP-VKB5R2K8\AppData\Local\Programs\MiKTeX\tex/latex/refcount\r
efcount.sty
Package: refcount 2019/12/15 v3.6 Data extraction from label references (HO)
)
(C:\Users\HP.LAPTOP-VKB5R2K8\AppData\Local\Programs\MiKTeX\tex/generic/gettitle
string\gettitlestring.sty
Package: gettitlestring 2019/12/15 v1.6 Cleanup title references (HO)

(C:\Users\HP.LAPTOP-VKB5R2K8\AppData\Local\Programs\MiKTeX\tex/latex/kvoptions\
kvoptions.sty
Package: kvoptions 2022-06-15 v3.15 Key value format for package options (HO)
))
\c@section@level=\count277
)
(C:\Users\HP.LAPTOP-VKB5R2K8\AppData\Local\Programs\MiKTeX\tex/latex/etoolbox\e
toolbox.sty
Package: etoolbox 2020/10/05 v2.5k e-TeX tools for LaTeX (JAW)
\etb@tempcnta=\count278
)
\@linkdim=\dimen161
\Hy@linkcounter=\count279
\Hy@pagecounter=\count280

(C:\Users\HP.LAPTOP-VKB5R2K8\AppData\Local\Programs\MiKTeX\tex/latex/hyperref\p
d1enc.def
File: pd1enc.def 2023-11-26 v7.01g Hyperref: PDFDocEncoding definition (HO)
Now handling font encoding PD1 ...
... no UTF-8 mapping file for font encoding PD1
)
(C:\Users\HP.LAPTOP-VKB5R2K8\AppData\Local\Programs\MiKTeX\tex/generic/intcalc\
intcalc.sty
Package: intcalc 2019/12/15 v1.3 Expandable calculations with integers (HO)
)
\Hy@SavedSpaceFactor=\count281

(C:\Users\HP.LAPTOP-VKB5R2K8\AppData\Local\Programs\MiKTeX\tex/latex/hyperref\p
uenc.def
File: puenc.def 2023-11-26 v7.01g Hyperref: PDF Unicode definition (HO)
Now handling font encoding PU ...
... no UTF-8 mapping file for font encoding PU
)
Package hyperref Info: Hyper figures OFF on input line 4181.
Package hyperref Info: Link nesting OFF on input line 4186.
Package hyperref Info: Hyper index ON on input line 4189.
Package hyperref Info: Plain pages OFF on input line 4196.
Package hyperref Info: Backreferencing OFF on input line 4201.
Package hyperref Info: Implicit mode ON; LaTeX internals redefined.
Package hyperref Info: Bookmarks ON on input line 4448.
\c@Hy@tempcnt=\count282

(C:\Users\HP.LAPTOP-VKB5R2K8\AppData\Local\Programs\MiKTeX\tex/latex/url\url.st
y
\Urlmuskip=\muskip17
Package: url 2013/09/16  ver 3.4  Verb mode for urls, etc.
)
LaTeX Info: Redefining \url on input line 4786.
\XeTeXLinkMargin=\dimen162

(C:\Users\HP.LAPTOP-VKB5R2K8\AppData\Local\Programs\MiKTeX\tex/generic/bitset\b
itset.sty
Package: bitset 2019/12/09 v1.3 Handle bit-vector datatype (HO)

(C:\Users\HP.LAPTOP-VKB5R2K8\AppData\Local\Programs\MiKTeX\tex/generic/bigintca
lc\bigintcalc.sty
Package: bigintcalc 2019/12/15 v1.5 Expandable calculations on big integers (HO
)
))
\Fld@menulength=\count283
\Field@Width=\dimen163
\Fld@charsize=\dimen164
Package hyperref Info: Hyper figures OFF on input line 6065.
Package hyperref Info: Link nesting OFF on input line 6070.
Package hyperref Info: Hyper index ON on input line 6073.
Package hyperref Info: backreferencing OFF on input line 6080.
Package hyperref Info: Link coloring OFF on input line 6085.
Package hyperref Info: Link coloring with OCG OFF on input line 6090.
Package hyperref Info: PDF/A mode OFF on input line 6095.

(C:\Users\HP.LAPTOP-VKB5R2K8\AppData\Local\Programs\MiKTeX\tex/latex/base\atbeg
shi-ltx.sty
Package: atbegshi-ltx 2021/01/10 v1.0c Emulation of the original atbegshi
package with kernel methods
)
\Hy@abspage=\count284
\c@Item=\count285
\c@Hfootnote=\count286
)
Package hyperref Info: Driver (autodetected): hpdftex.

(C:\Users\HP.LAPTOP-VKB5R2K8\AppData\Local\Programs\MiKTeX\tex/latex/hyperref\h
pdftex.def
File: hpdftex.def 2023-11-26 v7.01g Hyperref driver for pdfTeX

(C:\Users\HP.LAPTOP-VKB5R2K8\AppData\Local\Programs\MiKTeX\tex/latex/base\atver
yend-ltx.sty
Package: atveryend-ltx 2020/08/19 v1.0a Emulation of the original atveryend pac
kage
with kernel methods
)
\Fld@listcount=\count287
\c@bookmark@seq@number=\count288

(C:\Users\HP.LAPTOP-VKB5R2K8\AppData\Local\Programs\MiKTeX\tex/latex/rerunfilec
heck\rerunfilecheck.sty
Package: rerunfilecheck 2022-07-10 v1.10 Rerun checks for auxiliary files (HO)

(C:\Users\HP.LAPTOP-VKB5R2K8\AppData\Local\Programs\MiKTeX\tex/generic/uniqueco
unter\uniquecounter.sty
Package: uniquecounter 2019/12/15 v1.4 Provide unlimited unique counter (HO)
)
Package uniquecounter Info: New unique counter `rerunfilecheck' on input line 2
85.
)
\Hy@SectionHShift=\skip55
)
(C:\Users\HP.LAPTOP-VKB5R2K8\AppData\Local\Programs\MiKTeX\tex/latex/graphics\g
raphicx.sty
Package: graphicx 2021/09/16 v1.2d Enhanced LaTeX Graphics (DPC,SPQR)

(C:\Users\HP.LAPTOP-VKB5R2K8\AppData\Local\Programs\MiKTeX\tex/latex/graphics\g
raphics.sty
Package: graphics 2022/03/10 v1.4e Standard LaTeX Graphics (DPC,SPQR)

(C:\Users\HP.LAPTOP-VKB5R2K8\AppData\Local\Programs\MiKTeX\tex/latex/graphics\t
rig.sty
Package: trig 2021/08/11 v1.11 sin cos tan (DPC)
)
(C:\Users\HP.LAPTOP-VKB5R2K8\AppData\Local\Programs\MiKTeX\tex/latex/graphics-c
fg\graphics.cfg
File: graphics.cfg 2016/06/04 v1.11 sample graphics configuration
)
Package graphics Info: Driver file: pdftex.def on input line 107.

(C:\Users\HP.LAPTOP-VKB5R2K8\AppData\Local\Programs\MiKTeX\tex/latex/graphics-d
ef\pdftex.def
File: pdftex.def 2022/09/22 v1.2b Graphics/color driver for pdftex
))
\Gin@req@height=\dimen165
\Gin@req@width=\dimen166
)
(C:\Users\HP.LAPTOP-VKB5R2K8\AppData\Local\Programs\MiKTeX\tex/latex/float\floa
t.sty
Package: float 2001/11/08 v1.3d Float enhancements (AL)
\c@float@type=\count289
\float@exts=\toks25
\float@box=\box55
\@float@everytoks=\toks26
\@floatcapt=\box56
)
(C:\Users\HP.LAPTOP-VKB5R2K8\AppData\Local\Programs\MiKTeX\tex/latex/subfig\sub
fig.sty
Package: subfig 2005/06/28 ver: 1.3 subfig package

(C:\Users\HP.LAPTOP-VKB5R2K8\AppData\Local\Programs\MiKTeX\tex/latex/caption\ca
ption.sty
Package: caption 2023/08/05 v3.6o Customizing captions (AR)

(C:\Users\HP.LAPTOP-VKB5R2K8\AppData\Local\Programs\MiKTeX\tex/latex/caption\ca
ption3.sty
Package: caption3 2023/07/31 v2.4d caption3 kernel (AR)
\caption@tempdima=\dimen167
\captionmargin=\dimen168
\caption@leftmargin=\dimen169
\caption@rightmargin=\dimen170
\caption@width=\dimen171
\caption@indent=\dimen172
\caption@parindent=\dimen173
\caption@hangindent=\dimen174
Package caption Info: Unknown document class (or package),
(caption)             standard defaults will be used.
Package caption Info: \@makecaption = \long macro:#1#2->\addvspace \abovecaptio
nskip \bgroup \centeredlast #1.\enspace #2\par \egroup \vskip \belowcaptionskip
  on input line 1175.
)

Package caption Warning: Unknown document class (or package),
(caption)                standard defaults will be used.
See the caption package documentation for explanation.

\c@caption@flags=\count290
\c@continuedfloat=\count291
Package caption Info: float package is loaded.
Package caption Info: hyperref package is loaded.
)
\c@KVtest=\count292
\sf@farskip=\skip56
\sf@captopadj=\dimen175
\sf@capskip=\skip57
\sf@nearskip=\skip58
\c@subfigure=\count293
\c@subfigure@save=\count294
\c@lofdepth=\count295
\c@subtable=\count296
\c@subtable@save=\count297
\c@lotdepth=\count298
\sf@top=\skip59
\sf@bottom=\skip60
)
(C:\Users\HP.LAPTOP-VKB5R2K8\AppData\Local\Programs\MiKTeX\tex/latex/multirow\m
ultirow.sty
Package: multirow 2024/11/12 v2.9 Span multiple rows of a table
\multirow@colwidth=\skip61
\multirow@cntb=\count299
\multirow@dima=\skip62
\bigstrutjot=\dimen176
)
(C:\Users\HP.LAPTOP-VKB5R2K8\AppData\Local\Programs\MiKTeX\tex/latex/setspace\s
etspace.sty
Package: setspace 2022/12/04 v6.7b set line spacing
)
(C:\Users\HP.LAPTOP-VKB5R2K8\AppData\Local\Programs\MiKTeX\tex/latex/pgf/fronte
ndlayer\tikz.sty
(C:\Users\HP.LAPTOP-VKB5R2K8\AppData\Local\Programs\MiKTeX\tex/latex/pgf/basicl
ayer\pgf.sty
(C:\Users\HP.LAPTOP-VKB5R2K8\AppData\Local\Programs\MiKTeX\tex/latex/pgf/utilit
ies\pgfrcs.sty
(C:\Users\HP.LAPTOP-VKB5R2K8\AppData\Local\Programs\MiKTeX\tex/generic/pgf/util
ities\pgfutil-common.tex
\pgfutil@everybye=\toks27
\pgfutil@tempdima=\dimen177
\pgfutil@tempdimb=\dimen178
)
(C:\Users\HP.LAPTOP-VKB5R2K8\AppData\Local\Programs\MiKTeX\tex/generic/pgf/util
ities\pgfutil-latex.def
\pgfutil@abb=\box57
)
(C:\Users\HP.LAPTOP-VKB5R2K8\AppData\Local\Programs\MiKTeX\tex/generic/pgf/util
ities\pgfrcs.code.tex
(C:\Users\HP.LAPTOP-VKB5R2K8\AppData\Local\Programs\MiKTeX\tex/generic/pgf\pgf.
revision.tex)
Package: pgfrcs 2023-01-15 v3.1.10 (3.1.10)
))
Package: pgf 2023-01-15 v3.1.10 (3.1.10)

(C:\Users\HP.LAPTOP-VKB5R2K8\AppData\Local\Programs\MiKTeX\tex/latex/pgf/basicl
ayer\pgfcore.sty
(C:\Users\HP.LAPTOP-VKB5R2K8\AppData\Local\Programs\MiKTeX\tex/latex/pgf/system
layer\pgfsys.sty
(C:\Users\HP.LAPTOP-VKB5R2K8\AppData\Local\Programs\MiKTeX\tex/generic/pgf/syst
emlayer\pgfsys.code.tex
Package: pgfsys 2023-01-15 v3.1.10 (3.1.10)

(C:\Users\HP.LAPTOP-VKB5R2K8\AppData\Local\Programs\MiKTeX\tex/generic/pgf/util
ities\pgfkeys.code.tex
\pgfkeys@pathtoks=\toks28
\pgfkeys@temptoks=\toks29

(C:\Users\HP.LAPTOP-VKB5R2K8\AppData\Local\Programs\MiKTeX\tex/generic/pgf/util
ities\pgfkeyslibraryfiltered.code.tex
\pgfkeys@tmptoks=\toks30
))
\pgf@x=\dimen179
\pgf@y=\dimen180
\pgf@xa=\dimen181
\pgf@ya=\dimen182
\pgf@xb=\dimen183
\pgf@yb=\dimen184
\pgf@xc=\dimen185
\pgf@yc=\dimen186
\pgf@xd=\dimen187
\pgf@yd=\dimen188
\w@pgf@writea=\write3
\r@pgf@reada=\read2
\c@pgf@counta=\count300
\c@pgf@countb=\count301
\c@pgf@countc=\count302
\c@pgf@countd=\count303
\t@pgf@toka=\toks31
\t@pgf@tokb=\toks32
\t@pgf@tokc=\toks33
\pgf@sys@id@count=\count304

(C:\Users\HP.LAPTOP-VKB5R2K8\AppData\Local\Programs\MiKTeX\tex/generic/pgf/syst
emlayer\pgf.cfg
File: pgf.cfg 2023-01-15 v3.1.10 (3.1.10)
)
Driver file for pgf: pgfsys-pdftex.def

(C:\Users\HP.LAPTOP-VKB5R2K8\AppData\Local\Programs\MiKTeX\tex/generic/pgf/syst
emlayer\pgfsys-pdftex.def
File: pgfsys-pdftex.def 2023-01-15 v3.1.10 (3.1.10)

(C:\Users\HP.LAPTOP-VKB5R2K8\AppData\Local\Programs\MiKTeX\tex/generic/pgf/syst
emlayer\pgfsys-common-pdf.def
File: pgfsys-common-pdf.def 2023-01-15 v3.1.10 (3.1.10)
)))
(C:\Users\HP.LAPTOP-VKB5R2K8\AppData\Local\Programs\MiKTeX\tex/generic/pgf/syst
emlayer\pgfsyssoftpath.code.tex
File: pgfsyssoftpath.code.tex 2023-01-15 v3.1.10 (3.1.10)
\pgfsyssoftpath@smallbuffer@items=\count305
\pgfsyssoftpath@bigbuffer@items=\count306
)
(C:\Users\HP.LAPTOP-VKB5R2K8\AppData\Local\Programs\MiKTeX\tex/generic/pgf/syst
emlayer\pgfsysprotocol.code.tex
File: pgfsysprotocol.code.tex 2023-01-15 v3.1.10 (3.1.10)
))
(C:\Users\HP.LAPTOP-VKB5R2K8\AppData\Local\Programs\MiKTeX\tex/latex/xcolor\xco
lor.sty
Package: xcolor 2023/11/15 v3.01 LaTeX color extensions (UK)

(C:\Users\HP.LAPTOP-VKB5R2K8\AppData\Local\Programs\MiKTeX\tex/latex/graphics-c
fg\color.cfg
File: color.cfg 2016/01/02 v1.6 sample color configuration
)
Package xcolor Info: Driver file: pdftex.def on input line 274.

(C:\Users\HP.LAPTOP-VKB5R2K8\AppData\Local\Programs\MiKTeX\tex/latex/graphics\m
athcolor.ltx)
Package xcolor Info: Model `cmy' substituted by `cmy0' on input line 1350.
Package xcolor Info: Model `hsb' substituted by `rgb' on input line 1354.
Package xcolor Info: Model `RGB' extended on input line 1366.
Package xcolor Info: Model `HTML' substituted by `rgb' on input line 1368.
Package xcolor Info: Model `Hsb' substituted by `hsb' on input line 1369.
Package xcolor Info: Model `tHsb' substituted by `hsb' on input line 1370.
Package xcolor Info: Model `HSB' substituted by `hsb' on input line 1371.
Package xcolor Info: Model `Gray' substituted by `gray' on input line 1372.
Package xcolor Info: Model `wave' substituted by `hsb' on input line 1373.
)
(C:\Users\HP.LAPTOP-VKB5R2K8\AppData\Local\Programs\MiKTeX\tex/generic/pgf/basi
clayer\pgfcore.code.tex
Package: pgfcore 2023-01-15 v3.1.10 (3.1.10)

(C:\Users\HP.LAPTOP-VKB5R2K8\AppData\Local\Programs\MiKTeX\tex/generic/pgf/math
\pgfmath.code.tex
(C:\Users\HP.LAPTOP-VKB5R2K8\AppData\Local\Programs\MiKTeX\tex/generic/pgf/math
\pgfmathutil.code.tex)
(C:\Users\HP.LAPTOP-VKB5R2K8\AppData\Local\Programs\MiKTeX\tex/generic/pgf/math
\pgfmathparser.code.tex
\pgfmath@dimen=\dimen189
\pgfmath@count=\count307
\pgfmath@box=\box58
\pgfmath@toks=\toks34
\pgfmath@stack@operand=\toks35
\pgfmath@stack@operation=\toks36
)
(C:\Users\HP.LAPTOP-VKB5R2K8\AppData\Local\Programs\MiKTeX\tex/generic/pgf/math
\pgfmathfunctions.code.tex)
(C:\Users\HP.LAPTOP-VKB5R2K8\AppData\Local\Programs\MiKTeX\tex/generic/pgf/math
\pgfmathfunctions.basic.code.tex)
(C:\Users\HP.LAPTOP-VKB5R2K8\AppData\Local\Programs\MiKTeX\tex/generic/pgf/math
\pgfmathfunctions.trigonometric.code.tex)
(C:\Users\HP.LAPTOP-VKB5R2K8\AppData\Local\Programs\MiKTeX\tex/generic/pgf/math
\pgfmathfunctions.random.code.tex)
(C:\Users\HP.LAPTOP-VKB5R2K8\AppData\Local\Programs\MiKTeX\tex/generic/pgf/math
\pgfmathfunctions.comparison.code.tex)
(C:\Users\HP.LAPTOP-VKB5R2K8\AppData\Local\Programs\MiKTeX\tex/generic/pgf/math
\pgfmathfunctions.base.code.tex)
(C:\Users\HP.LAPTOP-VKB5R2K8\AppData\Local\Programs\MiKTeX\tex/generic/pgf/math
\pgfmathfunctions.round.code.tex)
(C:\Users\HP.LAPTOP-VKB5R2K8\AppData\Local\Programs\MiKTeX\tex/generic/pgf/math
\pgfmathfunctions.misc.code.tex)
(C:\Users\HP.LAPTOP-VKB5R2K8\AppData\Local\Programs\MiKTeX\tex/generic/pgf/math
\pgfmathfunctions.integerarithmetics.code.tex)
(C:\Users\HP.LAPTOP-VKB5R2K8\AppData\Local\Programs\MiKTeX\tex/generic/pgf/math
\pgfmathcalc.code.tex)
(C:\Users\HP.LAPTOP-VKB5R2K8\AppData\Local\Programs\MiKTeX\tex/generic/pgf/math
\pgfmathfloat.code.tex
\c@pgfmathroundto@lastzeros=\count308
))
(C:\Users\HP.LAPTOP-VKB5R2K8\AppData\Local\Programs\MiKTeX\tex/generic/pgf/math
\pgfint.code.tex)
(C:\Users\HP.LAPTOP-VKB5R2K8\AppData\Local\Programs\MiKTeX\tex/generic/pgf/basi
clayer\pgfcorepoints.code.tex
File: pgfcorepoints.code.tex 2023-01-15 v3.1.10 (3.1.10)
\pgf@picminx=\dimen190
\pgf@picmaxx=\dimen191
\pgf@picminy=\dimen192
\pgf@picmaxy=\dimen193
\pgf@pathminx=\dimen194
\pgf@pathmaxx=\dimen195
\pgf@pathminy=\dimen196
\pgf@pathmaxy=\dimen197
\pgf@xx=\dimen198
\pgf@xy=\dimen199
\pgf@yx=\dimen256
\pgf@yy=\dimen257
\pgf@zx=\dimen258
\pgf@zy=\dimen259
)
(C:\Users\HP.LAPTOP-VKB5R2K8\AppData\Local\Programs\MiKTeX\tex/generic/pgf/basi
clayer\pgfcorepathconstruct.code.tex
File: pgfcorepathconstruct.code.tex 2023-01-15 v3.1.10 (3.1.10)
\pgf@path@lastx=\dimen260
\pgf@path@lasty=\dimen261
)
(C:\Users\HP.LAPTOP-VKB5R2K8\AppData\Local\Programs\MiKTeX\tex/generic/pgf/basi
clayer\pgfcorepathusage.code.tex
File: pgfcorepathusage.code.tex 2023-01-15 v3.1.10 (3.1.10)
\pgf@shorten@end@additional=\dimen262
\pgf@shorten@start@additional=\dimen263
)
(C:\Users\HP.LAPTOP-VKB5R2K8\AppData\Local\Programs\MiKTeX\tex/generic/pgf/basi
clayer\pgfcorescopes.code.tex
File: pgfcorescopes.code.tex 2023-01-15 v3.1.10 (3.1.10)
\pgfpic=\box59
\pgf@hbox=\box60
\pgf@layerbox@main=\box61
\pgf@picture@serial@count=\count309
)
(C:\Users\HP.LAPTOP-VKB5R2K8\AppData\Local\Programs\MiKTeX\tex/generic/pgf/basi
clayer\pgfcoregraphicstate.code.tex
File: pgfcoregraphicstate.code.tex 2023-01-15 v3.1.10 (3.1.10)
\pgflinewidth=\dimen264
)
(C:\Users\HP.LAPTOP-VKB5R2K8\AppData\Local\Programs\MiKTeX\tex/generic/pgf/basi
clayer\pgfcoretransformations.code.tex
File: pgfcoretransformations.code.tex 2023-01-15 v3.1.10 (3.1.10)
\pgf@pt@x=\dimen265
\pgf@pt@y=\dimen266
\pgf@pt@temp=\dimen267
)
(C:\Users\HP.LAPTOP-VKB5R2K8\AppData\Local\Programs\MiKTeX\tex/generic/pgf/basi
clayer\pgfcorequick.code.tex
File: pgfcorequick.code.tex 2023-01-15 v3.1.10 (3.1.10)
)
(C:\Users\HP.LAPTOP-VKB5R2K8\AppData\Local\Programs\MiKTeX\tex/generic/pgf/basi
clayer\pgfcoreobjects.code.tex
File: pgfcoreobjects.code.tex 2023-01-15 v3.1.10 (3.1.10)
)
(C:\Users\HP.LAPTOP-VKB5R2K8\AppData\Local\Programs\MiKTeX\tex/generic/pgf/basi
clayer\pgfcorepathprocessing.code.tex
File: pgfcorepathprocessing.code.tex 2023-01-15 v3.1.10 (3.1.10)
)
(C:\Users\HP.LAPTOP-VKB5R2K8\AppData\Local\Programs\MiKTeX\tex/generic/pgf/basi
clayer\pgfcorearrows.code.tex
File: pgfcorearrows.code.tex 2023-01-15 v3.1.10 (3.1.10)
\pgfarrowsep=\dimen268
)
(C:\Users\HP.LAPTOP-VKB5R2K8\AppData\Local\Programs\MiKTeX\tex/generic/pgf/basi
clayer\pgfcoreshade.code.tex
File: pgfcoreshade.code.tex 2023-01-15 v3.1.10 (3.1.10)
\pgf@max=\dimen269
\pgf@sys@shading@range@num=\count310
\pgf@shadingcount=\count311
)
(C:\Users\HP.LAPTOP-VKB5R2K8\AppData\Local\Programs\MiKTeX\tex/generic/pgf/basi
clayer\pgfcoreimage.code.tex
File: pgfcoreimage.code.tex 2023-01-15 v3.1.10 (3.1.10)
)
(C:\Users\HP.LAPTOP-VKB5R2K8\AppData\Local\Programs\MiKTeX\tex/generic/pgf/basi
clayer\pgfcoreexternal.code.tex
File: pgfcoreexternal.code.tex 2023-01-15 v3.1.10 (3.1.10)
\pgfexternal@startupbox=\box62
)
(C:\Users\HP.LAPTOP-VKB5R2K8\AppData\Local\Programs\MiKTeX\tex/generic/pgf/basi
clayer\pgfcorelayers.code.tex
File: pgfcorelayers.code.tex 2023-01-15 v3.1.10 (3.1.10)
)
(C:\Users\HP.LAPTOP-VKB5R2K8\AppData\Local\Programs\MiKTeX\tex/generic/pgf/basi
clayer\pgfcoretransparency.code.tex
File: pgfcoretransparency.code.tex 2023-01-15 v3.1.10 (3.1.10)
)
(C:\Users\HP.LAPTOP-VKB5R2K8\AppData\Local\Programs\MiKTeX\tex/generic/pgf/basi
clayer\pgfcorepatterns.code.tex
File: pgfcorepatterns.code.tex 2023-01-15 v3.1.10 (3.1.10)
)
(C:\Users\HP.LAPTOP-VKB5R2K8\AppData\Local\Programs\MiKTeX\tex/generic/pgf/basi
clayer\pgfcorerdf.code.tex
File: pgfcorerdf.code.tex 2023-01-15 v3.1.10 (3.1.10)
)))
(C:\Users\HP.LAPTOP-VKB5R2K8\AppData\Local\Programs\MiKTeX\tex/generic/pgf/modu
les\pgfmoduleshapes.code.tex
File: pgfmoduleshapes.code.tex 2023-01-15 v3.1.10 (3.1.10)
\pgfnodeparttextbox=\box63
)
(C:\Users\HP.LAPTOP-VKB5R2K8\AppData\Local\Programs\MiKTeX\tex/generic/pgf/modu
les\pgfmoduleplot.code.tex
File: pgfmoduleplot.code.tex 2023-01-15 v3.1.10 (3.1.10)
)
(C:\Users\HP.LAPTOP-VKB5R2K8\AppData\Local\Programs\MiKTeX\tex/latex/pgf/compat
ibility\pgfcomp-version-0-65.sty
Package: pgfcomp-version-0-65 2023-01-15 v3.1.10 (3.1.10)
\pgf@nodesepstart=\dimen270
\pgf@nodesepend=\dimen271
)
(C:\Users\HP.LAPTOP-VKB5R2K8\AppData\Local\Programs\MiKTeX\tex/latex/pgf/compat
ibility\pgfcomp-version-1-18.sty
Package: pgfcomp-version-1-18 2023-01-15 v3.1.10 (3.1.10)
))
(C:\Users\HP.LAPTOP-VKB5R2K8\AppData\Local\Programs\MiKTeX\tex/latex/pgf/utilit
ies\pgffor.sty
(C:\Users\HP.LAPTOP-VKB5R2K8\AppData\Local\Programs\MiKTeX\tex/latex/pgf/utilit
ies\pgfkeys.sty
(C:\Users\HP.LAPTOP-VKB5R2K8\AppData\Local\Programs\MiKTeX\tex/generic/pgf/util
ities\pgfkeys.code.tex))
(C:\Users\HP.LAPTOP-VKB5R2K8\AppData\Local\Programs\MiKTeX\tex/latex/pgf/math\p
gfmath.sty
(C:\Users\HP.LAPTOP-VKB5R2K8\AppData\Local\Programs\MiKTeX\tex/generic/pgf/math
\pgfmath.code.tex))
(C:\Users\HP.LAPTOP-VKB5R2K8\AppData\Local\Programs\MiKTeX\tex/generic/pgf/util
ities\pgffor.code.tex
Package: pgffor 2023-01-15 v3.1.10 (3.1.10)
\pgffor@iter=\dimen272
\pgffor@skip=\dimen273
\pgffor@stack=\toks37
\pgffor@toks=\toks38
))
(C:\Users\HP.LAPTOP-VKB5R2K8\AppData\Local\Programs\MiKTeX\tex/generic/pgf/fron
tendlayer/tikz\tikz.code.tex
Package: tikz 2023-01-15 v3.1.10 (3.1.10)

(C:\Users\HP.LAPTOP-VKB5R2K8\AppData\Local\Programs\MiKTeX\tex/generic/pgf/libr
aries\pgflibraryplothandlers.code.tex
File: pgflibraryplothandlers.code.tex 2023-01-15 v3.1.10 (3.1.10)
\pgf@plot@mark@count=\count312
\pgfplotmarksize=\dimen274
)
\tikz@lastx=\dimen275
\tikz@lasty=\dimen276
\tikz@lastxsaved=\dimen277
\tikz@lastysaved=\dimen278
\tikz@lastmovetox=\dimen279
\tikz@lastmovetoy=\dimen280
\tikzleveldistance=\dimen281
\tikzsiblingdistance=\dimen282
\tikz@figbox=\box64
\tikz@figbox@bg=\box65
\tikz@tempbox=\box66
\tikz@tempbox@bg=\box67
\tikztreelevel=\count313
\tikznumberofchildren=\count314
\tikznumberofcurrentchild=\count315
\tikz@fig@count=\count316

(C:\Users\HP.LAPTOP-VKB5R2K8\AppData\Local\Programs\MiKTeX\tex/generic/pgf/modu
les\pgfmodulematrix.code.tex
File: pgfmodulematrix.code.tex 2023-01-15 v3.1.10 (3.1.10)
\pgfmatrixcurrentrow=\count317
\pgfmatrixcurrentcolumn=\count318
\pgf@matrix@numberofcolumns=\count319
)
\tikz@expandcount=\count320

(C:\Users\HP.LAPTOP-VKB5R2K8\AppData\Local\Programs\MiKTeX\tex/generic/pgf/fron
tendlayer/tikz/libraries\tikzlibrarytopaths.code.tex
File: tikzlibrarytopaths.code.tex 2023-01-15 v3.1.10 (3.1.10)
)))
(C:\Users\HP.LAPTOP-VKB5R2K8\AppData\Local\Programs\MiKTeX\tex/generic/pgf/fron
tendlayer/tikz/libraries\tikzlibraryarrows.code.tex
File: tikzlibraryarrows.code.tex 2023-01-15 v3.1.10 (3.1.10)

(C:\Users\HP.LAPTOP-VKB5R2K8\AppData\Local\Programs\MiKTeX\tex/generic/pgf/libr
aries\pgflibraryarrows.code.tex
File: pgflibraryarrows.code.tex 2023-01-15 v3.1.10 (3.1.10)
\arrowsize=\dimen283
))
(C:\Users\HP.LAPTOP-VKB5R2K8\AppData\Local\Programs\MiKTeX\tex/generic/pgf/fron
tendlayer/tikz/libraries\tikzlibrarycalc.code.tex
File: tikzlibrarycalc.code.tex 2023-01-15 v3.1.10 (3.1.10)
)
(C:\Users\HP.LAPTOP-VKB5R2K8\AppData\Local\Programs\MiKTeX\tex/generic/pgf/fron
tendlayer/tikz/libraries\tikzlibrarydecorations.markings.code.tex
(C:\Users\HP.LAPTOP-VKB5R2K8\AppData\Local\Programs\MiKTeX\tex/generic/pgf/fron
tendlayer/tikz/libraries\tikzlibrarydecorations.code.tex
(C:\Users\HP.LAPTOP-VKB5R2K8\AppData\Local\Programs\MiKTeX\tex/generic/pgf/modu
les\pgfmoduledecorations.code.tex
\pgfdecoratedcompleteddistance=\dimen284
\pgfdecoratedremainingdistance=\dimen285
\pgfdecoratedinputsegmentcompleteddistance=\dimen286
\pgfdecoratedinputsegmentremainingdistance=\dimen287
\pgf@decorate@distancetomove=\dimen288
\pgf@decorate@repeatstate=\count321
\pgfdecorationsegmentamplitude=\dimen289
\pgfdecorationsegmentlength=\dimen290
)
\tikz@lib@dec@box=\box68
)
(C:\Users\HP.LAPTOP-VKB5R2K8\AppData\Local\Programs\MiKTeX\tex/generic/pgf/libr
aries/decorations\pgflibrarydecorations.markings.code.tex))
(C:\Users\HP.LAPTOP-VKB5R2K8\AppData\Local\Programs\MiKTeX\tex/generic/pgf/fron
tendlayer/tikz/libraries\tikzlibrarymath.code.tex
(C:\Users\HP.LAPTOP-VKB5R2K8\AppData\Local\Programs\MiKTeX\tex/generic/pgf/fron
tendlayer/tikz/libraries\tikzlibraryfpu.code.tex
(C:\Users\HP.LAPTOP-VKB5R2K8\AppData\Local\Programs\MiKTeX\tex/generic/pgf/libr
aries\pgflibraryfpu.code.tex))
\tikz@math@for@depth=\count322
\tikz@math@dimen=\dimen291
\tikz@math@toks=\toks39
)
(C:\Users\HP.LAPTOP-VKB5R2K8\AppData\Local\Programs\MiKTeX\tex/generic/pgf/libr
aries\pgflibraryarrows.meta.code.tex
File: pgflibraryarrows.meta.code.tex 2023-01-15 v3.1.10 (3.1.10)
\pgfarrowinset=\dimen292
\pgfarrowlength=\dimen293
\pgfarrowwidth=\dimen294
\pgfarrowlinewidth=\dimen295
)
(C:\Users\HP.LAPTOP-VKB5R2K8\AppData\Local\Programs\MiKTeX\tex/latex/graphics\r
otating.sty
Package: rotating 2016/08/11 v2.16d rotated objects in LaTeX

(C:\Users\HP.LAPTOP-VKB5R2K8\AppData\Local\Programs\MiKTeX\tex/latex/base\ifthe
n.sty
Package: ifthen 2022/04/13 v1.1d Standard LaTeX ifthen package (DPC)
)
\c@r@tfl@t=\count323
\rotFPtop=\skip63
\rotFPbot=\skip64
\rot@float@box=\box69
\rot@mess@toks=\toks40
)
(C:\Users\HP.LAPTOP-VKB5R2K8\AppData\Local\Programs\MiKTeX\tex/latex/overpic\ov
erpic.sty
Package: overpic 2024/01/06 2.1 picture overlays (RN)

(C:\Users\HP.LAPTOP-VKB5R2K8\AppData\Local\Programs\MiKTeX\tex/latex/eepic\epic
.sty
Enhancements to Picture Environment. Version 1.2 - Released June 1, 1986
\@@multicnt=\count324
\d@lta=\count325
\@delta=\dimen296
\@@delta=\dimen297
\@gridcnt=\count326
\@joinkind=\count327
\@dotgap=\dimen298
\@ddotgap=\dimen299
\@x@diff=\count328
\@y@diff=\count329
\x@diff=\dimen300
\y@diff=\dimen301
\@dotbox=\box70
\num@segments=\count330
\num@segmentsi=\count331
\@datafile=\read3
)
\OVP@box=\box71
)
(C:\Users\HP.LAPTOP-VKB5R2K8\AppData\Local\Programs\MiKTeX\tex/latex/base\input
enc.sty
Package: inputenc 2021/02/14 v1.3d Input encoding file
\inpenc@prehook=\toks41
\inpenc@posthook=\toks42
)
(C:\Users\HP.LAPTOP-VKB5R2K8\AppData\Local\Programs\MiKTeX\tex/latex/colortbl\c
olortbl.sty
Package: colortbl 2024/02/20 v1.0g Color table columns (DPC)
\everycr=\toks43
\minrowclearance=\skip65
\rownum=\count332
)
(C:\Users\HP.LAPTOP-VKB5R2K8\AppData\Local\Programs\MiKTeX\tex/latex/listings\l
istings.sty
\lst@mode=\count333
\lst@gtempboxa=\box72
\lst@token=\toks44
\lst@length=\count334
\lst@currlwidth=\dimen302
\lst@column=\count335
\lst@pos=\count336
\lst@lostspace=\dimen303
\lst@width=\dimen304
\lst@newlines=\count337
\lst@lineno=\count338
\lst@maxwidth=\dimen305

(C:\Users\HP.LAPTOP-VKB5R2K8\AppData\Local\Programs\MiKTeX\tex/latex/listings\l
stmisc.sty
File: lstmisc.sty 2023/02/27 1.9 (Carsten Heinz)
\c@lstnumber=\count339
\lst@skipnumbers=\count340
\lst@framebox=\box73
)
(C:\Users\HP.LAPTOP-VKB5R2K8\AppData\Local\Programs\MiKTeX\tex/latex/listings\l
istings.cfg
File: listings.cfg 2023/02/27 1.9 listings configuration
))
Package: listings 2023/02/27 1.9 (Carsten Heinz)

(C:\Users\HP.LAPTOP-VKB5R2K8\AppData\Local\Programs\MiKTeX\tex/latex/matlab-pre
ttifier\matlab-prettifier.sty
Package: matlab-prettifier 2014/06/19 v0.3 A package for prettyprinting Matlab 
source code

(C:\Users\HP.LAPTOP-VKB5R2K8\AppData\Local\Programs\MiKTeX\tex/latex/base\textc
omp.sty
Package: textcomp 2020/02/02 v2.0n Standard LaTeX package
)
\netBracketCount@mlpr=\count341
\blkLvl@mlpr=\count342
\blkLvlAtClassdef@mlpr=\count343
\emHeight@mlpr=\skip66
\jayDepth@mlpr=\skip67
\sectionRuleOffset@mlpr=\skip68
\toks@mlpr=\toks45
)
(C:\Users\HP.LAPTOP-VKB5R2K8\AppData\Local\Programs\MiKTeX\tex/latex/enumitem\e
numitem.sty
Package: enumitem 2019/06/20 v3.9 Customized lists
\labelindent=\skip69
\enit@outerparindent=\dimen306
\enit@toks=\toks46
\enit@inbox=\box74
\enit@count@id=\count344
\enitdp@description=\count345
)
(C:\Users\HP.LAPTOP-VKB5R2K8\AppData\Local\Programs\MiKTeX\tex/latex/siunitx\si
unitx.sty
Package: siunitx 2024-02-15 v3.3.12 A comprehensive (SI) units package
\l__siunitx_number_uncert_offset_int=\count346
\l__siunitx_number_exponent_fixed_int=\count347
\l__siunitx_number_min_decimal_int=\count348
\l__siunitx_number_min_integer_int=\count349
\l__siunitx_number_round_precision_int=\count350
\l__siunitx_number_lower_threshold_int=\count351
\l__siunitx_number_upper_threshold_int=\count352
\l__siunitx_number_group_first_int=\count353
\l__siunitx_number_group_size_int=\count354
\l__siunitx_number_group_minimum_int=\count355
\l__siunitx_angle_tmp_dim=\dimen307
\l__siunitx_angle_marker_box=\box75
\l__siunitx_angle_unit_box=\box76
\l__siunitx_compound_count_int=\count356

(C:\Users\HP.LAPTOP-VKB5R2K8\AppData\Local\Programs\MiKTeX\tex/latex/translatio
ns\translations.sty
Package: translations 2022/02/05 v1.12 internationalization of LaTeX2e packages
 (CN)
)
\l__siunitx_table_tmp_box=\box77
\l__siunitx_table_tmp_dim=\dimen308
\l__siunitx_table_column_width_dim=\dimen309
\l__siunitx_table_integer_box=\box78
\l__siunitx_table_decimal_box=\box79
\l__siunitx_table_uncert_box=\box80
\l__siunitx_table_before_box=\box81
\l__siunitx_table_after_box=\box82
\l__siunitx_table_before_dim=\dimen310
\l__siunitx_table_carry_dim=\dimen311
\l__siunitx_unit_tmp_int=\count357
\l__siunitx_unit_position_int=\count358
\l__siunitx_unit_total_int=\count359
)

Package siunitx Info: Option "detect-weight" has been deprecated in this
(siunitx)             release.
(siunitx)             
(siunitx)             Use "reset-text-series = false, text-series-to-math =
(siunitx)             true" as a replacement.

Package translations Info: No language package found. I am going to use `englis
h' as default language. on input line 116.

(C:\Users\HP.LAPTOP-VKB5R2K8\AppData\Local\Programs\MiKTeX\tex/latex/l3backend\
l3backend-pdftex.def
File: l3backend-pdftex.def 2024-01-04 L3 backend support: PDF output (pdfTeX)
\l__color_backend_stack_int=\count360
\l__pdf_internal_box=\box83
) (MGR_Wojciech_Rogalski.aux (przeglad_literatury/wstep.aux) (przeglad_literatu
ry/predictive.aux) (przeglad_literatury/fuzzy_logic.aux)
(przeglad_literatury/hamm_wien.aux) (zbiorniki/wstep.aux)
(zbiorniki/identyfikacja.aux) (zbiorniki/hammerstein.aux) (zbiorniki/wiener.aux
) (przeglad_literatury/bibliografia.aux))
\openout1 = `MGR_Wojciech_Rogalski.aux'.

LaTeX Font Info:    Checking defaults for OML/cmm/m/it on input line 116.
LaTeX Font Info:    ... okay on input line 116.
LaTeX Font Info:    Checking defaults for OMS/cmsy/m/n on input line 116.
LaTeX Font Info:    ... okay on input line 116.
LaTeX Font Info:    Checking defaults for OT1/cmr/m/n on input line 116.
LaTeX Font Info:    ... okay on input line 116.
LaTeX Font Info:    Checking defaults for T1/cmr/m/n on input line 116.
LaTeX Font Info:    ... okay on input line 116.
LaTeX Font Info:    Checking defaults for TS1/cmr/m/n on input line 116.
LaTeX Font Info:    ... okay on input line 116.
LaTeX Font Info:    Checking defaults for OMX/cmex/m/n on input line 116.
LaTeX Font Info:    ... okay on input line 116.
LaTeX Font Info:    Checking defaults for U/cmr/m/n on input line 116.
LaTeX Font Info:    ... okay on input line 116.
LaTeX Font Info:    Checking defaults for OT4/cmr/m/n on input line 116.
LaTeX Font Info:    ... okay on input line 116.
LaTeX Font Info:    Checking defaults for PD1/pdf/m/n on input line 116.
LaTeX Font Info:    ... okay on input line 116.
LaTeX Font Info:    Checking defaults for PU/pdf/m/n on input line 116.
LaTeX Font Info:    ... okay on input line 116.

*geometry* driver: auto-detecting
*geometry* detected driver: pdftex
*geometry* verbose mode - [ preamble ] result:
* driver: pdftex
* paper: a4paper
* layout: <same size as paper>
* layoutoffset:(h,v)=(0.0pt,0.0pt)
* modes: 
* h-part:(L,W,R)=(71.13188pt, 455.24411pt, 71.13188pt)
* v-part:(T,H,B)=(71.13188pt, 702.78308pt, 71.13188pt)
* \paperwidth=597.50787pt
* \paperheight=845.04684pt
* \textwidth=455.24408pt
* \textheight=702.78307pt
* \oddsidemargin=-1.1381pt
* \evensidemargin=-1.1381pt
* \topmargin=-30.33812pt
* \headheight=13.6pt
* \headsep=15.6pt
* \topskip=11.0pt
* \footskip=27.20001pt
* \marginparwidth=0.0pt
* \marginparsep=0.0pt
* \columnsep=25.6802pt
* \skip\footins=10.0pt plus 4.0pt minus 2.0pt
* \hoffset=0.0pt
* \voffset=0.0pt
* \mag=1000
* \@twocolumnfalse
* \@twosidefalse
* \@mparswitchfalse
* \@reversemarginfalse
* (1in=72.27pt=25.4mm, 1cm=28.453pt)

Package hyperref Info: Link coloring OFF on input line 116.
(MGR_Wojciech_Rogalski.out) (MGR_Wojciech_Rogalski.out)
\@outlinefile=\write4
\openout4 = `MGR_Wojciech_Rogalski.out'.


(C:\Users\HP.LAPTOP-VKB5R2K8\AppData\Local\Programs\MiKTeX\tex/context/base/mki
i\supp-pdf.mkii
[Loading MPS to PDF converter (version 2006.09.02).]
\scratchcounter=\count361
\scratchdimen=\dimen312
\scratchbox=\box84
\nofMPsegments=\count362
\nofMParguments=\count363
\everyMPshowfont=\toks47
\MPscratchCnt=\count364
\MPscratchDim=\dimen313
\MPnumerator=\count365
\makeMPintoPDFobject=\count366
\everyMPtoPDFconversion=\toks48
)
(C:\Users\HP.LAPTOP-VKB5R2K8\AppData\Local\Programs\MiKTeX\tex/latex/epstopdf-p
kg\epstopdf-base.sty
Package: epstopdf-base 2020-01-24 v2.11 Base part for package epstopdf
Package epstopdf-base Info: Redefining graphics rule for `.eps' on input line 4
85.

(C:\Users\HP.LAPTOP-VKB5R2K8\AppData\Local\Programs\MiKTeX\tex/latex/00miktex\e
pstopdf-sys.cfg
File: epstopdf-sys.cfg 2021/03/18 v2.0 Configuration of epstopdf for MiKTeX
))
Package caption Info: Begin \AtBeginDocument code.
Package caption Info: subfig package v1.3 is loaded.
Package caption Info: listings package is loaded.
Package caption Info: rotating package is loaded.
Package caption Info: End \AtBeginDocument code.
\c@lstlisting=\count367

(C:\Users\HP.LAPTOP-VKB5R2K8\AppData\Local\Programs\MiKTeX\tex/latex/translatio
ns/dicts\translations-basic-dictionary-english.trsl
File: translations-basic-dictionary-english.trsl (english translation file `tra
nslations-basic-dictionary')
)
Package translations Info: loading dictionary `translations-basic-dictionary' f
or `english'. on input line 116.
LaTeX Font Info:    Trying to load font information for OML+plm on input line 1
55.

(C:\Users\HP.LAPTOP-VKB5R2K8\AppData\Local\Programs\MiKTeX\tex/latex/polski\oml
plm.fd
File: omlplm.fd 2008/02/24 v1.2.1 Font defs for fonts PL (MW)
)
LaTeX Font Info:    Trying to load font information for OMS+plsy on input line 
155.

(C:\Users\HP.LAPTOP-VKB5R2K8\AppData\Local\Programs\MiKTeX\tex/latex/polski\oms
plsy.fd
File: omsplsy.fd 2008/02/24 v1.2.1 Font defs for fonts PL (MW)
)
LaTeX Font Info:    Trying to load font information for OMX+plex on input line 
155.

(C:\Users\HP.LAPTOP-VKB5R2K8\AppData\Local\Programs\MiKTeX\tex/latex/polski\omx
plex.fd
File: omxplex.fd 2008/02/24 v1.2.1 Font defs for fonts PL (MW)
)
LaTeX Font Info:    External font `plex10' loaded for size
(Font)              <10.95> on input line 155.
LaTeX Font Info:    External font `plex10' loaded for size
(Font)              <8> on input line 155.
LaTeX Font Info:    External font `plex10' loaded for size
(Font)              <6> on input line 155.
LaTeX Font Info:    Trying to load font information for U+msa on input line 155
.

(C:\Users\HP.LAPTOP-VKB5R2K8\AppData\Local\Programs\MiKTeX\tex/latex/amsfonts\u
msa.fd
File: umsa.fd 2013/01/14 v3.01 AMS symbols A
)
LaTeX Font Info:    Trying to load font information for U+msb on input line 155
.

(C:\Users\HP.LAPTOP-VKB5R2K8\AppData\Local\Programs\MiKTeX\tex/latex/amsfonts\u
msb.fd
File: umsb.fd 2013/01/14 v3.01 AMS symbols B
) [1

{C:/Users/HP.LAPTOP-VKB5R2K8/AppData/Local/MiKTeX/fonts/map/pdftex/pdftex.map}{
C:/Users/HP.LAPTOP-VKB5R2K8/AppData/Local/Programs/MiKTeX/fonts/enc/dvips/pl/pl
rm.enc}] (MGR_Wojciech_Rogalski.toc
LaTeX Font Info:    External font `plex10' loaded for size
(Font)              <10> on input line 1.
LaTeX Font Info:    External font `plex10' loaded for size
(Font)              <7> on input line 1.
LaTeX Font Info:    External font `plex10' loaded for size
(Font)              <5> on input line 1.
)
\tf@toc=\write5
\openout5 = `MGR_Wojciech_Rogalski.toc'.


pdfTeX warning (ext4): destination with the same identifier (name{page.1}) has 
been already used, duplicate ignored
<to be read again> 
                   \relax 
l.159 \chapter{Streszczenie}
                             [1

]
Rozdzia\PlPrIeC {\l } 1.
[2

]
Rozdzia\PlPrIeC {\l } 2.
[3

]
\openout2 = `przeglad_literatury/wstep.aux'.

 (przeglad_literatury/wstep.tex
Rozdzia\PlPrIeC {\l } 3.
) [4


{C:/Users/HP.LAPTOP-VKB5R2K8/AppData/Local/Programs/MiKTeX/fonts/enc/dvips/pl/p
lit.enc}]
\openout2 = `przeglad_literatury/predictive.aux'.

 (przeglad_literatury/predictive.tex
<pictures/warstwy.png, id=202, 340.27126pt x 328.22626pt>
File: pictures/warstwy.png Graphic file (type png)
<use pictures/warstwy.png>
Package pdftex.def Info: pictures/warstwy.png  used on input line 6.
(pdftex.def)             Requested size: 227.62204pt x 219.56487pt.
 [5



{C:/Users/HP.LAPTOP-VKB5R2K8/AppData/Local/Programs/MiKTeX/fonts/enc/dvips/pl/p
lmi.enc}{C:/Users/HP.LAPTOP-VKB5R2K8/AppData/Local/Programs/MiKTeX/fonts/enc/dv
ips/pl/plms.enc}{C:/Users/HP.LAPTOP-VKB5R2K8/AppData/Local/Programs/MiKTeX/font
s/enc/dvips/pl/plme.enc} <./pictures/warstwy.png>]
<pictures/mpc.png, id=224, 385.44pt x 412.54124pt>
File: pictures/mpc.png Graphic file (type png)
<use pictures/mpc.png>
Package pdftex.def Info: pictures/mpc.png  used on input line 35.
(pdftex.def)             Requested size: 295.90587pt x 316.70721pt.
LaTeX Font Info:    External font `plex10' loaded for size
(Font)              <9> on input line 42.
 [6 <./pictures/mpc.png>]
<pictures/step_response.png, id=243, 280.04625pt x 168.63pt>
File: pictures/step_response.png Graphic file (type png)
<use pictures/step_response.png>
Package pdftex.def Info: pictures/step_response.png  used on input line 74.
(pdftex.def)             Requested size: 341.43306pt x 205.6022pt.
 [7 <./pictures/step_response.png>] [8] [9]) [10]
\openout2 = `przeglad_literatury/fuzzy_logic.aux'.

 (przeglad_literatury/fuzzy_logic.tex
<pictures/crisp.png, id=301, 231.86626pt x 123.46124pt>
File: pictures/crisp.png Graphic file (type png)
<use pictures/crisp.png>
Package pdftex.def Info: pictures/crisp.png  used on input line 13.
(pdftex.def)             Requested size: 227.62204pt x 121.20404pt.
<pictures/fuzzy.png, id=306, 231.86626pt x 126.4725pt>
File: pictures/fuzzy.png Graphic file (type png)
<use pictures/fuzzy.png>
Package pdftex.def Info: pictures/fuzzy.png  used on input line 31.
(pdftex.def)             Requested size: 227.62204pt x 124.16026pt.
 [11



 <./pictures/crisp.png> <./pictures/fuzzy.png>]
<pictures/fuzzy_set.png, id=318, 334.24875pt x 207.77625pt>
File: pictures/fuzzy_set.png Graphic file (type png)
<use pictures/fuzzy_set.png>
Package pdftex.def Info: pictures/fuzzy_set.png  used on input line 42.
(pdftex.def)             Requested size: 341.43306pt x 212.25867pt.


LaTeX Warning: Command \k invalid in math mode on input line 51.

Missing character: There is no ¦ in font plmi10!

LaTeX Warning: Command \k invalid in math mode on input line 57.

Missing character: There is no ¦ in font plmi10!

Underfull \hbox (badness 10000) in paragraph at lines 57--58

 []


LaTeX Warning: Command \k invalid in math mode on input line 58.

Missing character: There is no ¦ in font plmi10!

Underfull \hbox (badness 10000) in paragraph at lines 58--59

 []

[12 <./pictures/fuzzy_set.png>] [13]
<pictures/pdc.png, id=358, 490.83376pt x 216.81pt>
File: pictures/pdc.png Graphic file (type png)
<use pictures/pdc.png>
Package pdftex.def Info: pictures/pdc.png  used on input line 121.
(pdftex.def)             Requested size: 341.43306pt x 150.8231pt.
) [14 <./pictures/pdc.png>]
\openout2 = `przeglad_literatury/hamm_wien.aux'.


(przeglad_literatury/hamm_wien.tex
<pictures/hammerstein.png, id=371, 484.81125pt x 108.405pt>
File: pictures/hammerstein.png Graphic file (type png)
<use pictures/hammerstein.png>
Package pdftex.def Info: pictures/hammerstein.png  used on input line 6.
(pdftex.def)             Requested size: 455.24408pt x 101.79814pt.
<pictures/wiener.png, id=374, 484.81125pt x 108.405pt>
File: pictures/wiener.png Graphic file (type png)
<use pictures/wiener.png>
Package pdftex.def Info: pictures/wiener.png  used on input line 12.
(pdftex.def)             Requested size: 455.24408pt x 101.79814pt.
) [15



 <./pictures/hammerstein.png> <./pictures/wiener.png>]
\openout2 = `zbiorniki/wstep.aux'.

 (zbiorniki/wstep.tex
Rozdzia\PlPrIeC {\l } 4.

Overfull \hbox (13.74216pt too wide) detected at line 10
[][][][]
 []


Underfull \hbox (badness 10000) in paragraph at lines 26--27

 []


Underfull \hbox (badness 10000) in paragraph at lines 27--28

 []


Underfull \hbox (badness 10000) in paragraph at lines 28--29

 []


Underfull \hbox (badness 10000) in paragraph at lines 29--30

 []

[16




]
<pictures/schemat.png, id=398, 430.60875pt x 367.3725pt>
File: pictures/schemat.png Graphic file (type png)
<use pictures/schemat.png>
Package pdftex.def Info: pictures/schemat.png  used on input line 38.
(pdftex.def)             Requested size: 455.24408pt x 388.39835pt.
) [17 <./pictures/schemat.png>]
\openout2 = `zbiorniki/identyfikacja.aux'.

 (zbiorniki/identyfikacja.tex
<pictures/static_characteristic_F1.png, id=409, 422.0568pt x 316.5426pt>
File: pictures/static_characteristic_F1.png Graphic file (type png)
<use pictures/static_characteristic_F1.png>
Package pdftex.def Info: pictures/static_characteristic_F1.png  used on input l
ine 30.
(pdftex.def)             Requested size: 216.24371pt x 162.18324pt.
<pictures/static_characteristic_FD.png, id=410, 422.0568pt x 316.5426pt>
File: pictures/static_characteristic_FD.png Graphic file (type png)
<use pictures/static_characteristic_FD.png>
Package pdftex.def Info: pictures/static_characteristic_FD.png  used on input l
ine 33.
(pdftex.def)             Requested size: 216.24371pt x 162.18324pt.
 [18



 <./pictures/static_characteristic_F1.png (PNG copy)> <./pictures/static_charac
teristic_FD.png (PNG copy)>]
<pictures/static_characteristic_3D.png, id=423, 422.0568pt x 316.5426pt>
File: pictures/static_characteristic_3D.png Graphic file (type png)
<use pictures/static_characteristic_3D.png>
Package pdftex.def Info: pictures/static_characteristic_3D.png  used on input l
ine 41.
(pdftex.def)             Requested size: 455.24408pt x 341.45036pt.
 [19 <./pictures/static_characteristic_3D.png (PNG copy)>]
<pictures/wymuszenie_F1.png, id=429, 422.0568pt x 316.5426pt>
File: pictures/wymuszenie_F1.png Graphic file (type png)
<use pictures/wymuszenie_F1.png>
Package pdftex.def Info: pictures/wymuszenie_F1.png  used on input line 59.
(pdftex.def)             Requested size: 364.19664pt x 273.16318pt.

[20 <./pictures/wymuszenie_F1.png (PNG copy)>]
<pictures/wymuszenie_FD.png, id=439, 421.575pt x 316.5426pt>
File: pictures/wymuszenie_FD.png Graphic file (type png)
<use pictures/wymuszenie_FD.png>
Package pdftex.def Info: pictures/wymuszenie_FD.png  used on input line 95.
(pdftex.def)             Requested size: 364.19664pt x 273.46265pt.
) [21 <./pictures/wymuszenie_FD.png (PNG copy)>]
\openout2 = `zbiorniki/hammerstein.aux'.

 (zbiorniki/hammerstein.tex
<pictures/hamm_model.png, id=447, 358.33875pt x 63.23625pt>
File: pictures/hamm_model.png Graphic file (type png)
<use pictures/hamm_model.png>
Package pdftex.def Info: pictures/hamm_model.png  used on input line 7.
(pdftex.def)             Requested size: 455.24408pt x 80.34193pt.
 [22



 <./pictures/hamm_model.png>]
<pictures/hamm_linearFis.png, id=457, 422.0568pt x 316.5426pt>
File: pictures/hamm_linearFis.png Graphic file (type png)
<use pictures/hamm_linearFis.png>
Package pdftex.def Info: pictures/hamm_linearFis.png  used on input line 36.
(pdftex.def)             Requested size: 455.24408pt x 341.45036pt.
LaTeX Font Info:    Trying to load font information for OT4+cmtt on input line 
40.

(C:\Users\HP.LAPTOP-VKB5R2K8\AppData\Local\Programs\MiKTeX\tex/latex/polski\ot4
cmtt.fd
File: ot4cmtt.fd 2008/02/24 v1.2.1 Font defs for fonts PL (MW)
) [23{C:/Users/HP.LAPTOP-VKB5R2K8/AppData/Local/Programs/MiKTeX/fonts/enc/dvips
/pl/pltt.enc} <./pictures/hamm_linearFis.png (PNG copy)>]
<pictures/hamm_nonlinearFis.png, id=465, 422.0568pt x 316.5426pt>
File: pictures/hamm_nonlinearFis.png Graphic file (type png)
<use pictures/hamm_nonlinearFis.png>
Package pdftex.def Info: pictures/hamm_nonlinearFis.png  used on input line 74.

(pdftex.def)             Requested size: 455.24408pt x 341.45036pt.
 [24 <./pictures/hamm_nonlinearFis.png (PNG copy)>]
<pictures/sinh.png, id=474, 422.0568pt x 316.5426pt>
File: pictures/sinh.png Graphic file (type png)
<use pictures/sinh.png>
Package pdftex.def Info: pictures/sinh.png  used on input line 84.
(pdftex.def)             Requested size: 455.24408pt x 341.45036pt.
 [25 <./pictures/sinh.png (PNG copy)>]
<pictures/HammersteinLinearModel_1.png, id=483, 422.0568pt x 316.5426pt>
File: pictures/HammersteinLinearModel_1.png Graphic file (type png)
<use pictures/HammersteinLinearModel_1.png>
Package pdftex.def Info: pictures/HammersteinLinearModel_1.png  used on input l
ine 113.
(pdftex.def)             Requested size: 318.66946pt x 239.01477pt.
<pictures/HammersteinNonlinearModel_1.png, id=484, 422.0568pt x 316.5426pt>
File: pictures/HammersteinNonlinearModel_1.png Graphic file (type png)
<use pictures/HammersteinNonlinearModel_1.png>
Package pdftex.def Info: pictures/HammersteinNonlinearModel_1.png  used on inpu
t line 116.
(pdftex.def)             Requested size: 318.66946pt x 239.01477pt.
<pictures/HammersteinLinearModel_2.png, id=485, 422.0568pt x 316.5426pt>
File: pictures/HammersteinLinearModel_2.png Graphic file (type png)
<use pictures/HammersteinLinearModel_2.png>
Package pdftex.def Info: pictures/HammersteinLinearModel_2.png  used on input l
ine 124.
(pdftex.def)             Requested size: 341.43306pt x 256.08897pt.
<pictures/HammersteinNonlinearModel_2.png, id=486, 422.0568pt x 316.5426pt>
File: pictures/HammersteinNonlinearModel_2.png Graphic file (type png)
<use pictures/HammersteinNonlinearModel_2.png>
Package pdftex.def Info: pictures/HammersteinNonlinearModel_2.png  used on inpu
t line 127.
(pdftex.def)             Requested size: 341.43306pt x 256.08897pt.
<pictures/HammersteinLinearModel_3.png, id=487, 422.0568pt x 316.5426pt>
File: pictures/HammersteinLinearModel_3.png Graphic file (type png)
<use pictures/HammersteinLinearModel_3.png>
Package pdftex.def Info: pictures/HammersteinLinearModel_3.png  used on input l
ine 134.
(pdftex.def)             Requested size: 341.43306pt x 256.08897pt.
<pictures/HammersteinNonlinearModel_3.png, id=488, 422.0568pt x 316.5426pt>
File: pictures/HammersteinNonlinearModel_3.png Graphic file (type png)
<use pictures/HammersteinNonlinearModel_3.png>
Package pdftex.def Info: pictures/HammersteinNonlinearModel_3.png  used on inpu
t line 137.
(pdftex.def)             Requested size: 341.43306pt x 256.08897pt.
<pictures/HammersteinLinearModel_4.png, id=489, 422.0568pt x 316.5426pt>
File: pictures/HammersteinLinearModel_4.png Graphic file (type png)
<use pictures/HammersteinLinearModel_4.png>
Package pdftex.def Info: pictures/HammersteinLinearModel_4.png  used on input l
ine 144.
(pdftex.def)             Requested size: 341.43306pt x 256.08897pt.
<pictures/HammersteinNonlinearModel_4.png, id=490, 422.0568pt x 316.5426pt>
File: pictures/HammersteinNonlinearModel_4.png Graphic file (type png)
<use pictures/HammersteinNonlinearModel_4.png>
Package pdftex.def Info: pictures/HammersteinNonlinearModel_4.png  used on inpu
t line 147.
(pdftex.def)             Requested size: 341.43306pt x 256.08897pt.
<pictures/HammersteinLinearModel_5.png, id=491, 422.0568pt x 316.5426pt>
File: pictures/HammersteinLinearModel_5.png Graphic file (type png)
<use pictures/HammersteinLinearModel_5.png>
Package pdftex.def Info: pictures/HammersteinLinearModel_5.png  used on input l
ine 154.
(pdftex.def)             Requested size: 341.43306pt x 256.08897pt.
<pictures/HammersteinNonlinearModel_5.png, id=492, 422.0568pt x 316.5426pt>
File: pictures/HammersteinNonlinearModel_5.png Graphic file (type png)
<use pictures/HammersteinNonlinearModel_5.png>
Package pdftex.def Info: pictures/HammersteinNonlinearModel_5.png  used on inpu
t line 157.
(pdftex.def)             Requested size: 341.43306pt x 256.08897pt.

[26 <./pictures/HammersteinLinearModel_1.png (PNG copy)> <./pictures/Hammerstei
nNonlinearModel_1.png (PNG copy)>] [27 <./pictures/HammersteinLinearModel_2.png
 (PNG copy)> <./pictures/HammersteinNonlinearModel_2.png (PNG copy)>] [28 <./pi
ctures/HammersteinLinearModel_3.png (PNG copy)> <./pictures/HammersteinNonlinea
rModel_3.png (PNG copy)>] [29 <./pictures/HammersteinLinearModel_4.png (PNG cop
y)> <./pictures/HammersteinNonlinearModel_4.png (PNG copy)>] [30 <./pictures/Ha
mmersteinLinearModel_5.png (PNG copy)> <./pictures/HammersteinNonlinearModel_5.
png (PNG copy)>]
Overfull \hbox (4.01913pt too wide) in paragraph at lines 171--171
 []|[]| 
 []

) [31]
\openout2 = `zbiorniki/wiener.aux'.

 (zbiorniki/wiener.tex
<pictures/wien_model.png, id=540, 358.33875pt x 63.23625pt>
File: pictures/wien_model.png Graphic file (type png)
<use pictures/wien_model.png>
Package pdftex.def Info: pictures/wien_model.png  used on input line 6.
(pdftex.def)             Requested size: 455.24408pt x 80.34193pt.
 [32



 <./pictures/wien_model.png>]
<pictures/WienerfuzzySets_liniowe.png, id=552, 422.0568pt x 316.5426pt>
File: pictures/WienerfuzzySets_liniowe.png Graphic file (type png)
<use pictures/WienerfuzzySets_liniowe.png>
Package pdftex.def Info: pictures/WienerfuzzySets_liniowe.png  used on input li
ne 36.
(pdftex.def)             Requested size: 386.96024pt x 290.23256pt.
<pictures/WienerfuzzySets_nieliniowe.png, id=553, 422.0568pt x 316.5426pt>
File: pictures/WienerfuzzySets_nieliniowe.png Graphic file (type png)
<use pictures/WienerfuzzySets_nieliniowe.png>
Package pdftex.def Info: pictures/WienerfuzzySets_nieliniowe.png  used on input
 line 44.
(pdftex.def)             Requested size: 386.96024pt x 290.23256pt.
 [33 <./pictures/WienerfuzzySets_liniowe.png (PNG copy)> <./pictures/Wienerfuzz
ySets_nieliniowe.png (PNG copy)>]
<pictures/WienerLinearModel_1.png, id=563, 422.0568pt x 316.5426pt>
File: pictures/WienerLinearModel_1.png Graphic file (type png)
<use pictures/WienerLinearModel_1.png>
Package pdftex.def Info: pictures/WienerLinearModel_1.png  used on input line 5
7.
(pdftex.def)             Requested size: 318.66946pt x 239.01477pt.
<pictures/WienerNonlinearModel_1.png, id=564, 422.0568pt x 316.5426pt>
File: pictures/WienerNonlinearModel_1.png Graphic file (type png)
<use pictures/WienerNonlinearModel_1.png>
Package pdftex.def Info: pictures/WienerNonlinearModel_1.png  used on input lin
e 60.
(pdftex.def)             Requested size: 318.66946pt x 239.01477pt.
<pictures/WienerLinearModel_2.png, id=565, 422.0568pt x 316.5426pt>
File: pictures/WienerLinearModel_2.png Graphic file (type png)
<use pictures/WienerLinearModel_2.png>
Package pdftex.def Info: pictures/WienerLinearModel_2.png  used on input line 6
8.
(pdftex.def)             Requested size: 341.43306pt x 256.08897pt.
<pictures/WienerNonlinearModel_2.png, id=566, 422.0568pt x 316.5426pt>
File: pictures/WienerNonlinearModel_2.png Graphic file (type png)
<use pictures/WienerNonlinearModel_2.png>
Package pdftex.def Info: pictures/WienerNonlinearModel_2.png  used on input lin
e 71.
(pdftex.def)             Requested size: 341.43306pt x 256.08897pt.
<pictures/WienerLinearModel_3.png, id=567, 422.0568pt x 316.5426pt>
File: pictures/WienerLinearModel_3.png Graphic file (type png)
<use pictures/WienerLinearModel_3.png>
Package pdftex.def Info: pictures/WienerLinearModel_3.png  used on input line 7
8.
(pdftex.def)             Requested size: 341.43306pt x 256.08897pt.
<pictures/WienerNonlinearModel_3.png, id=568, 422.0568pt x 316.5426pt>
File: pictures/WienerNonlinearModel_3.png Graphic file (type png)
<use pictures/WienerNonlinearModel_3.png>
Package pdftex.def Info: pictures/WienerNonlinearModel_3.png  used on input lin
e 81.
(pdftex.def)             Requested size: 341.43306pt x 256.08897pt.
<pictures/WienerLinearModel_4.png, id=569, 422.0568pt x 316.5426pt>
File: pictures/WienerLinearModel_4.png Graphic file (type png)
<use pictures/WienerLinearModel_4.png>
Package pdftex.def Info: pictures/WienerLinearModel_4.png  used on input line 8
8.
(pdftex.def)             Requested size: 341.43306pt x 256.08897pt.
<pictures/WienerNonlinearModel_4.png, id=570, 422.0568pt x 316.5426pt>
File: pictures/WienerNonlinearModel_4.png Graphic file (type png)
<use pictures/WienerNonlinearModel_4.png>
Package pdftex.def Info: pictures/WienerNonlinearModel_4.png  used on input lin
e 91.
(pdftex.def)             Requested size: 341.43306pt x 256.08897pt.
<pictures/WienerLinearModel_5.png, id=571, 422.0568pt x 316.5426pt>
File: pictures/WienerLinearModel_5.png Graphic file (type png)
<use pictures/WienerLinearModel_5.png>
Package pdftex.def Info: pictures/WienerLinearModel_5.png  used on input line 9
8.
(pdftex.def)             Requested size: 341.43306pt x 256.08897pt.
<pictures/WienerNonlinearModel_5.png, id=572, 422.0568pt x 316.5426pt>
File: pictures/WienerNonlinearModel_5.png Graphic file (type png)
<use pictures/WienerNonlinearModel_5.png>
Package pdftex.def Info: pictures/WienerNonlinearModel_5.png  used on input lin
e 101.
(pdftex.def)             Requested size: 341.43306pt x 256.08897pt.
 [34 <./pictures/WienerLinearModel_1.png (PNG copy)> <./pictures/WienerNonlinea
rModel_1.png (PNG copy)>] [35 <./pictures/WienerLinearModel_2.png (PNG copy)> <
./pictures/WienerNonlinearModel_2.png (PNG copy)>] [36 <./pictures/WienerLinear
Model_3.png (PNG copy)> <./pictures/WienerNonlinearModel_3.png (PNG copy)>] [37
 <./pictures/WienerLinearModel_4.png (PNG copy)> <./pictures/WienerNonlinearMod
el_4.png (PNG copy)>] [38 <./pictures/WienerLinearModel_5.png (PNG copy)> <./pi
ctures/WienerNonlinearModel_5.png (PNG copy)>]
Overfull \hbox (4.01913pt too wide) in paragraph at lines 115--115
 []|[]| 
 []

) [39] [40


]
Overfull \hbox (2.15074pt too wide) in paragraph at lines 216--216
 []|$\OT4/cmr/m/n/10.95 0[]998 52$| 
 []


Overfull \hbox (2.15074pt too wide) in paragraph at lines 216--216
 []|$\OT4/cmr/m/n/10.95 0[]999 06$| 
 []


Overfull \hbox (12.4152pt too wide) in paragraph at lines 207--219
 [][] 
 []

[41]
*geometry* verbose mode - [ newgeometry ] result:
* driver: pdftex
* paper: a4paper
* layout: <same size as paper>
* layoutoffset:(h,v)=(0.0pt,0.0pt)
* modes: 
* h-part:(L,W,R)=(28.45274pt, 540.60239pt, 28.45274pt)
* v-part:(T,H,B)=(56.9055pt, 731.23584pt, 56.9055pt)
* \paperwidth=597.50787pt
* \paperheight=845.04684pt
* \textwidth=540.60239pt
* \textheight=731.23584pt
* \oddsidemargin=-43.81725pt
* \evensidemargin=-43.81725pt
* \topmargin=-44.5645pt
* \headheight=13.6pt
* \headsep=15.6pt
* \topskip=11.0pt
* \footskip=27.20001pt
* \marginparwidth=0.0pt
* \marginparsep=0.0pt
* \columnsep=25.6802pt
* \skip\footins=10.0pt plus 4.0pt minus 2.0pt
* \hoffset=0.0pt
* \voffset=0.0pt
* \mag=1000
* \@twocolumnfalse
* \@twosidefalse
* \@mparswitchfalse
* \@reversemarginfalse
* (1in=72.27pt=25.4mm, 1cm=28.453pt)

<pictures/DMC_analitic_y.png, id=626, 422.0568pt x 316.5426pt>
File: pictures/DMC_analitic_y.png Graphic file (type png)
<use pictures/DMC_analitic_y.png>
Package pdftex.def Info: pictures/DMC_analitic_y.png  used on input line 229.
(pdftex.def)             Requested size: 294.35672pt x 220.77652pt.

Overfull \hbox (26.76118pt too wide) in paragraph at lines 229--230
 [][] 
 []

<pictures/DMC_analitic_u.png, id=627, 422.0568pt x 316.5426pt>
File: pictures/DMC_analitic_u.png Graphic file (type png)
<use pictures/DMC_analitic_u.png>
Package pdftex.def Info: pictures/DMC_analitic_u.png  used on input line 234.
(pdftex.def)             Requested size: 294.35672pt x 220.77652pt.

Overfull \hbox (26.76118pt too wide) in paragraph at lines 234--235
 [][] 
 []

<pictures/DMC_analitic_y_zoom.png, id=628, 366.168pt x 290.0436pt>
File: pictures/DMC_analitic_y_zoom.png Graphic file (type png)
<use pictures/DMC_analitic_y_zoom.png>
Package pdftex.def Info: pictures/DMC_analitic_y_zoom.png  used on input line 2
43.
(pdftex.def)             Requested size: 267.59554pt x 211.96904pt.
<pictures/DMC_analitic_u_zoom.png, id=629, 357.9774pt x 290.0436pt>
File: pictures/DMC_analitic_u_zoom.png Graphic file (type png)
<use pictures/DMC_analitic_u_zoom.png>
Package pdftex.def Info: pictures/DMC_analitic_u_zoom.png  used on input line 2
48.
(pdftex.def)             Requested size: 267.59554pt x 216.81519pt.
<pictures/DMC_numeric_y.png, id=630, 422.0568pt x 316.5426pt>
File: pictures/DMC_numeric_y.png Graphic file (type png)
<use pictures/DMC_numeric_y.png>
Package pdftex.def Info: pictures/DMC_numeric_y.png  used on input line 259.
(pdftex.def)             Requested size: 294.35672pt x 220.77652pt.

Overfull \hbox (26.76118pt too wide) in paragraph at lines 259--260
 [][] 
 []

<pictures/DMC_numeric_u.png, id=631, 422.0568pt x 316.5426pt>
File: pictures/DMC_numeric_u.png Graphic file (type png)
<use pictures/DMC_numeric_u.png>
Package pdftex.def Info: pictures/DMC_numeric_u.png  used on input line 264.
(pdftex.def)             Requested size: 294.35672pt x 220.77652pt.

Overfull \hbox (26.76118pt too wide) in paragraph at lines 264--265
 [][] 
 []

<pictures/DMC_numeric_y_zoom.png, id=632, 361.35pt x 289.5618pt>
File: pictures/DMC_numeric_y_zoom.png Graphic file (type png)
<use pictures/DMC_numeric_y_zoom.png>
Package pdftex.def Info: pictures/DMC_numeric_y_zoom.png  used on input line 27
3.
(pdftex.def)             Requested size: 267.59554pt x 214.43584pt.
<pictures/DMC_numeric_u_zoom.png, id=633, 366.168pt x 290.0436pt>
File: pictures/DMC_numeric_u_zoom.png Graphic file (type png)
<use pictures/DMC_numeric_u_zoom.png>
Package pdftex.def Info: pictures/DMC_numeric_u_zoom.png  used on input line 27
8.
(pdftex.def)             Requested size: 267.59554pt x 211.96904pt.
<pictures/DMC_sl_y.png, id=634, 422.0568pt x 316.5426pt>
File: pictures/DMC_sl_y.png Graphic file (type png)
<use pictures/DMC_sl_y.png>
Package pdftex.def Info: pictures/DMC_sl_y.png  used on input line 289.
(pdftex.def)             Requested size: 294.35672pt x 220.77652pt.

Overfull \hbox (26.76118pt too wide) in paragraph at lines 289--290
 [][] 
 []

<pictures/DMC_sl_u.png, id=635, 422.0568pt x 316.5426pt>
File: pictures/DMC_sl_u.png Graphic file (type png)
<use pictures/DMC_sl_u.png>
Package pdftex.def Info: pictures/DMC_sl_u.png  used on input line 294.
(pdftex.def)             Requested size: 294.35672pt x 220.77652pt.

Overfull \hbox (26.76118pt too wide) in paragraph at lines 294--295
 [][] 
 []

<pictures/DMC_sl_y_zoom.png, id=636, 357.9774pt x 289.5618pt>
File: pictures/DMC_sl_y_zoom.png Graphic file (type png)
<use pictures/DMC_sl_y_zoom.png>
Package pdftex.def Info: pictures/DMC_sl_y_zoom.png  used on input line 303.
(pdftex.def)             Requested size: 267.59554pt x 216.45503pt.
<pictures/DMC_sl_u_zoom.png, id=637, 357.9774pt x 290.0436pt>
File: pictures/DMC_sl_u_zoom.png Graphic file (type png)
<use pictures/DMC_sl_u_zoom.png>
Package pdftex.def Info: pictures/DMC_sl_u_zoom.png  used on input line 308.
(pdftex.def)             Requested size: 267.59554pt x 216.81519pt.
<pictures/DMC_npl_y.png, id=638, 422.0568pt x 316.5426pt>
File: pictures/DMC_npl_y.png Graphic file (type png)
<use pictures/DMC_npl_y.png>
Package pdftex.def Info: pictures/DMC_npl_y.png  used on input line 319.
(pdftex.def)             Requested size: 294.35672pt x 220.77652pt.

Overfull \hbox (26.76118pt too wide) in paragraph at lines 319--320
 [][] 
 []

<pictures/DMC_npl_u.png, id=639, 422.0568pt x 316.5426pt>
File: pictures/DMC_npl_u.png Graphic file (type png)
<use pictures/DMC_npl_u.png>
Package pdftex.def Info: pictures/DMC_npl_u.png  used on input line 324.
(pdftex.def)             Requested size: 294.35672pt x 220.77652pt.

Overfull \hbox (26.76118pt too wide) in paragraph at lines 324--325
 [][] 
 []

<pictures/DMC_npl_y_zoom.png, id=640, 368.577pt x 289.5618pt>
File: pictures/DMC_npl_y_zoom.png Graphic file (type png)
<use pictures/DMC_npl_y_zoom.png>
Package pdftex.def Info: pictures/DMC_npl_y_zoom.png  used on input line 333.
(pdftex.def)             Requested size: 267.59554pt x 210.234pt.
<pictures/DMC_npl_u_zoom.png, id=641, 368.577pt x 290.0436pt>
File: pictures/DMC_npl_u_zoom.png Graphic file (type png)
<use pictures/DMC_npl_u_zoom.png>
Package pdftex.def Info: pictures/DMC_npl_u_zoom.png  used on input line 338.
(pdftex.def)             Requested size: 267.59554pt x 210.5838pt.
<pictures/DMC_fuzzy_y.png, id=642, 422.0568pt x 316.5426pt>
File: pictures/DMC_fuzzy_y.png Graphic file (type png)
<use pictures/DMC_fuzzy_y.png>
Package pdftex.def Info: pictures/DMC_fuzzy_y.png  used on input line 349.
(pdftex.def)             Requested size: 294.35672pt x 220.77652pt.

Overfull \hbox (26.76118pt too wide) in paragraph at lines 349--350
 [][] 
 []

<pictures/DMC_fuzzy_u.png, id=643, 422.0568pt x 316.5426pt>
File: pictures/DMC_fuzzy_u.png Graphic file (type png)
<use pictures/DMC_fuzzy_u.png>
Package pdftex.def Info: pictures/DMC_fuzzy_u.png  used on input line 354.
(pdftex.def)             Requested size: 294.35672pt x 220.77652pt.

Overfull \hbox (26.76118pt too wide) in paragraph at lines 354--355
 [][] 
 []

<pictures/DMC_fuzzy_y_zoom.png, id=644, 364.2408pt x 289.5618pt>
File: pictures/DMC_fuzzy_y_zoom.png Graphic file (type png)
<use pictures/DMC_fuzzy_y_zoom.png>
Package pdftex.def Info: pictures/DMC_fuzzy_y_zoom.png  used on input line 363.

(pdftex.def)             Requested size: 267.59554pt x 212.74362pt.
<pictures/DMC_fuzzy_u_zoom.png, id=645, 356.0502pt x 290.0436pt>
File: pictures/DMC_fuzzy_u_zoom.png Graphic file (type png)
<use pictures/DMC_fuzzy_u_zoom.png>
Package pdftex.def Info: pictures/DMC_fuzzy_u_zoom.png  used on input line 368.

(pdftex.def)             Requested size: 267.59554pt x 217.99686pt.
[42 <./pictures/DMC_analitic_y.png (PNG copy)> <./pictures/DMC_analitic_u.png (
PNG copy)> <./pictures/DMC_analitic_y_zoom.png (PNG copy)> <./pictures/DMC_anal
itic_u_zoom.png (PNG copy)>] [43 <./pictures/DMC_numeric_y.png (PNG copy)> <./p
ictures/DMC_numeric_u.png (PNG copy)> <./pictures/DMC_numeric_y_zoom.png (PNG c
opy)> <./pictures/DMC_numeric_u_zoom.png (PNG copy)>] [44 <./pictures/DMC_sl_y.
png (PNG copy)> <./pictures/DMC_sl_u.png (PNG copy)> <./pictures/DMC_sl_y_zoom.
png (PNG copy)> <./pictures/DMC_sl_u_zoom.png (PNG copy)>] [45 <./pictures/DMC_
npl_y.png (PNG copy)> <./pictures/DMC_npl_u.png (PNG copy)> <./pictures/DMC_npl
_y_zoom.png (PNG copy)> <./pictures/DMC_npl_u_zoom.png (PNG copy)>] [46 <./pict
ures/DMC_fuzzy_y.png (PNG copy)> <./pictures/DMC_fuzzy_u.png (PNG copy)> <./pic
tures/DMC_fuzzy_y_zoom.png (PNG copy)> <./pictures/DMC_fuzzy_u_zoom.png (PNG co
py)>] [47


]
\openout2 = `przeglad_literatury/bibliografia.aux'.

 (przeglad_literatury/bibliografia.tex [48


]) [49]
(MGR_Wojciech_Rogalski.lof)
\tf@lof=\write6
\openout6 = `MGR_Wojciech_Rogalski.lof'.

 [50



] (MGR_Wojciech_Rogalski.lot)
\tf@lot=\write7
\openout7 = `MGR_Wojciech_Rogalski.lot'.

 [51

]
(MGR_Wojciech_Rogalski.aux (przeglad_literatury/wstep.aux)
(przeglad_literatury/predictive.aux) (przeglad_literatury/fuzzy_logic.aux)
(przeglad_literatury/hamm_wien.aux) (zbiorniki/wstep.aux)
(zbiorniki/identyfikacja.aux) (zbiorniki/hammerstein.aux) (zbiorniki/wiener.aux
) (przeglad_literatury/bibliografia.aux))
 ***********
LaTeX2e <2023-11-01> patch level 1
L3 programming layer <2024-01-04>
 ***********


LaTeX Warning: Label(s) may have changed. Rerun to get cross-references right.


Package rerunfilecheck Warning: File `MGR_Wojciech_Rogalski.out' has changed.
(rerunfilecheck)                Rerun to get outlines right
(rerunfilecheck)                or use package `bookmark'.

Package rerunfilecheck Info: Checksums for `MGR_Wojciech_Rogalski.out':
(rerunfilecheck)             Before: F176C6E47ED40CD58766995EED2C8183;4883
(rerunfilecheck)             After:  61ED372DF523DC33E365365D531DFAC9;4883.
 ) 
Here is how much of TeX's memory you used:
 31970 strings out of 474485
 671470 string characters out of 5737599
 1953542 words of memory out of 5000000
 53463 multiletter control sequences out of 15000+600000
 574589 words of font info for 84 fonts, out of 8000000 for 9000
 1141 hyphenation exceptions out of 8191
 84i,16n,93p,1331b,1050s stack positions out of 10000i,1000n,20000p,200000b,200000s

pdfTeX warning (dest): name{table.caption.15} has been referenced but does not 
exist, replaced by a fixed one


pdfTeX warning (dest): name{figure.caption.39} has been referenced but does not
 exist, replaced by a fixed one


pdfTeX warning (dest): name{figure.caption.19} has been referenced but does not
 exist, replaced by a fixed one


pdfTeX warning (dest): name{figure.caption.14} has been referenced but does not
 exist, replaced by a fixed one


pdfTeX warning (dest): name{table.caption.36} has been referenced but does not 
exist, replaced by a fixed one


pdfTeX warning (dest): name{figure.caption.28} has been referenced but does not
 exist, replaced by a fixed one


pdfTeX warning (dest): name{table.caption.27} has been referenced but does not 
exist, replaced by a fixed one


pdfTeX warning (dest): name{figure.caption.22} has been referenced but does not
 exist, replaced by a fixed one


pdfTeX warning (dest): name{table.caption.21} has been referenced but does not 
exist, replaced by a fixed one


pdfTeX warning (dest): name{figure.caption.16} has been referenced but does not
 exist, replaced by a fixed one


pdfTeX warning (dest): name{table.caption.13} has been referenced but does not 
exist, replaced by a fixed one


pdfTeX warning (dest): name{Hfootnote.1} has been referenced but does not exist
, replaced by a fixed one


pdfTeX warning (dest): name{chapter*.44} has been referenced but does not exist
, replaced by a fixed one

 <C:\Users\HP.LAPTOP-VKB5R2K8\AppData\Local\MiKTeX\fonts/pk/ljfour/jknappen/ec/
dpi600\tcrm1095.pk><C:/Users/HP.LAPTOP-VKB5R2K8/AppData/Local/Programs/MiKTeX/f
onts/type1/public/amsfonts/symbols/msbm10.pfb><C:/Users/HP.LAPTOP-VKB5R2K8/AppD
ata/Local/Programs/MiKTeX/fonts/type1/public/pl/plbx10.pfb><C:/Users/HP.LAPTOP-
VKB5R2K8/AppData/Local/Programs/MiKTeX/fonts/type1/public/pl/plbx12.pfb><C:/Use
rs/HP.LAPTOP-VKB5R2K8/AppData/Local/Programs/MiKTeX/fonts/type1/public/pl/plex1
0.pfb><C:/Users/HP.LAPTOP-VKB5R2K8/AppData/Local/Programs/MiKTeX/fonts/type1/pu
blic/pl/plmi10.pfb><C:/Users/HP.LAPTOP-VKB5R2K8/AppData/Local/Programs/MiKTeX/f
onts/type1/public/pl/plmi6.pfb><C:/Users/HP.LAPTOP-VKB5R2K8/AppData/Local/Progr
ams/MiKTeX/fonts/type1/public/pl/plmi7.pfb><C:/Users/HP.LAPTOP-VKB5R2K8/AppData
/Local/Programs/MiKTeX/fonts/type1/public/pl/plmi8.pfb><C:/Users/HP.LAPTOP-VKB5
R2K8/AppData/Local/Programs/MiKTeX/fonts/type1/public/pl/plmi9.pfb><C:/Users/HP
.LAPTOP-VKB5R2K8/AppData/Local/Programs/MiKTeX/fonts/type1/public/pl/plr10.pfb>
<C:/Users/HP.LAPTOP-VKB5R2K8/AppData/Local/Programs/MiKTeX/fonts/type1/public/p
l/plr6.pfb><C:/Users/HP.LAPTOP-VKB5R2K8/AppData/Local/Programs/MiKTeX/fonts/typ
e1/public/pl/plr7.pfb><C:/Users/HP.LAPTOP-VKB5R2K8/AppData/Local/Programs/MiKTe
X/fonts/type1/public/pl/plr8.pfb><C:/Users/HP.LAPTOP-VKB5R2K8/AppData/Local/Pro
grams/MiKTeX/fonts/type1/public/pl/plr9.pfb><C:/Users/HP.LAPTOP-VKB5R2K8/AppDat
a/Local/Programs/MiKTeX/fonts/type1/public/pl/plsy10.pfb><C:/Users/HP.LAPTOP-VK
B5R2K8/AppData/Local/Programs/MiKTeX/fonts/type1/public/pl/plsy8.pfb><C:/Users/
HP.LAPTOP-VKB5R2K8/AppData/Local/Programs/MiKTeX/fonts/type1/public/pl/plti10.p
fb><C:/Users/HP.LAPTOP-VKB5R2K8/AppData/Local/Programs/MiKTeX/fonts/type1/publi
c/pl/pltt10.pfb>
Output written on MGR_Wojciech_Rogalski.pdf (52 pages, 2342179 bytes).
PDF statistics:
 896 PDF objects out of 1000 (max. 8388607)
 232 named destinations out of 1000 (max. 500000)
 571 words of extra memory for PDF output out of 10000 (max. 10000000)

