This is pdfTeX, Version 3.141592653-2.6-1.40.25 (MiKTeX 24.1) (preloaded format=pdflatex 2024.3.3)  24 MAR 2025 21:14
entering extended mode
 restricted \write18 enabled.
 %&-line parsing enabled.
**./raport_luty.tex
(raport_luty.tex
LaTeX2e <2023-11-01> patch level 1
L3 programming layer <2024-01-04>

(C:\Users\HP.LAPTOP-VKB5R2K8\AppData\Local\Programs\MiKTeX\tex/latex/mwcls\mwre
p.cls
Document Class: mwrep 2017/05/13 v0.75 A LaTeX document class (MW)
*** Beta version. Formatting may change
*** in future versions of this class.

(C:\Users\HP.LAPTOP-VKB5R2K8\AppData\Local\Programs\MiKTeX\tex/latex/mwcls\mw11
.clo
File: mw11.clo 2017/05/13 v0.75 A document class size option (MW)
)
\@parindent=\dimen140
\c@part=\count187
\c@chapter=\count188
\c@section=\count189
\c@subsection=\count190
\c@subsubsection=\count191
\c@paragraph=\count192
\c@subparagraph=\count193
\c@figure=\count194
\c@table=\count195
\abovecaptionskip=\skip48
\belowcaptionskip=\skip49
\bibindent=\dimen141
)
(C:\Users\HP.LAPTOP-VKB5R2K8\AppData\Local\Programs\MiKTeX\tex/latex/geometry\g
eometry.sty
Package: geometry 2020/01/02 v5.9 Page Geometry

(C:\Users\HP.LAPTOP-VKB5R2K8\AppData\Local\Programs\MiKTeX\tex/latex/graphics\k
eyval.sty
Package: keyval 2022/05/29 v1.15 key=value parser (DPC)
\KV@toks@=\toks17
)
(C:\Users\HP.LAPTOP-VKB5R2K8\AppData\Local\Programs\MiKTeX\tex/generic/iftex\if
vtex.sty
Package: ifvtex 2019/10/25 v1.7 ifvtex legacy package. Use iftex instead.

(C:\Users\HP.LAPTOP-VKB5R2K8\AppData\Local\Programs\MiKTeX\tex/generic/iftex\if
tex.sty
Package: iftex 2022/02/03 v1.0f TeX engine tests
))
\Gm@cnth=\count196
\Gm@cntv=\count197
\c@Gm@tempcnt=\count198
\Gm@bindingoffset=\dimen142
\Gm@wd@mp=\dimen143
\Gm@odd@mp=\dimen144
\Gm@even@mp=\dimen145
\Gm@layoutwidth=\dimen146
\Gm@layoutheight=\dimen147
\Gm@layouthoffset=\dimen148
\Gm@layoutvoffset=\dimen149
\Gm@dimlist=\toks18

(C:\Users\HP.LAPTOP-VKB5R2K8\AppData\Local\Programs\MiKTeX\tex/latex/geometry\g
eometry.cfg))
(C:\Users\HP.LAPTOP-VKB5R2K8\AppData\Local\Programs\MiKTeX\tex/latex/base\fonte
nc.sty
Package: fontenc 2021/04/29 v2.0v Standard LaTeX package
)
(C:\Users\HP.LAPTOP-VKB5R2K8\AppData\Local\Programs\MiKTeX\tex/latex/polski\pol
ski.sty
Package: polski 2021/08/25 v1.3.6 Polish language package

   Switching to Polish text encoding and Polish maths fonts.

(C:\Users\HP.LAPTOP-VKB5R2K8\AppData\Local\Programs\MiKTeX\tex/latex/base\ot4en
c.def
File: ot4enc.def 2021/04/29 v2.0v Standard LaTeX file
Now handling font encoding OT4 ...
... no UTF-8 mapping file for font encoding OT4
)
LaTeX Font Info:    Trying to load font information for OT4+cmr on input line 3
62.

(C:\Users\HP.LAPTOP-VKB5R2K8\AppData\Local\Programs\MiKTeX\tex/latex/polski\ot4
cmr.fd
File: ot4cmr.fd 2008/02/24 v1.2.1 Font defs for fonts PL (MW)
)
LaTeX Font Info:    Overwriting math alphabet `\mathbf' in version `normal'
(Font)                  OT1/cmr/bx/n --> OT4/cmr/bx/n on input line 362.
LaTeX Font Info:    Overwriting math alphabet `\mathsf' in version `normal'
(Font)                  OT1/cmss/m/n --> OT4/cmss/m/n on input line 362.
LaTeX Font Info:    Overwriting math alphabet `\mathit' in version `normal'
(Font)                  OT1/cmr/m/it --> OT4/cmr/m/it on input line 362.
LaTeX Font Info:    Overwriting math alphabet `\mathtt' in version `normal'
(Font)                  OT1/cmtt/m/n --> OT4/cmtt/m/n on input line 362.
LaTeX Font Info:    Overwriting math alphabet `\mathsf' in version `bold'
(Font)                  OT1/cmss/bx/n --> OT4/cmss/bx/n on input line 362.
LaTeX Font Info:    Overwriting math alphabet `\mathit' in version `bold'
(Font)                  OT1/cmr/bx/it --> OT4/cmr/bx/it on input line 362.
LaTeX Font Info:    Encoding `OT1' has changed to `OT4' for symbol font
(Font)              `operators' in the math version `normal' on input line 362.

LaTeX Font Info:    Overwriting symbol font `operators' in version `normal'
(Font)                  OT1/cmr/m/n --> OT4/cmr/m/n on input line 362.
LaTeX Font Info:    Overwriting symbol font `letters' in version `normal'
(Font)                  OML/cmm/m/it --> OML/plm/m/it on input line 362.
LaTeX Font Info:    Overwriting symbol font `symbols' in version `normal'
(Font)                  OMS/cmsy/m/n --> OMS/plsy/m/n on input line 362.
LaTeX Font Info:    Overwriting symbol font `largesymbols' in version `normal'
(Font)                  OMX/cmex/m/n --> OMX/plex/m/n on input line 362.
LaTeX Font Info:    Encoding `OT1' has changed to `OT4' for symbol font
(Font)              `operators' in the math version `bold' on input line 362.
LaTeX Font Info:    Overwriting symbol font `operators' in version `bold'
(Font)                  OT1/cmr/bx/n --> OT4/cmr/bx/n on input line 362.
LaTeX Font Info:    Overwriting symbol font `letters' in version `bold'
(Font)                  OML/cmm/b/it --> OML/plm/b/it on input line 362.
LaTeX Font Info:    Overwriting symbol font `symbols' in version `bold'
(Font)                  OMS/cmsy/b/n --> OMS/plsy/b/n on input line 362.
)
(C:\Users\HP.LAPTOP-VKB5R2K8\AppData\Local\Programs\MiKTeX\tex/latex/amsmath\am
smath.sty
Package: amsmath 2023/05/13 v2.17o AMS math features
\@mathmargin=\skip50

For additional information on amsmath, use the `?' option.

(C:\Users\HP.LAPTOP-VKB5R2K8\AppData\Local\Programs\MiKTeX\tex/latex/amsmath\am
stext.sty
Package: amstext 2021/08/26 v2.01 AMS text

(C:\Users\HP.LAPTOP-VKB5R2K8\AppData\Local\Programs\MiKTeX\tex/latex/amsmath\am
sgen.sty
File: amsgen.sty 1999/11/30 v2.0 generic functions
\@emptytoks=\toks19
\ex@=\dimen150
))
(C:\Users\HP.LAPTOP-VKB5R2K8\AppData\Local\Programs\MiKTeX\tex/latex/amsmath\am
sbsy.sty
Package: amsbsy 1999/11/29 v1.2d Bold Symbols
\pmbraise@=\dimen151
)
(C:\Users\HP.LAPTOP-VKB5R2K8\AppData\Local\Programs\MiKTeX\tex/latex/amsmath\am
sopn.sty
Package: amsopn 2022/04/08 v2.04 operator names
)
\inf@bad=\count199
LaTeX Info: Redefining \frac on input line 234.
\uproot@=\count266
\leftroot@=\count267
LaTeX Info: Redefining \overline on input line 399.
LaTeX Info: Redefining \colon on input line 410.
\classnum@=\count268
\DOTSCASE@=\count269
LaTeX Info: Redefining \ldots on input line 496.
LaTeX Info: Redefining \dots on input line 499.
LaTeX Info: Redefining \cdots on input line 620.
\Mathstrutbox@=\box51
\strutbox@=\box52
LaTeX Info: Redefining \big on input line 722.
LaTeX Info: Redefining \Big on input line 723.
LaTeX Info: Redefining \bigg on input line 724.
LaTeX Info: Redefining \Bigg on input line 725.
\big@size=\dimen152
LaTeX Font Info:    Redeclaring font encoding OML on input line 743.
LaTeX Font Info:    Redeclaring font encoding OMS on input line 744.
\macc@depth=\count270
LaTeX Info: Redefining \bmod on input line 905.
LaTeX Info: Redefining \pmod on input line 910.
LaTeX Info: Redefining \smash on input line 940.
LaTeX Info: Redefining \relbar on input line 970.
LaTeX Info: Redefining \Relbar on input line 971.
\c@MaxMatrixCols=\count271
\dotsspace@=\muskip16
\c@parentequation=\count272
\dspbrk@lvl=\count273
\tag@help=\toks20
\row@=\count274
\column@=\count275
\maxfields@=\count276
\andhelp@=\toks21
\eqnshift@=\dimen153
\alignsep@=\dimen154
\tagshift@=\dimen155
\tagwidth@=\dimen156
\totwidth@=\dimen157
\lineht@=\dimen158
\@envbody=\toks22
\multlinegap=\skip51
\multlinetaggap=\skip52
\mathdisplay@stack=\toks23
LaTeX Info: Redefining \[ on input line 2953.
LaTeX Info: Redefining \] on input line 2954.
)
(C:\Users\HP.LAPTOP-VKB5R2K8\AppData\Local\Programs\MiKTeX\tex/latex/amsfonts\a
msfonts.sty
Package: amsfonts 2013/01/14 v3.01 Basic AMSFonts support
\symAMSa=\mathgroup4
\symAMSb=\mathgroup5
LaTeX Font Info:    Redeclaring math symbol \hbar on input line 98.
LaTeX Font Info:    Overwriting math alphabet `\mathfrak' in version `bold'
(Font)                  U/euf/m/n --> U/euf/b/n on input line 106.
)
(C:\Users\HP.LAPTOP-VKB5R2K8\AppData\Local\Programs\MiKTeX\tex/latex/amsfonts\a
mssymb.sty
Package: amssymb 2013/01/14 v3.01 AMS font symbols
)
(C:\Users\HP.LAPTOP-VKB5R2K8\AppData\Local\Programs\MiKTeX\tex/latex/graphics\g
raphicx.sty
Package: graphicx 2021/09/16 v1.2d Enhanced LaTeX Graphics (DPC,SPQR)

(C:\Users\HP.LAPTOP-VKB5R2K8\AppData\Local\Programs\MiKTeX\tex/latex/graphics\g
raphics.sty
Package: graphics 2022/03/10 v1.4e Standard LaTeX Graphics (DPC,SPQR)

(C:\Users\HP.LAPTOP-VKB5R2K8\AppData\Local\Programs\MiKTeX\tex/latex/graphics\t
rig.sty
Package: trig 2021/08/11 v1.11 sin cos tan (DPC)
)
(C:\Users\HP.LAPTOP-VKB5R2K8\AppData\Local\Programs\MiKTeX\tex/latex/graphics-c
fg\graphics.cfg
File: graphics.cfg 2016/06/04 v1.11 sample graphics configuration
)
Package graphics Info: Driver file: pdftex.def on input line 107.

(C:\Users\HP.LAPTOP-VKB5R2K8\AppData\Local\Programs\MiKTeX\tex/latex/graphics-d
ef\pdftex.def
File: pdftex.def 2022/09/22 v1.2b Graphics/color driver for pdftex
))
\Gin@req@height=\dimen159
\Gin@req@width=\dimen160
)
(C:\Users\HP.LAPTOP-VKB5R2K8\AppData\Local\Programs\MiKTeX\tex/latex/float\floa
t.sty
Package: float 2001/11/08 v1.3d Float enhancements (AL)
\c@float@type=\count277
\float@exts=\toks24
\float@box=\box53
\@float@everytoks=\toks25
\@floatcapt=\box54
)
(C:\Users\HP.LAPTOP-VKB5R2K8\AppData\Local\Programs\MiKTeX\tex/latex/caption\su
bcaption.sty
Package: subcaption 2023/07/28 v1.6b Sub-captions (AR)

(C:\Users\HP.LAPTOP-VKB5R2K8\AppData\Local\Programs\MiKTeX\tex/latex/caption\ca
ption.sty
Package: caption 2023/08/05 v3.6o Customizing captions (AR)

(C:\Users\HP.LAPTOP-VKB5R2K8\AppData\Local\Programs\MiKTeX\tex/latex/caption\ca
ption3.sty
Package: caption3 2023/07/31 v2.4d caption3 kernel (AR)
\caption@tempdima=\dimen161
\captionmargin=\dimen162
\caption@leftmargin=\dimen163
\caption@rightmargin=\dimen164
\caption@width=\dimen165
\caption@indent=\dimen166
\caption@parindent=\dimen167
\caption@hangindent=\dimen168
Package caption Info: Unknown document class (or package),
(caption)             standard defaults will be used.
Package caption Info: \@makecaption = \long macro:#1#2->\addvspace \abovecaptio
nskip \bgroup \centeredlast #1.\enspace #2\par \egroup \vskip \belowcaptionskip
  on input line 1175.
)

Package caption Warning: Unknown document class (or package),
(caption)                standard defaults will be used.
See the caption package documentation for explanation.

\c@caption@flags=\count278
\c@continuedfloat=\count279
Package caption Info: float package is loaded.
)
Package caption Info: New subtype `subfigure' on input line 238.
\c@subfigure=\count280
Package caption Info: New subtype `subtable' on input line 238.
\c@subtable=\count281
)
(C:\Users\HP.LAPTOP-VKB5R2K8\AppData\Local\Programs\MiKTeX\tex/latex/url\url.st
y
\Urlmuskip=\muskip17
Package: url 2013/09/16  ver 3.4  Verb mode for urls, etc.
)
(C:\Users\HP.LAPTOP-VKB5R2K8\AppData\Local\Programs\MiKTeX\tex/latex/pgf/fronte
ndlayer\tikz.sty
(C:\Users\HP.LAPTOP-VKB5R2K8\AppData\Local\Programs\MiKTeX\tex/latex/pgf/basicl
ayer\pgf.sty
(C:\Users\HP.LAPTOP-VKB5R2K8\AppData\Local\Programs\MiKTeX\tex/latex/pgf/utilit
ies\pgfrcs.sty
(C:\Users\HP.LAPTOP-VKB5R2K8\AppData\Local\Programs\MiKTeX\tex/generic/pgf/util
ities\pgfutil-common.tex
\pgfutil@everybye=\toks26
\pgfutil@tempdima=\dimen169
\pgfutil@tempdimb=\dimen170
)
(C:\Users\HP.LAPTOP-VKB5R2K8\AppData\Local\Programs\MiKTeX\tex/generic/pgf/util
ities\pgfutil-latex.def
\pgfutil@abb=\box55
)
(C:\Users\HP.LAPTOP-VKB5R2K8\AppData\Local\Programs\MiKTeX\tex/generic/pgf/util
ities\pgfrcs.code.tex
(C:\Users\HP.LAPTOP-VKB5R2K8\AppData\Local\Programs\MiKTeX\tex/generic/pgf\pgf.
revision.tex)
Package: pgfrcs 2023-01-15 v3.1.10 (3.1.10)
))
Package: pgf 2023-01-15 v3.1.10 (3.1.10)

(C:\Users\HP.LAPTOP-VKB5R2K8\AppData\Local\Programs\MiKTeX\tex/latex/pgf/basicl
ayer\pgfcore.sty
(C:\Users\HP.LAPTOP-VKB5R2K8\AppData\Local\Programs\MiKTeX\tex/latex/pgf/system
layer\pgfsys.sty
(C:\Users\HP.LAPTOP-VKB5R2K8\AppData\Local\Programs\MiKTeX\tex/generic/pgf/syst
emlayer\pgfsys.code.tex
Package: pgfsys 2023-01-15 v3.1.10 (3.1.10)

(C:\Users\HP.LAPTOP-VKB5R2K8\AppData\Local\Programs\MiKTeX\tex/generic/pgf/util
ities\pgfkeys.code.tex
\pgfkeys@pathtoks=\toks27
\pgfkeys@temptoks=\toks28

(C:\Users\HP.LAPTOP-VKB5R2K8\AppData\Local\Programs\MiKTeX\tex/generic/pgf/util
ities\pgfkeyslibraryfiltered.code.tex
\pgfkeys@tmptoks=\toks29
))
\pgf@x=\dimen171
\pgf@y=\dimen172
\pgf@xa=\dimen173
\pgf@ya=\dimen174
\pgf@xb=\dimen175
\pgf@yb=\dimen176
\pgf@xc=\dimen177
\pgf@yc=\dimen178
\pgf@xd=\dimen179
\pgf@yd=\dimen180
\w@pgf@writea=\write3
\r@pgf@reada=\read2
\c@pgf@counta=\count282
\c@pgf@countb=\count283
\c@pgf@countc=\count284
\c@pgf@countd=\count285
\t@pgf@toka=\toks30
\t@pgf@tokb=\toks31
\t@pgf@tokc=\toks32
\pgf@sys@id@count=\count286

(C:\Users\HP.LAPTOP-VKB5R2K8\AppData\Local\Programs\MiKTeX\tex/generic/pgf/syst
emlayer\pgf.cfg
File: pgf.cfg 2023-01-15 v3.1.10 (3.1.10)
)
Driver file for pgf: pgfsys-pdftex.def

(C:\Users\HP.LAPTOP-VKB5R2K8\AppData\Local\Programs\MiKTeX\tex/generic/pgf/syst
emlayer\pgfsys-pdftex.def
File: pgfsys-pdftex.def 2023-01-15 v3.1.10 (3.1.10)

(C:\Users\HP.LAPTOP-VKB5R2K8\AppData\Local\Programs\MiKTeX\tex/generic/pgf/syst
emlayer\pgfsys-common-pdf.def
File: pgfsys-common-pdf.def 2023-01-15 v3.1.10 (3.1.10)
)))
(C:\Users\HP.LAPTOP-VKB5R2K8\AppData\Local\Programs\MiKTeX\tex/generic/pgf/syst
emlayer\pgfsyssoftpath.code.tex
File: pgfsyssoftpath.code.tex 2023-01-15 v3.1.10 (3.1.10)
\pgfsyssoftpath@smallbuffer@items=\count287
\pgfsyssoftpath@bigbuffer@items=\count288
)
(C:\Users\HP.LAPTOP-VKB5R2K8\AppData\Local\Programs\MiKTeX\tex/generic/pgf/syst
emlayer\pgfsysprotocol.code.tex
File: pgfsysprotocol.code.tex 2023-01-15 v3.1.10 (3.1.10)
))
(C:\Users\HP.LAPTOP-VKB5R2K8\AppData\Local\Programs\MiKTeX\tex/latex/xcolor\xco
lor.sty
Package: xcolor 2023/11/15 v3.01 LaTeX color extensions (UK)

(C:\Users\HP.LAPTOP-VKB5R2K8\AppData\Local\Programs\MiKTeX\tex/latex/graphics-c
fg\color.cfg
File: color.cfg 2016/01/02 v1.6 sample color configuration
)
Package xcolor Info: Driver file: pdftex.def on input line 274.

(C:\Users\HP.LAPTOP-VKB5R2K8\AppData\Local\Programs\MiKTeX\tex/latex/graphics\m
athcolor.ltx)
Package xcolor Info: Model `cmy' substituted by `cmy0' on input line 1350.
Package xcolor Info: Model `hsb' substituted by `rgb' on input line 1354.
Package xcolor Info: Model `RGB' extended on input line 1366.
Package xcolor Info: Model `HTML' substituted by `rgb' on input line 1368.
Package xcolor Info: Model `Hsb' substituted by `hsb' on input line 1369.
Package xcolor Info: Model `tHsb' substituted by `hsb' on input line 1370.
Package xcolor Info: Model `HSB' substituted by `hsb' on input line 1371.
Package xcolor Info: Model `Gray' substituted by `gray' on input line 1372.
Package xcolor Info: Model `wave' substituted by `hsb' on input line 1373.
)
(C:\Users\HP.LAPTOP-VKB5R2K8\AppData\Local\Programs\MiKTeX\tex/generic/pgf/basi
clayer\pgfcore.code.tex
Package: pgfcore 2023-01-15 v3.1.10 (3.1.10)

(C:\Users\HP.LAPTOP-VKB5R2K8\AppData\Local\Programs\MiKTeX\tex/generic/pgf/math
\pgfmath.code.tex
(C:\Users\HP.LAPTOP-VKB5R2K8\AppData\Local\Programs\MiKTeX\tex/generic/pgf/math
\pgfmathutil.code.tex)
(C:\Users\HP.LAPTOP-VKB5R2K8\AppData\Local\Programs\MiKTeX\tex/generic/pgf/math
\pgfmathparser.code.tex
\pgfmath@dimen=\dimen181
\pgfmath@count=\count289
\pgfmath@box=\box56
\pgfmath@toks=\toks33
\pgfmath@stack@operand=\toks34
\pgfmath@stack@operation=\toks35
)
(C:\Users\HP.LAPTOP-VKB5R2K8\AppData\Local\Programs\MiKTeX\tex/generic/pgf/math
\pgfmathfunctions.code.tex)
(C:\Users\HP.LAPTOP-VKB5R2K8\AppData\Local\Programs\MiKTeX\tex/generic/pgf/math
\pgfmathfunctions.basic.code.tex)
(C:\Users\HP.LAPTOP-VKB5R2K8\AppData\Local\Programs\MiKTeX\tex/generic/pgf/math
\pgfmathfunctions.trigonometric.code.tex)
(C:\Users\HP.LAPTOP-VKB5R2K8\AppData\Local\Programs\MiKTeX\tex/generic/pgf/math
\pgfmathfunctions.random.code.tex)
(C:\Users\HP.LAPTOP-VKB5R2K8\AppData\Local\Programs\MiKTeX\tex/generic/pgf/math
\pgfmathfunctions.comparison.code.tex)
(C:\Users\HP.LAPTOP-VKB5R2K8\AppData\Local\Programs\MiKTeX\tex/generic/pgf/math
\pgfmathfunctions.base.code.tex)
(C:\Users\HP.LAPTOP-VKB5R2K8\AppData\Local\Programs\MiKTeX\tex/generic/pgf/math
\pgfmathfunctions.round.code.tex)
(C:\Users\HP.LAPTOP-VKB5R2K8\AppData\Local\Programs\MiKTeX\tex/generic/pgf/math
\pgfmathfunctions.misc.code.tex)
(C:\Users\HP.LAPTOP-VKB5R2K8\AppData\Local\Programs\MiKTeX\tex/generic/pgf/math
\pgfmathfunctions.integerarithmetics.code.tex)
(C:\Users\HP.LAPTOP-VKB5R2K8\AppData\Local\Programs\MiKTeX\tex/generic/pgf/math
\pgfmathcalc.code.tex)
(C:\Users\HP.LAPTOP-VKB5R2K8\AppData\Local\Programs\MiKTeX\tex/generic/pgf/math
\pgfmathfloat.code.tex
\c@pgfmathroundto@lastzeros=\count290
))
(C:\Users\HP.LAPTOP-VKB5R2K8\AppData\Local\Programs\MiKTeX\tex/generic/pgf/math
\pgfint.code.tex)
(C:\Users\HP.LAPTOP-VKB5R2K8\AppData\Local\Programs\MiKTeX\tex/generic/pgf/basi
clayer\pgfcorepoints.code.tex
File: pgfcorepoints.code.tex 2023-01-15 v3.1.10 (3.1.10)
\pgf@picminx=\dimen182
\pgf@picmaxx=\dimen183
\pgf@picminy=\dimen184
\pgf@picmaxy=\dimen185
\pgf@pathminx=\dimen186
\pgf@pathmaxx=\dimen187
\pgf@pathminy=\dimen188
\pgf@pathmaxy=\dimen189
\pgf@xx=\dimen190
\pgf@xy=\dimen191
\pgf@yx=\dimen192
\pgf@yy=\dimen193
\pgf@zx=\dimen194
\pgf@zy=\dimen195
)
(C:\Users\HP.LAPTOP-VKB5R2K8\AppData\Local\Programs\MiKTeX\tex/generic/pgf/basi
clayer\pgfcorepathconstruct.code.tex
File: pgfcorepathconstruct.code.tex 2023-01-15 v3.1.10 (3.1.10)
\pgf@path@lastx=\dimen196
\pgf@path@lasty=\dimen197
)
(C:\Users\HP.LAPTOP-VKB5R2K8\AppData\Local\Programs\MiKTeX\tex/generic/pgf/basi
clayer\pgfcorepathusage.code.tex
File: pgfcorepathusage.code.tex 2023-01-15 v3.1.10 (3.1.10)
\pgf@shorten@end@additional=\dimen198
\pgf@shorten@start@additional=\dimen199
)
(C:\Users\HP.LAPTOP-VKB5R2K8\AppData\Local\Programs\MiKTeX\tex/generic/pgf/basi
clayer\pgfcorescopes.code.tex
File: pgfcorescopes.code.tex 2023-01-15 v3.1.10 (3.1.10)
\pgfpic=\box57
\pgf@hbox=\box58
\pgf@layerbox@main=\box59
\pgf@picture@serial@count=\count291
)
(C:\Users\HP.LAPTOP-VKB5R2K8\AppData\Local\Programs\MiKTeX\tex/generic/pgf/basi
clayer\pgfcoregraphicstate.code.tex
File: pgfcoregraphicstate.code.tex 2023-01-15 v3.1.10 (3.1.10)
\pgflinewidth=\dimen256
)
(C:\Users\HP.LAPTOP-VKB5R2K8\AppData\Local\Programs\MiKTeX\tex/generic/pgf/basi
clayer\pgfcoretransformations.code.tex
File: pgfcoretransformations.code.tex 2023-01-15 v3.1.10 (3.1.10)
\pgf@pt@x=\dimen257
\pgf@pt@y=\dimen258
\pgf@pt@temp=\dimen259
)
(C:\Users\HP.LAPTOP-VKB5R2K8\AppData\Local\Programs\MiKTeX\tex/generic/pgf/basi
clayer\pgfcorequick.code.tex
File: pgfcorequick.code.tex 2023-01-15 v3.1.10 (3.1.10)
)
(C:\Users\HP.LAPTOP-VKB5R2K8\AppData\Local\Programs\MiKTeX\tex/generic/pgf/basi
clayer\pgfcoreobjects.code.tex
File: pgfcoreobjects.code.tex 2023-01-15 v3.1.10 (3.1.10)
)
(C:\Users\HP.LAPTOP-VKB5R2K8\AppData\Local\Programs\MiKTeX\tex/generic/pgf/basi
clayer\pgfcorepathprocessing.code.tex
File: pgfcorepathprocessing.code.tex 2023-01-15 v3.1.10 (3.1.10)
)
(C:\Users\HP.LAPTOP-VKB5R2K8\AppData\Local\Programs\MiKTeX\tex/generic/pgf/basi
clayer\pgfcorearrows.code.tex
File: pgfcorearrows.code.tex 2023-01-15 v3.1.10 (3.1.10)
\pgfarrowsep=\dimen260
)
(C:\Users\HP.LAPTOP-VKB5R2K8\AppData\Local\Programs\MiKTeX\tex/generic/pgf/basi
clayer\pgfcoreshade.code.tex
File: pgfcoreshade.code.tex 2023-01-15 v3.1.10 (3.1.10)
\pgf@max=\dimen261
\pgf@sys@shading@range@num=\count292
\pgf@shadingcount=\count293
)
(C:\Users\HP.LAPTOP-VKB5R2K8\AppData\Local\Programs\MiKTeX\tex/generic/pgf/basi
clayer\pgfcoreimage.code.tex
File: pgfcoreimage.code.tex 2023-01-15 v3.1.10 (3.1.10)
)
(C:\Users\HP.LAPTOP-VKB5R2K8\AppData\Local\Programs\MiKTeX\tex/generic/pgf/basi
clayer\pgfcoreexternal.code.tex
File: pgfcoreexternal.code.tex 2023-01-15 v3.1.10 (3.1.10)
\pgfexternal@startupbox=\box60
)
(C:\Users\HP.LAPTOP-VKB5R2K8\AppData\Local\Programs\MiKTeX\tex/generic/pgf/basi
clayer\pgfcorelayers.code.tex
File: pgfcorelayers.code.tex 2023-01-15 v3.1.10 (3.1.10)
)
(C:\Users\HP.LAPTOP-VKB5R2K8\AppData\Local\Programs\MiKTeX\tex/generic/pgf/basi
clayer\pgfcoretransparency.code.tex
File: pgfcoretransparency.code.tex 2023-01-15 v3.1.10 (3.1.10)
)
(C:\Users\HP.LAPTOP-VKB5R2K8\AppData\Local\Programs\MiKTeX\tex/generic/pgf/basi
clayer\pgfcorepatterns.code.tex
File: pgfcorepatterns.code.tex 2023-01-15 v3.1.10 (3.1.10)
)
(C:\Users\HP.LAPTOP-VKB5R2K8\AppData\Local\Programs\MiKTeX\tex/generic/pgf/basi
clayer\pgfcorerdf.code.tex
File: pgfcorerdf.code.tex 2023-01-15 v3.1.10 (3.1.10)
)))
(C:\Users\HP.LAPTOP-VKB5R2K8\AppData\Local\Programs\MiKTeX\tex/generic/pgf/modu
les\pgfmoduleshapes.code.tex
File: pgfmoduleshapes.code.tex 2023-01-15 v3.1.10 (3.1.10)
\pgfnodeparttextbox=\box61
)
(C:\Users\HP.LAPTOP-VKB5R2K8\AppData\Local\Programs\MiKTeX\tex/generic/pgf/modu
les\pgfmoduleplot.code.tex
File: pgfmoduleplot.code.tex 2023-01-15 v3.1.10 (3.1.10)
)
(C:\Users\HP.LAPTOP-VKB5R2K8\AppData\Local\Programs\MiKTeX\tex/latex/pgf/compat
ibility\pgfcomp-version-0-65.sty
Package: pgfcomp-version-0-65 2023-01-15 v3.1.10 (3.1.10)
\pgf@nodesepstart=\dimen262
\pgf@nodesepend=\dimen263
)
(C:\Users\HP.LAPTOP-VKB5R2K8\AppData\Local\Programs\MiKTeX\tex/latex/pgf/compat
ibility\pgfcomp-version-1-18.sty
Package: pgfcomp-version-1-18 2023-01-15 v3.1.10 (3.1.10)
))
(C:\Users\HP.LAPTOP-VKB5R2K8\AppData\Local\Programs\MiKTeX\tex/latex/pgf/utilit
ies\pgffor.sty
(C:\Users\HP.LAPTOP-VKB5R2K8\AppData\Local\Programs\MiKTeX\tex/latex/pgf/utilit
ies\pgfkeys.sty
(C:\Users\HP.LAPTOP-VKB5R2K8\AppData\Local\Programs\MiKTeX\tex/generic/pgf/util
ities\pgfkeys.code.tex))
(C:\Users\HP.LAPTOP-VKB5R2K8\AppData\Local\Programs\MiKTeX\tex/latex/pgf/math\p
gfmath.sty
(C:\Users\HP.LAPTOP-VKB5R2K8\AppData\Local\Programs\MiKTeX\tex/generic/pgf/math
\pgfmath.code.tex))
(C:\Users\HP.LAPTOP-VKB5R2K8\AppData\Local\Programs\MiKTeX\tex/generic/pgf/util
ities\pgffor.code.tex
Package: pgffor 2023-01-15 v3.1.10 (3.1.10)
\pgffor@iter=\dimen264
\pgffor@skip=\dimen265
\pgffor@stack=\toks36
\pgffor@toks=\toks37
))
(C:\Users\HP.LAPTOP-VKB5R2K8\AppData\Local\Programs\MiKTeX\tex/generic/pgf/fron
tendlayer/tikz\tikz.code.tex
Package: tikz 2023-01-15 v3.1.10 (3.1.10)

(C:\Users\HP.LAPTOP-VKB5R2K8\AppData\Local\Programs\MiKTeX\tex/generic/pgf/libr
aries\pgflibraryplothandlers.code.tex
File: pgflibraryplothandlers.code.tex 2023-01-15 v3.1.10 (3.1.10)
\pgf@plot@mark@count=\count294
\pgfplotmarksize=\dimen266
)
\tikz@lastx=\dimen267
\tikz@lasty=\dimen268
\tikz@lastxsaved=\dimen269
\tikz@lastysaved=\dimen270
\tikz@lastmovetox=\dimen271
\tikz@lastmovetoy=\dimen272
\tikzleveldistance=\dimen273
\tikzsiblingdistance=\dimen274
\tikz@figbox=\box62
\tikz@figbox@bg=\box63
\tikz@tempbox=\box64
\tikz@tempbox@bg=\box65
\tikztreelevel=\count295
\tikznumberofchildren=\count296
\tikznumberofcurrentchild=\count297
\tikz@fig@count=\count298

(C:\Users\HP.LAPTOP-VKB5R2K8\AppData\Local\Programs\MiKTeX\tex/generic/pgf/modu
les\pgfmodulematrix.code.tex
File: pgfmodulematrix.code.tex 2023-01-15 v3.1.10 (3.1.10)
\pgfmatrixcurrentrow=\count299
\pgfmatrixcurrentcolumn=\count300
\pgf@matrix@numberofcolumns=\count301
)
\tikz@expandcount=\count302

(C:\Users\HP.LAPTOP-VKB5R2K8\AppData\Local\Programs\MiKTeX\tex/generic/pgf/fron
tendlayer/tikz/libraries\tikzlibrarytopaths.code.tex
File: tikzlibrarytopaths.code.tex 2023-01-15 v3.1.10 (3.1.10)
)))
(C:\Users\HP.LAPTOP-VKB5R2K8\AppData\Local\Programs\MiKTeX\tex/generic/pgf/fron
tendlayer/tikz/libraries\tikzlibraryarrows.code.tex
File: tikzlibraryarrows.code.tex 2023-01-15 v3.1.10 (3.1.10)

(C:\Users\HP.LAPTOP-VKB5R2K8\AppData\Local\Programs\MiKTeX\tex/generic/pgf/libr
aries\pgflibraryarrows.code.tex
File: pgflibraryarrows.code.tex 2023-01-15 v3.1.10 (3.1.10)
\arrowsize=\dimen275
))
(C:\Users\HP.LAPTOP-VKB5R2K8\AppData\Local\Programs\MiKTeX\tex/generic/pgf/fron
tendlayer/tikz/libraries\tikzlibrarycalc.code.tex
File: tikzlibrarycalc.code.tex 2023-01-15 v3.1.10 (3.1.10)
)
(C:\Users\HP.LAPTOP-VKB5R2K8\AppData\Local\Programs\MiKTeX\tex/generic/pgf/fron
tendlayer/tikz/libraries\tikzlibrarydecorations.markings.code.tex
(C:\Users\HP.LAPTOP-VKB5R2K8\AppData\Local\Programs\MiKTeX\tex/generic/pgf/fron
tendlayer/tikz/libraries\tikzlibrarydecorations.code.tex
(C:\Users\HP.LAPTOP-VKB5R2K8\AppData\Local\Programs\MiKTeX\tex/generic/pgf/modu
les\pgfmoduledecorations.code.tex
\pgfdecoratedcompleteddistance=\dimen276
\pgfdecoratedremainingdistance=\dimen277
\pgfdecoratedinputsegmentcompleteddistance=\dimen278
\pgfdecoratedinputsegmentremainingdistance=\dimen279
\pgf@decorate@distancetomove=\dimen280
\pgf@decorate@repeatstate=\count303
\pgfdecorationsegmentamplitude=\dimen281
\pgfdecorationsegmentlength=\dimen282
)
\tikz@lib@dec@box=\box66
)
(C:\Users\HP.LAPTOP-VKB5R2K8\AppData\Local\Programs\MiKTeX\tex/generic/pgf/libr
aries/decorations\pgflibrarydecorations.markings.code.tex))
(C:\Users\HP.LAPTOP-VKB5R2K8\AppData\Local\Programs\MiKTeX\tex/generic/pgf/fron
tendlayer/tikz/libraries\tikzlibrarymath.code.tex
(C:\Users\HP.LAPTOP-VKB5R2K8\AppData\Local\Programs\MiKTeX\tex/generic/pgf/fron
tendlayer/tikz/libraries\tikzlibraryfpu.code.tex
(C:\Users\HP.LAPTOP-VKB5R2K8\AppData\Local\Programs\MiKTeX\tex/generic/pgf/libr
aries\pgflibraryfpu.code.tex))
\tikz@math@for@depth=\count304
\tikz@math@dimen=\dimen283
\tikz@math@toks=\toks38
)
(C:\Users\HP.LAPTOP-VKB5R2K8\AppData\Local\Programs\MiKTeX\tex/generic/pgf/libr
aries\pgflibraryarrows.meta.code.tex
File: pgflibraryarrows.meta.code.tex 2023-01-15 v3.1.10 (3.1.10)
\pgfarrowinset=\dimen284
\pgfarrowlength=\dimen285
\pgfarrowwidth=\dimen286
\pgfarrowlinewidth=\dimen287
)
(C:\Users\HP.LAPTOP-VKB5R2K8\AppData\Local\Programs\MiKTeX\tex/latex/graphics\r
otating.sty
Package: rotating 2016/08/11 v2.16d rotated objects in LaTeX

(C:\Users\HP.LAPTOP-VKB5R2K8\AppData\Local\Programs\MiKTeX\tex/latex/base\ifthe
n.sty
Package: ifthen 2022/04/13 v1.1d Standard LaTeX ifthen package (DPC)
)
\c@r@tfl@t=\count305
\rotFPtop=\skip53
\rotFPbot=\skip54
\rot@float@box=\box67
\rot@mess@toks=\toks39
)
(C:\Users\HP.LAPTOP-VKB5R2K8\AppData\Local\Programs\MiKTeX\tex/latex/overpic\ov
erpic.sty
Package: overpic 2024/01/06 2.1 picture overlays (RN)

(C:\Users\HP.LAPTOP-VKB5R2K8\AppData\Local\Programs\MiKTeX\tex/latex/eepic\epic
.sty
Enhancements to Picture Environment. Version 1.2 - Released June 1, 1986
\@@multicnt=\count306
\d@lta=\count307
\@delta=\dimen288
\@@delta=\dimen289
\@gridcnt=\count308
\@joinkind=\count309
\@dotgap=\dimen290
\@ddotgap=\dimen291
\@x@diff=\count310
\@y@diff=\count311
\x@diff=\dimen292
\y@diff=\dimen293
\@dotbox=\box68
\num@segments=\count312
\num@segmentsi=\count313
\@datafile=\read3
)
\OVP@box=\box69
)
(C:\Users\HP.LAPTOP-VKB5R2K8\AppData\Local\Programs\MiKTeX\tex/latex/base\input
enc.sty
Package: inputenc 2021/02/14 v1.3d Input encoding file
\inpenc@prehook=\toks40
\inpenc@posthook=\toks41
)
(C:\Users\HP.LAPTOP-VKB5R2K8\AppData\Local\Programs\MiKTeX\tex/latex/colortbl\c
olortbl.sty
Package: colortbl 2024/02/20 v1.0g Color table columns (DPC)

(C:\Users\HP.LAPTOP-VKB5R2K8\AppData\Local\Programs\MiKTeX\tex/latex/tools\arra
y.sty
Package: array 2023/10/16 v2.5g Tabular extension package (FMi)
\col@sep=\dimen294
\ar@mcellbox=\box70
\extrarowheight=\dimen295
\NC@list=\toks42
\extratabsurround=\skip55
\backup@length=\skip56
\ar@cellbox=\box71
)
\everycr=\toks43
\minrowclearance=\skip57
\rownum=\count314
)
(C:\Users\HP.LAPTOP-VKB5R2K8\AppData\Local\Programs\MiKTeX\tex/latex/listings\l
istings.sty
\lst@mode=\count315
\lst@gtempboxa=\box72
\lst@token=\toks44
\lst@length=\count316
\lst@currlwidth=\dimen296
\lst@column=\count317
\lst@pos=\count318
\lst@lostspace=\dimen297
\lst@width=\dimen298
\lst@newlines=\count319
\lst@lineno=\count320
\lst@maxwidth=\dimen299

(C:\Users\HP.LAPTOP-VKB5R2K8\AppData\Local\Programs\MiKTeX\tex/latex/listings\l
stmisc.sty
File: lstmisc.sty 2023/02/27 1.9 (Carsten Heinz)
\c@lstnumber=\count321
\lst@skipnumbers=\count322
\lst@framebox=\box73
)
(C:\Users\HP.LAPTOP-VKB5R2K8\AppData\Local\Programs\MiKTeX\tex/latex/listings\l
istings.cfg
File: listings.cfg 2023/02/27 1.9 listings configuration
))
Package: listings 2023/02/27 1.9 (Carsten Heinz)

(C:\Users\HP.LAPTOP-VKB5R2K8\AppData\Local\Programs\MiKTeX\tex/latex/matlab-pre
ttifier\matlab-prettifier.sty
Package: matlab-prettifier 2014/06/19 v0.3 A package for prettyprinting Matlab 
source code

(C:\Users\HP.LAPTOP-VKB5R2K8\AppData\Local\Programs\MiKTeX\tex/latex/base\textc
omp.sty
Package: textcomp 2020/02/02 v2.0n Standard LaTeX package
)
\netBracketCount@mlpr=\count323
\blkLvl@mlpr=\count324
\blkLvlAtClassdef@mlpr=\count325
\emHeight@mlpr=\skip58
\jayDepth@mlpr=\skip59
\sectionRuleOffset@mlpr=\skip60
\toks@mlpr=\toks45
)
(C:\Users\HP.LAPTOP-VKB5R2K8\AppData\Local\Programs\MiKTeX\tex/latex/enumitem\e
numitem.sty
Package: enumitem 2019/06/20 v3.9 Customized lists
\labelindent=\skip61
\enit@outerparindent=\dimen300
\enit@toks=\toks46
\enit@inbox=\box74
\enit@count@id=\count326
\enitdp@description=\count327
)
(C:\Users\HP.LAPTOP-VKB5R2K8\AppData\Local\Programs\MiKTeX\tex/latex/siunitx\si
unitx.sty
Package: siunitx 2024-02-15 v3.3.12 A comprehensive (SI) units package
\l__siunitx_number_uncert_offset_int=\count328
\l__siunitx_number_exponent_fixed_int=\count329
\l__siunitx_number_min_decimal_int=\count330
\l__siunitx_number_min_integer_int=\count331
\l__siunitx_number_round_precision_int=\count332
\l__siunitx_number_lower_threshold_int=\count333
\l__siunitx_number_upper_threshold_int=\count334
\l__siunitx_number_group_first_int=\count335
\l__siunitx_number_group_size_int=\count336
\l__siunitx_number_group_minimum_int=\count337
\l__siunitx_angle_tmp_dim=\dimen301
\l__siunitx_angle_marker_box=\box75
\l__siunitx_angle_unit_box=\box76
\l__siunitx_compound_count_int=\count338

(C:\Users\HP.LAPTOP-VKB5R2K8\AppData\Local\Programs\MiKTeX\tex/latex/translatio
ns\translations.sty
Package: translations 2022/02/05 v1.12 internationalization of LaTeX2e packages
 (CN)

(C:\Users\HP.LAPTOP-VKB5R2K8\AppData\Local\Programs\MiKTeX\tex/latex/etoolbox\e
toolbox.sty
Package: etoolbox 2020/10/05 v2.5k e-TeX tools for LaTeX (JAW)
\etb@tempcnta=\count339
)
(C:\Users\HP.LAPTOP-VKB5R2K8\AppData\Local\Programs\MiKTeX\tex/generic/pdftexcm
ds\pdftexcmds.sty
Package: pdftexcmds 2020-06-27 v0.33 Utility functions of pdfTeX for LuaTeX (HO
)

(C:\Users\HP.LAPTOP-VKB5R2K8\AppData\Local\Programs\MiKTeX\tex/generic/infwarer
r\infwarerr.sty
Package: infwarerr 2019/12/03 v1.5 Providing info/warning/error messages (HO)
)
(C:\Users\HP.LAPTOP-VKB5R2K8\AppData\Local\Programs\MiKTeX\tex/generic/ltxcmds\
ltxcmds.sty
Package: ltxcmds 2023-12-04 v1.26 LaTeX kernel commands for general use (HO)
)
Package pdftexcmds Info: \pdf@primitive is available.
Package pdftexcmds Info: \pdf@ifprimitive is available.
Package pdftexcmds Info: \pdfdraftmode found.
))
\l__siunitx_table_tmp_box=\box77
\l__siunitx_table_tmp_dim=\dimen302
\l__siunitx_table_column_width_dim=\dimen303
\l__siunitx_table_integer_box=\box78
\l__siunitx_table_decimal_box=\box79
\l__siunitx_table_uncert_box=\box80
\l__siunitx_table_before_box=\box81
\l__siunitx_table_after_box=\box82
\l__siunitx_table_before_dim=\dimen304
\l__siunitx_table_carry_dim=\dimen305
\l__siunitx_unit_tmp_int=\count340
\l__siunitx_unit_position_int=\count341
\l__siunitx_unit_total_int=\count342
)

Package siunitx Info: Option "detect-weight" has been deprecated in this
(siunitx)             release.
(siunitx)             
(siunitx)             Use "reset-text-series = false, text-series-to-math =
(siunitx)             true" as a replacement.

Package translations Info: No language package found. I am going to use `englis
h' as default language. on input line 111.

(C:\Users\HP.LAPTOP-VKB5R2K8\AppData\Local\Programs\MiKTeX\tex/latex/l3backend\
l3backend-pdftex.def
File: l3backend-pdftex.def 2024-01-04 L3 backend support: PDF output (pdfTeX)
\l__color_backend_stack_int=\count343
\l__pdf_internal_box=\box83
) (raport_luty.aux (wstep.aux) (hammerstein.aux)
(wiener.aux) (testy.aux) (dmc.aux) (obiekt_rzeczywisty.aux))
\openout1 = `raport_luty.aux'.

LaTeX Font Info:    Checking defaults for OML/cmm/m/it on input line 111.
LaTeX Font Info:    ... okay on input line 111.
LaTeX Font Info:    Checking defaults for OMS/cmsy/m/n on input line 111.
LaTeX Font Info:    ... okay on input line 111.
LaTeX Font Info:    Checking defaults for OT1/cmr/m/n on input line 111.
LaTeX Font Info:    ... okay on input line 111.
LaTeX Font Info:    Checking defaults for T1/cmr/m/n on input line 111.
LaTeX Font Info:    ... okay on input line 111.
LaTeX Font Info:    Checking defaults for TS1/cmr/m/n on input line 111.
LaTeX Font Info:    ... okay on input line 111.
LaTeX Font Info:    Checking defaults for OMX/cmex/m/n on input line 111.
LaTeX Font Info:    ... okay on input line 111.
LaTeX Font Info:    Checking defaults for U/cmr/m/n on input line 111.
LaTeX Font Info:    ... okay on input line 111.
LaTeX Font Info:    Checking defaults for OT4/cmr/m/n on input line 111.
LaTeX Font Info:    ... okay on input line 111.

*geometry* driver: auto-detecting
*geometry* detected driver: pdftex
*geometry* verbose mode - [ preamble ] result:
* driver: pdftex
* paper: a4paper
* layout: <same size as paper>
* layoutoffset:(h,v)=(0.0pt,0.0pt)
* modes: 
* h-part:(L,W,R)=(71.13188pt, 455.24411pt, 71.13188pt)
* v-part:(T,H,B)=(71.13188pt, 702.78308pt, 71.13188pt)
* \paperwidth=597.50787pt
* \paperheight=845.04684pt
* \textwidth=455.24408pt
* \textheight=702.78307pt
* \oddsidemargin=-1.1381pt
* \evensidemargin=-1.1381pt
* \topmargin=-30.33812pt
* \headheight=13.6pt
* \headsep=15.6pt
* \topskip=11.0pt
* \footskip=27.20001pt
* \marginparwidth=0.0pt
* \marginparsep=0.0pt
* \columnsep=25.6802pt
* \skip\footins=10.0pt plus 4.0pt minus 2.0pt
* \hoffset=0.0pt
* \voffset=0.0pt
* \mag=1000
* \@twocolumnfalse
* \@twosidefalse
* \@mparswitchfalse
* \@reversemarginfalse
* (1in=72.27pt=25.4mm, 1cm=28.453pt)


(C:\Users\HP.LAPTOP-VKB5R2K8\AppData\Local\Programs\MiKTeX\tex/context/base/mki
i\supp-pdf.mkii
[Loading MPS to PDF converter (version 2006.09.02).]
\scratchcounter=\count344
\scratchdimen=\dimen306
\scratchbox=\box84
\nofMPsegments=\count345
\nofMParguments=\count346
\everyMPshowfont=\toks47
\MPscratchCnt=\count347
\MPscratchDim=\dimen307
\MPnumerator=\count348
\makeMPintoPDFobject=\count349
\everyMPtoPDFconversion=\toks48
)
(C:\Users\HP.LAPTOP-VKB5R2K8\AppData\Local\Programs\MiKTeX\tex/latex/epstopdf-p
kg\epstopdf-base.sty
Package: epstopdf-base 2020-01-24 v2.11 Base part for package epstopdf
Package epstopdf-base Info: Redefining graphics rule for `.eps' on input line 4
85.

(C:\Users\HP.LAPTOP-VKB5R2K8\AppData\Local\Programs\MiKTeX\tex/latex/00miktex\e
pstopdf-sys.cfg
File: epstopdf-sys.cfg 2021/03/18 v2.0 Configuration of epstopdf for MiKTeX
))
Package caption Info: Begin \AtBeginDocument code.
Package caption Info: listings package is loaded.
Package caption Info: rotating package is loaded.
Package caption Info: End \AtBeginDocument code.
\c@lstlisting=\count350

(C:\Users\HP.LAPTOP-VKB5R2K8\AppData\Local\Programs\MiKTeX\tex/latex/translatio
ns/dicts\translations-basic-dictionary-english.trsl
File: translations-basic-dictionary-english.trsl (english translation file `tra
nslations-basic-dictionary')
)
Package translations Info: loading dictionary `translations-basic-dictionary' f
or `english'. on input line 111.
LaTeX Font Info:    Trying to load font information for OML+plm on input line 1
51.

(C:\Users\HP.LAPTOP-VKB5R2K8\AppData\Local\Programs\MiKTeX\tex/latex/polski\oml
plm.fd
File: omlplm.fd 2008/02/24 v1.2.1 Font defs for fonts PL (MW)
)
LaTeX Font Info:    Trying to load font information for OMS+plsy on input line 
151.

(C:\Users\HP.LAPTOP-VKB5R2K8\AppData\Local\Programs\MiKTeX\tex/latex/polski\oms
plsy.fd
File: omsplsy.fd 2008/02/24 v1.2.1 Font defs for fonts PL (MW)
)
LaTeX Font Info:    Trying to load font information for OMX+plex on input line 
151.

(C:\Users\HP.LAPTOP-VKB5R2K8\AppData\Local\Programs\MiKTeX\tex/latex/polski\omx
plex.fd
File: omxplex.fd 2008/02/24 v1.2.1 Font defs for fonts PL (MW)
)
LaTeX Font Info:    External font `plex10' loaded for size
(Font)              <10.95> on input line 151.
LaTeX Font Info:    External font `plex10' loaded for size
(Font)              <8> on input line 151.
LaTeX Font Info:    External font `plex10' loaded for size
(Font)              <6> on input line 151.
LaTeX Font Info:    Trying to load font information for U+msa on input line 151
.

(C:\Users\HP.LAPTOP-VKB5R2K8\AppData\Local\Programs\MiKTeX\tex/latex/amsfonts\u
msa.fd
File: umsa.fd 2013/01/14 v3.01 AMS symbols A
)
LaTeX Font Info:    Trying to load font information for U+msb on input line 151
.

(C:\Users\HP.LAPTOP-VKB5R2K8\AppData\Local\Programs\MiKTeX\tex/latex/amsfonts\u
msb.fd
File: umsb.fd 2013/01/14 v3.01 AMS symbols B
) [1

{C:/Users/HP.LAPTOP-VKB5R2K8/AppData/Local/MiKTeX/fonts/map/pdftex/pdftex.map}{
C:/Users/HP.LAPTOP-VKB5R2K8/AppData/Local/Programs/MiKTeX/fonts/enc/dvips/pl/pl
rm.enc}] (raport_luty.toc
LaTeX Font Info:    External font `plex10' loaded for size
(Font)              <10> on input line 1.
LaTeX Font Info:    External font `plex10' loaded for size
(Font)              <7> on input line 1.
LaTeX Font Info:    External font `plex10' loaded for size
(Font)              <5> on input line 1.
)
\tf@toc=\write4
\openout4 = `raport_luty.toc'.

 [1

]
\openout2 = `wstep.aux'.

 (wstep.tex
Rozdzia\PlPrIeC {\l } 1.

Overfull \hbox (5.23682pt too wide) in paragraph at lines 8--9
[]\OT4/cmr/m/n/10.95 Zaprojektowanie re-gu-la-to-rów DMC-analitycznego, DMC-num
erycznego, DMC-SL, DMC-NPL
 []

) [2


]
\openout2 = `hammerstein.aux'.

 (hammerstein.tex
Rozdzia\PlPrIeC {\l } 2.
[3




]
LaTeX Font Info:    Trying to load font information for OT4+cmtt on input line 
9.

(C:\Users\HP.LAPTOP-VKB5R2K8\AppData\Local\Programs\MiKTeX\tex/latex/polski\ot4
cmtt.fd
File: ot4cmtt.fd 2008/02/24 v1.2.1 Font defs for fonts PL (MW)
)
LaTeX Font Info:    Trying to load font information for TS1+cmtt on input line 
12.

(C:\Users\HP.LAPTOP-VKB5R2K8\AppData\Local\Programs\MiKTeX\tex/latex/base\ts1cm
tt.fd
File: ts1cmtt.fd 2023/04/13 v2.5m Standard LaTeX font definitions
)
Overfull \hbox (3.50589pt too wide) in paragraph at lines 14--15
[][][][][][][][][][][][][][][][][][][][][][][][][][][][][][][][][][][][][][][][
][][][][][][][][][]\OT4/cmtt/m/n/10.95 ...[][][]  
 []


Overfull \hbox (3.50589pt too wide) in paragraph at lines 19--20
[][][][][][][][][][][][][][][][][][][][][][][][][][][][][][][][][][][][][][][][
][][][][][][][][][][][][][][][][][][][][][][]\OT4/cmtt/m/n/10.95 ...[][][]  
 []


Overfull \hbox (10.40439pt too wide) in paragraph at lines 24--25
[][][][][][][][][][][][][][][][][][][][][][][][][][][][][][][][][][][][][][][][
][][][][][][][][][]\OT4/cmtt/m/n/10.95 ...[][][]  
 []

[4{C:/Users/HP.LAPTOP-VKB5R2K8/AppData/Local/Programs/MiKTeX/fonts/enc/dvips/pl
/plit.enc}{C:/Users/HP.LAPTOP-VKB5R2K8/AppData/Local/Programs/MiKTeX/fonts/enc/
dvips/pl/pltt.enc}{C:/Users/HP.LAPTOP-VKB5R2K8/AppData/Local/Programs/MiKTeX/fo
nts/enc/dvips/pl/plmi.enc}]
<pictures/HammersteinfuzzySets_liniowe.png, id=30, 422.0568pt x 316.5426pt>
File: pictures/HammersteinfuzzySets_liniowe.png Graphic file (type png)
<use pictures/HammersteinfuzzySets_liniowe.png>
Package pdftex.def Info: pictures/HammersteinfuzzySets_liniowe.png  used on inp
ut line 73.
(pdftex.def)             Requested size: 455.24408pt x 341.45036pt.
 [5 <./pictures/HammersteinfuzzySets_liniowe.png (PNG copy)>]
Overfull \hbox (6.95532pt too wide) in paragraph at lines 98--100
[][][][][][][][][][][][][][][][][][][][][][][][][][][][][][][][][][][][][][][][
][][][][][][][][][][][][][][][]  
 []

[6{C:/Users/HP.LAPTOP-VKB5R2K8/AppData/Local/Programs/MiKTeX/fonts/enc/dvips/pl
/plme.enc}]
<pictures/HammersteinfuzzySets_nieliniowe.png, id=40, 422.0568pt x 316.5426pt>
File: pictures/HammersteinfuzzySets_nieliniowe.png Graphic file (type png)
<use pictures/HammersteinfuzzySets_nieliniowe.png>
Package pdftex.def Info: pictures/HammersteinfuzzySets_nieliniowe.png  used on 
input line 136.
(pdftex.def)             Requested size: 455.24408pt x 341.45036pt.
) [7 <./pictures/HammersteinfuzzySets_nieliniowe.png (PNG copy)>]
\openout2 = `wiener.aux'.


(wiener.tex
Rozdzia\PlPrIeC {\l } 3.

Overfull \hbox (6.95532pt too wide) in paragraph at lines 10--11
[][][][][][][][][][][][][][][][][][][][][][][][][][][][][][][][][][][][][][][][
][][][][][][][][][][][][][][][][][][][][][][][][][][][][][][][][][][][][][][][]
[][][]  
 []


Overfull \hbox (3.50589pt too wide) in paragraph at lines 11--12
[][][][][][][][][][][][][][][][][][][][][][][][][][][][][][][][][][][][][][][][
][][][][][][][][][]\OT4/cmtt/m/n/10.95 ...[][][]  
 []


Overfull \hbox (3.50589pt too wide) in paragraph at lines 16--17
[][][][][][][][][][][][][][][][][][][][][][][][][][][][][][][][][][][][][][][][
][][][][][][][][][][][][][][][][][][][][][][]\OT4/cmtt/m/n/10.95 ...[][][]  
 []


Overfull \hbox (10.40439pt too wide) in paragraph at lines 21--22
[][][][][][][][][][][][][][][][][][][][][][][][][][][][][][][][][][][][][][][][
][][][][][][][][][]\OT4/cmtt/m/n/10.95 ...[][][]  
 []

[8




]
<pictures/WienerfuzzySets_liniowe.png, id=47, 422.0568pt x 316.5426pt>
File: pictures/WienerfuzzySets_liniowe.png Graphic file (type png)
<use pictures/WienerfuzzySets_liniowe.png>
Package pdftex.def Info: pictures/WienerfuzzySets_liniowe.png  used on input li
ne 63.
(pdftex.def)             Requested size: 455.24408pt x 341.45036pt.
 [9 <./pictures/WienerfuzzySets_liniowe.png (PNG copy)>]
<pictures/WienerfuzzySets_nieliniowe.png, id=51, 422.0568pt x 316.5426pt>
File: pictures/WienerfuzzySets_nieliniowe.png Graphic file (type png)
<use pictures/WienerfuzzySets_nieliniowe.png>
Package pdftex.def Info: pictures/WienerfuzzySets_nieliniowe.png  used on input
 line 85.
(pdftex.def)             Requested size: 455.24408pt x 341.45036pt.
) [10 <./pictures/WienerfuzzySets_nieliniowe.png (PNG copy)>]
\openout2 = `testy.aux'.

 (testy.tex
Rozdzia\PlPrIeC {\l } 4.

Overfull \hbox (3.50589pt too wide) in paragraph at lines 16--17
[][][][][][][][][][][][][][][][][][][][][][][][][][][][][][][][][][][][][][][][
][][][][][][][][][]\OT4/cmtt/m/n/10.95 ...[][][]  
 []

[11




{C:/Users/HP.LAPTOP-VKB5R2K8/AppData/Local/Programs/MiKTeX/fonts/enc/dvips/pl/p
lms.enc}]
*geometry* verbose mode - [ newgeometry ] result:
* driver: pdftex
* paper: a4paper
* layout: <same size as paper>
* layoutoffset:(h,v)=(0.0pt,0.0pt)
* modes: 
* h-part:(L,W,R)=(2.84526pt, 591.81735pt, 2.84526pt)
* v-part:(T,H,B)=(71.13188pt, 702.78308pt, 71.13188pt)
* \paperwidth=597.50787pt
* \paperheight=845.04684pt
* \textwidth=591.81735pt
* \textheight=702.78308pt
* \oddsidemargin=-69.42473pt
* \evensidemargin=-69.42473pt
* \topmargin=-30.33812pt
* \headheight=13.6pt
* \headsep=15.6pt
* \topskip=11.0pt
* \footskip=27.20001pt
* \marginparwidth=0.0pt
* \marginparsep=0.0pt
* \columnsep=25.6802pt
* \skip\footins=10.0pt plus 4.0pt minus 2.0pt
* \hoffset=0.0pt
* \voffset=0.0pt
* \mag=1000
* \@twocolumnfalse
* \@twosidefalse
* \@mparswitchfalse
* \@reversemarginfalse
* (1in=72.27pt=25.4mm, 1cm=28.453pt)

<pictures/HammersteinLinearModel_1.png, id=59, 422.0568pt x 316.5426pt>
File: pictures/HammersteinLinearModel_1.png Graphic file (type png)
<use pictures/HammersteinLinearModel_1.png>
Package pdftex.def Info: pictures/HammersteinLinearModel_1.png  used on input l
ine 43.
(pdftex.def)             Requested size: 292.78214pt x 219.59799pt.
<pictures/HammersteinNonlinearModel_1.png, id=60, 422.0568pt x 316.5426pt>
File: pictures/HammersteinNonlinearModel_1.png Graphic file (type png)
<use pictures/HammersteinNonlinearModel_1.png>
Package pdftex.def Info: pictures/HammersteinNonlinearModel_1.png  used on inpu
t line 49.
(pdftex.def)             Requested size: 292.78214pt x 219.59799pt.
<pictures/WienerLinearModel_1.png, id=61, 422.0568pt x 316.5426pt>
File: pictures/WienerLinearModel_1.png Graphic file (type png)
<use pictures/WienerLinearModel_1.png>
Package pdftex.def Info: pictures/WienerLinearModel_1.png  used on input line 5
7.
(pdftex.def)             Requested size: 292.78214pt x 219.59799pt.
<pictures/WienerNonlinearModel_1.png, id=62, 422.0568pt x 316.5426pt>
File: pictures/WienerNonlinearModel_1.png Graphic file (type png)
<use pictures/WienerNonlinearModel_1.png>
Package pdftex.def Info: pictures/WienerNonlinearModel_1.png  used on input lin
e 63.
(pdftex.def)             Requested size: 292.78214pt x 219.59799pt.
<pictures/HammersteinLinearModel_2.png, id=63, 422.0568pt x 316.5426pt>
File: pictures/HammersteinLinearModel_2.png Graphic file (type png)
<use pictures/HammersteinLinearModel_2.png>
Package pdftex.def Info: pictures/HammersteinLinearModel_2.png  used on input l
ine 76.
(pdftex.def)             Requested size: 292.78214pt x 219.59799pt.
<pictures/HammersteinNonlinearModel_2.png, id=64, 422.0568pt x 316.5426pt>
File: pictures/HammersteinNonlinearModel_2.png Graphic file (type png)
<use pictures/HammersteinNonlinearModel_2.png>
Package pdftex.def Info: pictures/HammersteinNonlinearModel_2.png  used on inpu
t line 82.
(pdftex.def)             Requested size: 292.78214pt x 219.59799pt.
<pictures/WienerLinearModel_2.png, id=65, 422.0568pt x 316.5426pt>
File: pictures/WienerLinearModel_2.png Graphic file (type png)
<use pictures/WienerLinearModel_2.png>
Package pdftex.def Info: pictures/WienerLinearModel_2.png  used on input line 9
0.
(pdftex.def)             Requested size: 292.78214pt x 219.59799pt.
<pictures/WienerNonlinearModel_2.png, id=66, 422.0568pt x 316.5426pt>
File: pictures/WienerNonlinearModel_2.png Graphic file (type png)
<use pictures/WienerNonlinearModel_2.png>
Package pdftex.def Info: pictures/WienerNonlinearModel_2.png  used on input lin
e 96.
(pdftex.def)             Requested size: 292.78214pt x 219.59799pt.
<pictures/HammersteinLinearModel_3.png, id=67, 422.0568pt x 316.5426pt>
File: pictures/HammersteinLinearModel_3.png Graphic file (type png)
<use pictures/HammersteinLinearModel_3.png>
Package pdftex.def Info: pictures/HammersteinLinearModel_3.png  used on input l
ine 109.
(pdftex.def)             Requested size: 292.78214pt x 219.59799pt.
<pictures/HammersteinNonlinearModel_3.png, id=68, 422.0568pt x 316.5426pt>
File: pictures/HammersteinNonlinearModel_3.png Graphic file (type png)
<use pictures/HammersteinNonlinearModel_3.png>
Package pdftex.def Info: pictures/HammersteinNonlinearModel_3.png  used on inpu
t line 115.
(pdftex.def)             Requested size: 292.78214pt x 219.59799pt.
<pictures/WienerLinearModel_3.png, id=69, 422.0568pt x 316.5426pt>
File: pictures/WienerLinearModel_3.png Graphic file (type png)
<use pictures/WienerLinearModel_3.png>
Package pdftex.def Info: pictures/WienerLinearModel_3.png  used on input line 1
23.
(pdftex.def)             Requested size: 292.78214pt x 219.59799pt.
<pictures/WienerNonlinearModel_3.png, id=70, 422.0568pt x 316.5426pt>
File: pictures/WienerNonlinearModel_3.png Graphic file (type png)
<use pictures/WienerNonlinearModel_3.png>
Package pdftex.def Info: pictures/WienerNonlinearModel_3.png  used on input lin
e 129.
(pdftex.def)             Requested size: 292.78214pt x 219.59799pt.
<pictures/HammersteinLinearModel_4.png, id=71, 422.0568pt x 316.5426pt>
File: pictures/HammersteinLinearModel_4.png Graphic file (type png)
<use pictures/HammersteinLinearModel_4.png>
Package pdftex.def Info: pictures/HammersteinLinearModel_4.png  used on input l
ine 142.
(pdftex.def)             Requested size: 292.78214pt x 219.59799pt.
<pictures/HammersteinNonlinearModel_4.png, id=72, 422.0568pt x 316.5426pt>
File: pictures/HammersteinNonlinearModel_4.png Graphic file (type png)
<use pictures/HammersteinNonlinearModel_4.png>
Package pdftex.def Info: pictures/HammersteinNonlinearModel_4.png  used on inpu
t line 148.
(pdftex.def)             Requested size: 292.78214pt x 219.59799pt.
<pictures/WienerLinearModel_4.png, id=73, 422.0568pt x 316.5426pt>
File: pictures/WienerLinearModel_4.png Graphic file (type png)
<use pictures/WienerLinearModel_4.png>
Package pdftex.def Info: pictures/WienerLinearModel_4.png  used on input line 1
56.
(pdftex.def)             Requested size: 292.78214pt x 219.59799pt.
<pictures/WienerNonlinearModel_4.png, id=74, 422.0568pt x 316.5426pt>
File: pictures/WienerNonlinearModel_4.png Graphic file (type png)
<use pictures/WienerNonlinearModel_4.png>
Package pdftex.def Info: pictures/WienerNonlinearModel_4.png  used on input lin
e 162.
(pdftex.def)             Requested size: 292.78214pt x 219.59799pt.
<pictures/HammersteinLinearModel_5.png, id=75, 422.0568pt x 316.5426pt>
File: pictures/HammersteinLinearModel_5.png Graphic file (type png)
<use pictures/HammersteinLinearModel_5.png>
Package pdftex.def Info: pictures/HammersteinLinearModel_5.png  used on input l
ine 175.
(pdftex.def)             Requested size: 292.78214pt x 219.59799pt.
<pictures/HammersteinNonlinearModel_5.png, id=76, 422.0568pt x 316.5426pt>
File: pictures/HammersteinNonlinearModel_5.png Graphic file (type png)
<use pictures/HammersteinNonlinearModel_5.png>
Package pdftex.def Info: pictures/HammersteinNonlinearModel_5.png  used on inpu
t line 181.
(pdftex.def)             Requested size: 292.78214pt x 219.59799pt.
<pictures/WienerLinearModel_5.png, id=77, 422.0568pt x 316.5426pt>
File: pictures/WienerLinearModel_5.png Graphic file (type png)
<use pictures/WienerLinearModel_5.png>
Package pdftex.def Info: pictures/WienerLinearModel_5.png  used on input line 1
89.
(pdftex.def)             Requested size: 292.78214pt x 219.59799pt.
<pictures/WienerNonlinearModel_5.png, id=78, 422.0568pt x 316.5426pt>
File: pictures/WienerNonlinearModel_5.png Graphic file (type png)
<use pictures/WienerNonlinearModel_5.png>
Package pdftex.def Info: pictures/WienerNonlinearModel_5.png  used on input lin
e 195.
(pdftex.def)             Requested size: 292.78214pt x 219.59799pt.
 [12 <./pictures/HammersteinLinearModel_1.png (PNG copy)> <./pictures/Hammerste
inNonlinearModel_1.png (PNG copy)> <./pictures/WienerLinearModel_1.png (PNG cop
y)> <./pictures/WienerNonlinearModel_1.png (PNG copy)>] [13 <./pictures/Hammers
teinLinearModel_2.png (PNG copy)> <./pictures/HammersteinNonlinearModel_2.png (
PNG copy)> <./pictures/WienerLinearModel_2.png (PNG copy)> <./pictures/WienerNo
nlinearModel_2.png (PNG copy)>] [14 <./pictures/HammersteinLinearModel_3.png (P
NG copy)> <./pictures/HammersteinNonlinearModel_3.png (PNG copy)> <./pictures/W
ienerLinearModel_3.png (PNG copy)> <./pictures/WienerNonlinearModel_3.png (PNG 
copy)>] [15 <./pictures/HammersteinLinearModel_4.png (PNG copy)> <./pictures/Ha
mmersteinNonlinearModel_4.png (PNG copy)> <./pictures/WienerLinearModel_4.png (
PNG copy)> <./pictures/WienerNonlinearModel_4.png (PNG copy)>]
[16 <./pictures/HammersteinLinearModel_5.png (PNG copy)> <./pictures/Hammerstei
nNonlinearModel_5.png (PNG copy)> <./pictures/WienerLinearModel_5.png (PNG copy
)> <./pictures/WienerNonlinearModel_5.png (PNG copy)>])
\openout2 = `dmc.aux'.

 (dmc.tex
Rozdzia\PlPrIeC {\l } 5.

LaTeX Font Warning: Font shape `OT4/cmtt/bx/n' in size <10.95> not available
(Font)              Font shape `OT4/cmtt/m/n' tried instead on input line 6.

[17






]
*geometry* verbose mode - [ newgeometry ] result:
* driver: pdftex
* paper: a4paper
* layout: <same size as paper>
* layoutoffset:(h,v)=(0.0pt,0.0pt)
* modes: 
* h-part:(L,W,R)=(2.84526pt, 591.81735pt, 2.84526pt)
* v-part:(T,H,B)=(71.13188pt, 702.78308pt, 71.13188pt)
* \paperwidth=597.50787pt
* \paperheight=845.04684pt
* \textwidth=591.81735pt
* \textheight=702.78308pt
* \oddsidemargin=-69.42473pt
* \evensidemargin=-69.42473pt
* \topmargin=-30.33812pt
* \headheight=13.6pt
* \headsep=15.6pt
* \topskip=11.0pt
* \footskip=27.20001pt
* \marginparwidth=0.0pt
* \marginparsep=0.0pt
* \columnsep=25.6802pt
* \skip\footins=10.0pt plus 4.0pt minus 2.0pt
* \hoffset=0.0pt
* \voffset=0.0pt
* \mag=1000
* \@twocolumnfalse
* \@twosidefalse
* \@mparswitchfalse
* \@reversemarginfalse
* (1in=72.27pt=25.4mm, 1cm=28.453pt)

<pictures/y_analiticHammerstein.png, id=98, 422.0568pt x 316.5426pt>
File: pictures/y_analiticHammerstein.png Graphic file (type png)
<use pictures/y_analiticHammerstein.png>
Package pdftex.def Info: pictures/y_analiticHammerstein.png  used on input line
 40.
(pdftex.def)             Requested size: 292.78214pt x 219.59799pt.
<pictures/u_analiticHammerstein.png, id=99, 422.0568pt x 316.5426pt>
File: pictures/u_analiticHammerstein.png Graphic file (type png)
<use pictures/u_analiticHammerstein.png>
Package pdftex.def Info: pictures/u_analiticHammerstein.png  used on input line
 46.
(pdftex.def)             Requested size: 292.78214pt x 219.59799pt.
<pictures/y_analiticWiener.png, id=100, 422.0568pt x 316.5426pt>
File: pictures/y_analiticWiener.png Graphic file (type png)
<use pictures/y_analiticWiener.png>
Package pdftex.def Info: pictures/y_analiticWiener.png  used on input line 54.
(pdftex.def)             Requested size: 292.78214pt x 219.59799pt.
<pictures/u_analiticWiener.png, id=101, 422.0568pt x 316.5426pt>
File: pictures/u_analiticWiener.png Graphic file (type png)
<use pictures/u_analiticWiener.png>
Package pdftex.def Info: pictures/u_analiticWiener.png  used on input line 60.
(pdftex.def)             Requested size: 292.78214pt x 219.59799pt.
<pictures/y_numericHammerstein.png, id=102, 422.0568pt x 316.5426pt>
File: pictures/y_numericHammerstein.png Graphic file (type png)
<use pictures/y_numericHammerstein.png>
Package pdftex.def Info: pictures/y_numericHammerstein.png  used on input line 
73.
(pdftex.def)             Requested size: 292.78214pt x 219.59799pt.
<pictures/u_numericHammerstein.png, id=103, 422.0568pt x 316.5426pt>
File: pictures/u_numericHammerstein.png Graphic file (type png)
<use pictures/u_numericHammerstein.png>
Package pdftex.def Info: pictures/u_numericHammerstein.png  used on input line 
79.
(pdftex.def)             Requested size: 292.78214pt x 219.59799pt.
<pictures/y_numericWiener.png, id=104, 422.0568pt x 316.5426pt>
File: pictures/y_numericWiener.png Graphic file (type png)
<use pictures/y_numericWiener.png>
Package pdftex.def Info: pictures/y_numericWiener.png  used on input line 87.
(pdftex.def)             Requested size: 292.78214pt x 219.59799pt.
<pictures/u_numericWiener.png, id=105, 422.0568pt x 316.5426pt>
File: pictures/u_numericWiener.png Graphic file (type png)
<use pictures/u_numericWiener.png>
Package pdftex.def Info: pictures/u_numericWiener.png  used on input line 93.
(pdftex.def)             Requested size: 292.78214pt x 219.59799pt.
<pictures/y_slHammerstein.png, id=106, 422.0568pt x 316.5426pt>
File: pictures/y_slHammerstein.png Graphic file (type png)
<use pictures/y_slHammerstein.png>
Package pdftex.def Info: pictures/y_slHammerstein.png  used on input line 106.
(pdftex.def)             Requested size: 292.78214pt x 219.59799pt.
<pictures/u_slHammerstein.png, id=107, 422.0568pt x 316.5426pt>
File: pictures/u_slHammerstein.png Graphic file (type png)
<use pictures/u_slHammerstein.png>
Package pdftex.def Info: pictures/u_slHammerstein.png  used on input line 112.
(pdftex.def)             Requested size: 292.78214pt x 219.59799pt.
<pictures/y_slWiener.png, id=108, 422.0568pt x 316.5426pt>
File: pictures/y_slWiener.png Graphic file (type png)
<use pictures/y_slWiener.png>
Package pdftex.def Info: pictures/y_slWiener.png  used on input line 120.
(pdftex.def)             Requested size: 292.78214pt x 219.59799pt.
<pictures/u_slWiener.png, id=109, 421.575pt x 316.5426pt>
File: pictures/u_slWiener.png Graphic file (type png)
<use pictures/u_slWiener.png>
Package pdftex.def Info: pictures/u_slWiener.png  used on input line 126.
(pdftex.def)             Requested size: 292.78214pt x 219.8395pt.
<pictures/y_nplHammerstein.png, id=110, 422.0568pt x 316.5426pt>
File: pictures/y_nplHammerstein.png Graphic file (type png)
<use pictures/y_nplHammerstein.png>
Package pdftex.def Info: pictures/y_nplHammerstein.png  used on input line 139.

(pdftex.def)             Requested size: 292.78214pt x 219.59799pt.
<pictures/u_nplHammerstein.png, id=111, 422.0568pt x 316.5426pt>
File: pictures/u_nplHammerstein.png Graphic file (type png)
<use pictures/u_nplHammerstein.png>
Package pdftex.def Info: pictures/u_nplHammerstein.png  used on input line 145.

(pdftex.def)             Requested size: 292.78214pt x 219.59799pt.
<pictures/y_nplWiener.png, id=112, 422.0568pt x 316.5426pt>
File: pictures/y_nplWiener.png Graphic file (type png)
<use pictures/y_nplWiener.png>
Package pdftex.def Info: pictures/y_nplWiener.png  used on input line 153.
(pdftex.def)             Requested size: 292.78214pt x 219.59799pt.
<pictures/u_nplWiener.png, id=113, 422.0568pt x 316.5426pt>
File: pictures/u_nplWiener.png Graphic file (type png)
<use pictures/u_nplWiener.png>
Package pdftex.def Info: pictures/u_nplWiener.png  used on input line 159.
(pdftex.def)             Requested size: 292.78214pt x 219.59799pt.
<pictures/y_fuzzyHammerstein.png, id=114, 422.0568pt x 316.5426pt>
File: pictures/y_fuzzyHammerstein.png Graphic file (type png)
<use pictures/y_fuzzyHammerstein.png>
Package pdftex.def Info: pictures/y_fuzzyHammerstein.png  used on input line 17
2.
(pdftex.def)             Requested size: 292.78214pt x 219.59799pt.
<pictures/u_fuzzyHammerstein.png, id=115, 422.0568pt x 316.5426pt>
File: pictures/u_fuzzyHammerstein.png Graphic file (type png)
<use pictures/u_fuzzyHammerstein.png>
Package pdftex.def Info: pictures/u_fuzzyHammerstein.png  used on input line 17
8.
(pdftex.def)             Requested size: 292.78214pt x 219.59799pt.
<pictures/y_fuzzyWiener.png, id=116, 422.0568pt x 316.5426pt>
File: pictures/y_fuzzyWiener.png Graphic file (type png)
<use pictures/y_fuzzyWiener.png>
Package pdftex.def Info: pictures/y_fuzzyWiener.png  used on input line 186.
(pdftex.def)             Requested size: 292.78214pt x 219.59799pt.
<pictures/u_fuzzyWiener.png, id=117, 422.0568pt x 316.5426pt>
File: pictures/u_fuzzyWiener.png Graphic file (type png)
<use pictures/u_fuzzyWiener.png>
Package pdftex.def Info: pictures/u_fuzzyWiener.png  used on input line 192.
(pdftex.def)             Requested size: 292.78214pt x 219.59799pt.
 [18 <./pictures/y_analiticHammerstein.png (PNG copy)> <./pictures/u_analiticHa
mmerstein.png (PNG copy)> <./pictures/y_analiticWiener.png (PNG copy)> <./pictu
res/u_analiticWiener.png (PNG copy)>] [19 <./pictures/y_numericHammerstein.png 
(PNG copy)> <./pictures/u_numericHammerstein.png (PNG copy)> <./pictures/y_nume
ricWiener.png (PNG copy)> <./pictures/u_numericWiener.png (PNG copy)>]
[20 <./pictures/y_slHammerstein.png (PNG copy)> <./pictures/u_slHammerstein.png
 (PNG copy)> <./pictures/y_slWiener.png (PNG copy)> <./pictures/u_slWiener.png 
(PNG copy)>] [21 <./pictures/y_nplHammerstein.png (PNG copy)> <./pictures/u_npl
Hammerstein.png (PNG copy)> <./pictures/y_nplWiener.png (PNG copy)> <./pictures
/u_nplWiener.png (PNG copy)>] [22 <./pictures/y_fuzzyHammerstein.png (PNG copy)
> <./pictures/u_fuzzyHammerstein.png (PNG copy)> <./pictures/y_fuzzyWiener.png 
(PNG copy)> <./pictures/u_fuzzyWiener.png (PNG copy)>]) [23


]
\openout2 = `obiekt_rzeczywisty.aux'.


(obiekt_rzeczywisty.tex
Rozdzia\PlPrIeC {\l } 6.
<pictures/step_response.png, id=137, 422.0568pt x 316.5426pt>
File: pictures/step_response.png Graphic file (type png)
<use pictures/step_response.png>
Package pdftex.def Info: pictures/step_response.png  used on input line 5.
(pdftex.def)             Requested size: 455.24408pt x 341.45036pt.
[24




 <./pictures/step_response.png (PNG copy)>]
<pictures/zadanie_tap.png, id=142, 330.63525pt x 455.90324pt>
File: pictures/zadanie_tap.png Graphic file (type png)
<use pictures/zadanie_tap.png>
Package pdftex.def Info: pictures/zadanie_tap.png  used on input line 20.
(pdftex.def)             Requested size: 409.71689pt x 564.95938pt.
) [25 <./pictures/zadanie_tap.png>] (raport_luty.lof)
\tf@lof=\write5
\openout5 = `raport_luty.lof'.

 [26



] (raport_luty.lot)
\tf@lot=\write6
\openout6 = `raport_luty.lot'.

 [27

] (raport_luty.aux (wstep.aux)
(hammerstein.aux) (wiener.aux) (testy.aux) (dmc.aux) (obiekt_rzeczywisty.aux))
 ***********
LaTeX2e <2023-11-01> patch level 1
L3 programming layer <2024-01-04>
 ***********
 ) 
Here is how much of TeX's memory you used:
 25407 strings out of 474485
 559908 string characters out of 5737599
 2280542 words of memory out of 5000000
 47247 multiletter control sequences out of 15000+600000
 572788 words of font info for 79 fonts, out of 8000000 for 9000
 1141 hyphenation exceptions out of 8191
 84i,12n,93p,878b,1574s stack positions out of 10000i,1000n,20000p,200000b,200000s
 <C:\Users\HP.LAPTOP-VKB5R2K8\AppData\Local\MiKTeX\fonts/pk/ljfour/jknappen/e
c/dpi600\tctt1095.pk> <C:\Users\HP.LAPTOP-VKB5R2K8\AppData\Local\MiKTeX\fonts/p
k/ljfour/jknappen/ec/dpi600\tcrm1095.pk><C:/Users/HP.LAPTOP-VKB5R2K8/AppData/Lo
cal/Programs/MiKTeX/fonts/type1/public/pl/plbx10.pfb><C:/Users/HP.LAPTOP-VKB5R2
K8/AppData/Local/Programs/MiKTeX/fonts/type1/public/pl/plbx12.pfb><C:/Users/HP.
LAPTOP-VKB5R2K8/AppData/Local/Programs/MiKTeX/fonts/type1/public/pl/plex10.pfb>
<C:/Users/HP.LAPTOP-VKB5R2K8/AppData/Local/Programs/MiKTeX/fonts/type1/public/p
l/plmi10.pfb><C:/Users/HP.LAPTOP-VKB5R2K8/AppData/Local/Programs/MiKTeX/fonts/t
ype1/public/pl/plmi8.pfb><C:/Users/HP.LAPTOP-VKB5R2K8/AppData/Local/Programs/Mi
KTeX/fonts/type1/public/pl/plr10.pfb><C:/Users/HP.LAPTOP-VKB5R2K8/AppData/Local
/Programs/MiKTeX/fonts/type1/public/pl/plr6.pfb><C:/Users/HP.LAPTOP-VKB5R2K8/Ap
pData/Local/Programs/MiKTeX/fonts/type1/public/pl/plr8.pfb><C:/Users/HP.LAPTOP-
VKB5R2K8/AppData/Local/Programs/MiKTeX/fonts/type1/public/pl/plsy10.pfb><C:/Use
rs/HP.LAPTOP-VKB5R2K8/AppData/Local/Programs/MiKTeX/fonts/type1/public/pl/plti1
0.pfb><C:/Users/HP.LAPTOP-VKB5R2K8/AppData/Local/Programs/MiKTeX/fonts/type1/pu
blic/pl/pltt10.pfb>
Output written on raport_luty.pdf (28 pages, 1650203 bytes).
PDF statistics:
 214 PDF objects out of 1000 (max. 8388607)
 0 named destinations out of 1000 (max. 500000)
 243 words of extra memory for PDF output out of 10000 (max. 10000000)

