This is pdfTeX, Version 3.141592653-2.6-1.40.25 (MiKTeX 24.1) (preloaded format=pdflatex 2024.3.3)  14 JUN 2024 10:02
entering extended mode
 restricted \write18 enabled.
 %&-line parsing enabled.
**./PPMGR_Wojciech_Rogalski.tex
(PPMGR_Wojciech_Rogalski.tex
LaTeX2e <2023-11-01> patch level 1
L3 programming layer <2024-01-04>

(C:\Users\HP.LAPTOP-VKB5R2K8\AppData\Local\Programs\MiKTeX\tex/latex/mwcls\mwre
p.cls
Document Class: mwrep 2017/05/13 v0.75 A LaTeX document class (MW)
*** Beta version. Formatting may change
*** in future versions of this class.

(C:\Users\HP.LAPTOP-VKB5R2K8\AppData\Local\Programs\MiKTeX\tex/latex/mwcls\mw11
.clo
File: mw11.clo 2017/05/13 v0.75 A document class size option (MW)
)
\@parindent=\dimen140
\c@part=\count187
\c@chapter=\count188
\c@section=\count189
\c@subsection=\count190
\c@subsubsection=\count191
\c@paragraph=\count192
\c@subparagraph=\count193
\c@figure=\count194
\c@table=\count195
\abovecaptionskip=\skip48
\belowcaptionskip=\skip49
\bibindent=\dimen141
)
(C:\Users\HP.LAPTOP-VKB5R2K8\AppData\Local\Programs\MiKTeX\tex/latex/geometry\g
eometry.sty
Package: geometry 2020/01/02 v5.9 Page Geometry

(C:\Users\HP.LAPTOP-VKB5R2K8\AppData\Local\Programs\MiKTeX\tex/latex/graphics\k
eyval.sty
Package: keyval 2022/05/29 v1.15 key=value parser (DPC)
\KV@toks@=\toks17
)
(C:\Users\HP.LAPTOP-VKB5R2K8\AppData\Local\Programs\MiKTeX\tex/generic/iftex\if
vtex.sty
Package: ifvtex 2019/10/25 v1.7 ifvtex legacy package. Use iftex instead.

(C:\Users\HP.LAPTOP-VKB5R2K8\AppData\Local\Programs\MiKTeX\tex/generic/iftex\if
tex.sty
Package: iftex 2022/02/03 v1.0f TeX engine tests
))
\Gm@cnth=\count196
\Gm@cntv=\count197
\c@Gm@tempcnt=\count198
\Gm@bindingoffset=\dimen142
\Gm@wd@mp=\dimen143
\Gm@odd@mp=\dimen144
\Gm@even@mp=\dimen145
\Gm@layoutwidth=\dimen146
\Gm@layoutheight=\dimen147
\Gm@layouthoffset=\dimen148
\Gm@layoutvoffset=\dimen149
\Gm@dimlist=\toks18

(C:\Users\HP.LAPTOP-VKB5R2K8\AppData\Local\Programs\MiKTeX\tex/latex/geometry\g
eometry.cfg))
(C:\Users\HP.LAPTOP-VKB5R2K8\AppData\Local\Programs\MiKTeX\tex/latex/base\fonte
nc.sty
Package: fontenc 2021/04/29 v2.0v Standard LaTeX package
)
(C:\Users\HP.LAPTOP-VKB5R2K8\AppData\Local\Programs\MiKTeX\tex/latex/polski\pol
ski.sty
Package: polski 2021/08/25 v1.3.6 Polish language package

   Switching to Polish text encoding and Polish maths fonts.

(C:\Users\HP.LAPTOP-VKB5R2K8\AppData\Local\Programs\MiKTeX\tex/latex/base\ot4en
c.def
File: ot4enc.def 2021/04/29 v2.0v Standard LaTeX file
Now handling font encoding OT4 ...
... no UTF-8 mapping file for font encoding OT4
)
LaTeX Font Info:    Trying to load font information for OT4+cmr on input line 3
62.

(C:\Users\HP.LAPTOP-VKB5R2K8\AppData\Local\Programs\MiKTeX\tex/latex/polski\ot4
cmr.fd
File: ot4cmr.fd 2008/02/24 v1.2.1 Font defs for fonts PL (MW)
)
LaTeX Font Info:    Overwriting math alphabet `\mathbf' in version `normal'
(Font)                  OT1/cmr/bx/n --> OT4/cmr/bx/n on input line 362.
LaTeX Font Info:    Overwriting math alphabet `\mathsf' in version `normal'
(Font)                  OT1/cmss/m/n --> OT4/cmss/m/n on input line 362.
LaTeX Font Info:    Overwriting math alphabet `\mathit' in version `normal'
(Font)                  OT1/cmr/m/it --> OT4/cmr/m/it on input line 362.
LaTeX Font Info:    Overwriting math alphabet `\mathtt' in version `normal'
(Font)                  OT1/cmtt/m/n --> OT4/cmtt/m/n on input line 362.
LaTeX Font Info:    Overwriting math alphabet `\mathsf' in version `bold'
(Font)                  OT1/cmss/bx/n --> OT4/cmss/bx/n on input line 362.
LaTeX Font Info:    Overwriting math alphabet `\mathit' in version `bold'
(Font)                  OT1/cmr/bx/it --> OT4/cmr/bx/it on input line 362.
LaTeX Font Info:    Encoding `OT1' has changed to `OT4' for symbol font
(Font)              `operators' in the math version `normal' on input line 362.

LaTeX Font Info:    Overwriting symbol font `operators' in version `normal'
(Font)                  OT1/cmr/m/n --> OT4/cmr/m/n on input line 362.
LaTeX Font Info:    Overwriting symbol font `letters' in version `normal'
(Font)                  OML/cmm/m/it --> OML/plm/m/it on input line 362.
LaTeX Font Info:    Overwriting symbol font `symbols' in version `normal'
(Font)                  OMS/cmsy/m/n --> OMS/plsy/m/n on input line 362.
LaTeX Font Info:    Overwriting symbol font `largesymbols' in version `normal'
(Font)                  OMX/cmex/m/n --> OMX/plex/m/n on input line 362.
LaTeX Font Info:    Encoding `OT1' has changed to `OT4' for symbol font
(Font)              `operators' in the math version `bold' on input line 362.
LaTeX Font Info:    Overwriting symbol font `operators' in version `bold'
(Font)                  OT1/cmr/bx/n --> OT4/cmr/bx/n on input line 362.
LaTeX Font Info:    Overwriting symbol font `letters' in version `bold'
(Font)                  OML/cmm/b/it --> OML/plm/b/it on input line 362.
LaTeX Font Info:    Overwriting symbol font `symbols' in version `bold'
(Font)                  OMS/cmsy/b/n --> OMS/plsy/b/n on input line 362.
)
(C:\Users\HP.LAPTOP-VKB5R2K8\AppData\Local\Programs\MiKTeX\tex/latex/amsmath\am
smath.sty
Package: amsmath 2023/05/13 v2.17o AMS math features
\@mathmargin=\skip50

For additional information on amsmath, use the `?' option.

(C:\Users\HP.LAPTOP-VKB5R2K8\AppData\Local\Programs\MiKTeX\tex/latex/amsmath\am
stext.sty
Package: amstext 2021/08/26 v2.01 AMS text

(C:\Users\HP.LAPTOP-VKB5R2K8\AppData\Local\Programs\MiKTeX\tex/latex/amsmath\am
sgen.sty
File: amsgen.sty 1999/11/30 v2.0 generic functions
\@emptytoks=\toks19
\ex@=\dimen150
))
(C:\Users\HP.LAPTOP-VKB5R2K8\AppData\Local\Programs\MiKTeX\tex/latex/amsmath\am
sbsy.sty
Package: amsbsy 1999/11/29 v1.2d Bold Symbols
\pmbraise@=\dimen151
)
(C:\Users\HP.LAPTOP-VKB5R2K8\AppData\Local\Programs\MiKTeX\tex/latex/amsmath\am
sopn.sty
Package: amsopn 2022/04/08 v2.04 operator names
)
\inf@bad=\count199
LaTeX Info: Redefining \frac on input line 234.
\uproot@=\count266
\leftroot@=\count267
LaTeX Info: Redefining \overline on input line 399.
LaTeX Info: Redefining \colon on input line 410.
\classnum@=\count268
\DOTSCASE@=\count269
LaTeX Info: Redefining \ldots on input line 496.
LaTeX Info: Redefining \dots on input line 499.
LaTeX Info: Redefining \cdots on input line 620.
\Mathstrutbox@=\box51
\strutbox@=\box52
LaTeX Info: Redefining \big on input line 722.
LaTeX Info: Redefining \Big on input line 723.
LaTeX Info: Redefining \bigg on input line 724.
LaTeX Info: Redefining \Bigg on input line 725.
\big@size=\dimen152
LaTeX Font Info:    Redeclaring font encoding OML on input line 743.
LaTeX Font Info:    Redeclaring font encoding OMS on input line 744.
\macc@depth=\count270
LaTeX Info: Redefining \bmod on input line 905.
LaTeX Info: Redefining \pmod on input line 910.
LaTeX Info: Redefining \smash on input line 940.
LaTeX Info: Redefining \relbar on input line 970.
LaTeX Info: Redefining \Relbar on input line 971.
\c@MaxMatrixCols=\count271
\dotsspace@=\muskip16
\c@parentequation=\count272
\dspbrk@lvl=\count273
\tag@help=\toks20
\row@=\count274
\column@=\count275
\maxfields@=\count276
\andhelp@=\toks21
\eqnshift@=\dimen153
\alignsep@=\dimen154
\tagshift@=\dimen155
\tagwidth@=\dimen156
\totwidth@=\dimen157
\lineht@=\dimen158
\@envbody=\toks22
\multlinegap=\skip51
\multlinetaggap=\skip52
\mathdisplay@stack=\toks23
LaTeX Info: Redefining \[ on input line 2953.
LaTeX Info: Redefining \] on input line 2954.
)
(C:\Users\HP.LAPTOP-VKB5R2K8\AppData\Local\Programs\MiKTeX\tex/latex/amsfonts\a
msfonts.sty
Package: amsfonts 2013/01/14 v3.01 Basic AMSFonts support
\symAMSa=\mathgroup4
\symAMSb=\mathgroup5
LaTeX Font Info:    Redeclaring math symbol \hbar on input line 98.
LaTeX Font Info:    Overwriting math alphabet `\mathfrak' in version `bold'
(Font)                  U/euf/m/n --> U/euf/b/n on input line 106.
)
(C:\Users\HP.LAPTOP-VKB5R2K8\AppData\Local\Programs\MiKTeX\tex/latex/amsfonts\a
mssymb.sty
Package: amssymb 2013/01/14 v3.01 AMS font symbols
)
(C:\Users\HP.LAPTOP-VKB5R2K8\AppData\Local\Programs\MiKTeX\tex/latex/graphics\g
raphicx.sty
Package: graphicx 2021/09/16 v1.2d Enhanced LaTeX Graphics (DPC,SPQR)

(C:\Users\HP.LAPTOP-VKB5R2K8\AppData\Local\Programs\MiKTeX\tex/latex/graphics\g
raphics.sty
Package: graphics 2022/03/10 v1.4e Standard LaTeX Graphics (DPC,SPQR)

(C:\Users\HP.LAPTOP-VKB5R2K8\AppData\Local\Programs\MiKTeX\tex/latex/graphics\t
rig.sty
Package: trig 2021/08/11 v1.11 sin cos tan (DPC)
)
(C:\Users\HP.LAPTOP-VKB5R2K8\AppData\Local\Programs\MiKTeX\tex/latex/graphics-c
fg\graphics.cfg
File: graphics.cfg 2016/06/04 v1.11 sample graphics configuration
)
Package graphics Info: Driver file: pdftex.def on input line 107.

(C:\Users\HP.LAPTOP-VKB5R2K8\AppData\Local\Programs\MiKTeX\tex/latex/graphics-d
ef\pdftex.def
File: pdftex.def 2022/09/22 v1.2b Graphics/color driver for pdftex
))
\Gin@req@height=\dimen159
\Gin@req@width=\dimen160
)
(C:\Users\HP.LAPTOP-VKB5R2K8\AppData\Local\Programs\MiKTeX\tex/latex/float\floa
t.sty
Package: float 2001/11/08 v1.3d Float enhancements (AL)
\c@float@type=\count277
\float@exts=\toks24
\float@box=\box53
\@float@everytoks=\toks25
\@floatcapt=\box54
)
(C:\Users\HP.LAPTOP-VKB5R2K8\AppData\Local\Programs\MiKTeX\tex/latex/subfig\sub
fig.sty
Package: subfig 2005/06/28 ver: 1.3 subfig package

(C:\Users\HP.LAPTOP-VKB5R2K8\AppData\Local\Programs\MiKTeX\tex/latex/caption\ca
ption.sty
Package: caption 2023/08/05 v3.6o Customizing captions (AR)

(C:\Users\HP.LAPTOP-VKB5R2K8\AppData\Local\Programs\MiKTeX\tex/latex/caption\ca
ption3.sty
Package: caption3 2023/07/31 v2.4d caption3 kernel (AR)
\caption@tempdima=\dimen161
\captionmargin=\dimen162
\caption@leftmargin=\dimen163
\caption@rightmargin=\dimen164
\caption@width=\dimen165
\caption@indent=\dimen166
\caption@parindent=\dimen167
\caption@hangindent=\dimen168
Package caption Info: Unknown document class (or package),
(caption)             standard defaults will be used.
Package caption Info: \@makecaption = \long macro:#1#2->\addvspace \abovecaptio
nskip \bgroup \centeredlast #1.\enspace #2\par \egroup \vskip \belowcaptionskip
  on input line 1175.
)

Package caption Warning: Unknown document class (or package),
(caption)                standard defaults will be used.
See the caption package documentation for explanation.

\c@caption@flags=\count278
\c@continuedfloat=\count279
Package caption Info: float package is loaded.
)
\c@KVtest=\count280
\sf@farskip=\skip53
\sf@captopadj=\dimen169
\sf@capskip=\skip54
\sf@nearskip=\skip55
\c@subfigure=\count281
\c@subfigure@save=\count282
\c@lofdepth=\count283
\c@subtable=\count284
\c@subtable@save=\count285
\c@lotdepth=\count286
\sf@top=\skip56
\sf@bottom=\skip57
)
(C:\Users\HP.LAPTOP-VKB5R2K8\AppData\Local\Programs\MiKTeX\tex/latex/url\url.st
y
\Urlmuskip=\muskip17
Package: url 2013/09/16  ver 3.4  Verb mode for urls, etc.
)
(C:\Users\HP.LAPTOP-VKB5R2K8\AppData\Local\Programs\MiKTeX\tex/latex/pgf/fronte
ndlayer\tikz.sty
(C:\Users\HP.LAPTOP-VKB5R2K8\AppData\Local\Programs\MiKTeX\tex/latex/pgf/basicl
ayer\pgf.sty
(C:\Users\HP.LAPTOP-VKB5R2K8\AppData\Local\Programs\MiKTeX\tex/latex/pgf/utilit
ies\pgfrcs.sty
(C:\Users\HP.LAPTOP-VKB5R2K8\AppData\Local\Programs\MiKTeX\tex/generic/pgf/util
ities\pgfutil-common.tex
\pgfutil@everybye=\toks26
\pgfutil@tempdima=\dimen170
\pgfutil@tempdimb=\dimen171
)
(C:\Users\HP.LAPTOP-VKB5R2K8\AppData\Local\Programs\MiKTeX\tex/generic/pgf/util
ities\pgfutil-latex.def
\pgfutil@abb=\box55
)
(C:\Users\HP.LAPTOP-VKB5R2K8\AppData\Local\Programs\MiKTeX\tex/generic/pgf/util
ities\pgfrcs.code.tex
(C:\Users\HP.LAPTOP-VKB5R2K8\AppData\Local\Programs\MiKTeX\tex/generic/pgf\pgf.
revision.tex)
Package: pgfrcs 2023-01-15 v3.1.10 (3.1.10)
))
Package: pgf 2023-01-15 v3.1.10 (3.1.10)

(C:\Users\HP.LAPTOP-VKB5R2K8\AppData\Local\Programs\MiKTeX\tex/latex/pgf/basicl
ayer\pgfcore.sty
(C:\Users\HP.LAPTOP-VKB5R2K8\AppData\Local\Programs\MiKTeX\tex/latex/pgf/system
layer\pgfsys.sty
(C:\Users\HP.LAPTOP-VKB5R2K8\AppData\Local\Programs\MiKTeX\tex/generic/pgf/syst
emlayer\pgfsys.code.tex
Package: pgfsys 2023-01-15 v3.1.10 (3.1.10)

(C:\Users\HP.LAPTOP-VKB5R2K8\AppData\Local\Programs\MiKTeX\tex/generic/pgf/util
ities\pgfkeys.code.tex
\pgfkeys@pathtoks=\toks27
\pgfkeys@temptoks=\toks28

(C:\Users\HP.LAPTOP-VKB5R2K8\AppData\Local\Programs\MiKTeX\tex/generic/pgf/util
ities\pgfkeyslibraryfiltered.code.tex
\pgfkeys@tmptoks=\toks29
))
\pgf@x=\dimen172
\pgf@y=\dimen173
\pgf@xa=\dimen174
\pgf@ya=\dimen175
\pgf@xb=\dimen176
\pgf@yb=\dimen177
\pgf@xc=\dimen178
\pgf@yc=\dimen179
\pgf@xd=\dimen180
\pgf@yd=\dimen181
\w@pgf@writea=\write3
\r@pgf@reada=\read2
\c@pgf@counta=\count287
\c@pgf@countb=\count288
\c@pgf@countc=\count289
\c@pgf@countd=\count290
\t@pgf@toka=\toks30
\t@pgf@tokb=\toks31
\t@pgf@tokc=\toks32
\pgf@sys@id@count=\count291

(C:\Users\HP.LAPTOP-VKB5R2K8\AppData\Local\Programs\MiKTeX\tex/generic/pgf/syst
emlayer\pgf.cfg
File: pgf.cfg 2023-01-15 v3.1.10 (3.1.10)
)
Driver file for pgf: pgfsys-pdftex.def

(C:\Users\HP.LAPTOP-VKB5R2K8\AppData\Local\Programs\MiKTeX\tex/generic/pgf/syst
emlayer\pgfsys-pdftex.def
File: pgfsys-pdftex.def 2023-01-15 v3.1.10 (3.1.10)

(C:\Users\HP.LAPTOP-VKB5R2K8\AppData\Local\Programs\MiKTeX\tex/generic/pgf/syst
emlayer\pgfsys-common-pdf.def
File: pgfsys-common-pdf.def 2023-01-15 v3.1.10 (3.1.10)
)))
(C:\Users\HP.LAPTOP-VKB5R2K8\AppData\Local\Programs\MiKTeX\tex/generic/pgf/syst
emlayer\pgfsyssoftpath.code.tex
File: pgfsyssoftpath.code.tex 2023-01-15 v3.1.10 (3.1.10)
\pgfsyssoftpath@smallbuffer@items=\count292
\pgfsyssoftpath@bigbuffer@items=\count293
)
(C:\Users\HP.LAPTOP-VKB5R2K8\AppData\Local\Programs\MiKTeX\tex/generic/pgf/syst
emlayer\pgfsysprotocol.code.tex
File: pgfsysprotocol.code.tex 2023-01-15 v3.1.10 (3.1.10)
))
(C:\Users\HP.LAPTOP-VKB5R2K8\AppData\Local\Programs\MiKTeX\tex/latex/xcolor\xco
lor.sty
Package: xcolor 2023/11/15 v3.01 LaTeX color extensions (UK)

(C:\Users\HP.LAPTOP-VKB5R2K8\AppData\Local\Programs\MiKTeX\tex/latex/graphics-c
fg\color.cfg
File: color.cfg 2016/01/02 v1.6 sample color configuration
)
Package xcolor Info: Driver file: pdftex.def on input line 274.

(C:\Users\HP.LAPTOP-VKB5R2K8\AppData\Local\Programs\MiKTeX\tex/latex/graphics\m
athcolor.ltx)
Package xcolor Info: Model `cmy' substituted by `cmy0' on input line 1350.
Package xcolor Info: Model `hsb' substituted by `rgb' on input line 1354.
Package xcolor Info: Model `RGB' extended on input line 1366.
Package xcolor Info: Model `HTML' substituted by `rgb' on input line 1368.
Package xcolor Info: Model `Hsb' substituted by `hsb' on input line 1369.
Package xcolor Info: Model `tHsb' substituted by `hsb' on input line 1370.
Package xcolor Info: Model `HSB' substituted by `hsb' on input line 1371.
Package xcolor Info: Model `Gray' substituted by `gray' on input line 1372.
Package xcolor Info: Model `wave' substituted by `hsb' on input line 1373.
)
(C:\Users\HP.LAPTOP-VKB5R2K8\AppData\Local\Programs\MiKTeX\tex/generic/pgf/basi
clayer\pgfcore.code.tex
Package: pgfcore 2023-01-15 v3.1.10 (3.1.10)

(C:\Users\HP.LAPTOP-VKB5R2K8\AppData\Local\Programs\MiKTeX\tex/generic/pgf/math
\pgfmath.code.tex
(C:\Users\HP.LAPTOP-VKB5R2K8\AppData\Local\Programs\MiKTeX\tex/generic/pgf/math
\pgfmathutil.code.tex)
(C:\Users\HP.LAPTOP-VKB5R2K8\AppData\Local\Programs\MiKTeX\tex/generic/pgf/math
\pgfmathparser.code.tex
\pgfmath@dimen=\dimen182
\pgfmath@count=\count294
\pgfmath@box=\box56
\pgfmath@toks=\toks33
\pgfmath@stack@operand=\toks34
\pgfmath@stack@operation=\toks35
)
(C:\Users\HP.LAPTOP-VKB5R2K8\AppData\Local\Programs\MiKTeX\tex/generic/pgf/math
\pgfmathfunctions.code.tex)
(C:\Users\HP.LAPTOP-VKB5R2K8\AppData\Local\Programs\MiKTeX\tex/generic/pgf/math
\pgfmathfunctions.basic.code.tex)
(C:\Users\HP.LAPTOP-VKB5R2K8\AppData\Local\Programs\MiKTeX\tex/generic/pgf/math
\pgfmathfunctions.trigonometric.code.tex)
(C:\Users\HP.LAPTOP-VKB5R2K8\AppData\Local\Programs\MiKTeX\tex/generic/pgf/math
\pgfmathfunctions.random.code.tex)
(C:\Users\HP.LAPTOP-VKB5R2K8\AppData\Local\Programs\MiKTeX\tex/generic/pgf/math
\pgfmathfunctions.comparison.code.tex)
(C:\Users\HP.LAPTOP-VKB5R2K8\AppData\Local\Programs\MiKTeX\tex/generic/pgf/math
\pgfmathfunctions.base.code.tex)
(C:\Users\HP.LAPTOP-VKB5R2K8\AppData\Local\Programs\MiKTeX\tex/generic/pgf/math
\pgfmathfunctions.round.code.tex)
(C:\Users\HP.LAPTOP-VKB5R2K8\AppData\Local\Programs\MiKTeX\tex/generic/pgf/math
\pgfmathfunctions.misc.code.tex)
(C:\Users\HP.LAPTOP-VKB5R2K8\AppData\Local\Programs\MiKTeX\tex/generic/pgf/math
\pgfmathfunctions.integerarithmetics.code.tex)
(C:\Users\HP.LAPTOP-VKB5R2K8\AppData\Local\Programs\MiKTeX\tex/generic/pgf/math
\pgfmathcalc.code.tex)
(C:\Users\HP.LAPTOP-VKB5R2K8\AppData\Local\Programs\MiKTeX\tex/generic/pgf/math
\pgfmathfloat.code.tex
\c@pgfmathroundto@lastzeros=\count295
))
(C:\Users\HP.LAPTOP-VKB5R2K8\AppData\Local\Programs\MiKTeX\tex/generic/pgf/math
\pgfint.code.tex)
(C:\Users\HP.LAPTOP-VKB5R2K8\AppData\Local\Programs\MiKTeX\tex/generic/pgf/basi
clayer\pgfcorepoints.code.tex
File: pgfcorepoints.code.tex 2023-01-15 v3.1.10 (3.1.10)
\pgf@picminx=\dimen183
\pgf@picmaxx=\dimen184
\pgf@picminy=\dimen185
\pgf@picmaxy=\dimen186
\pgf@pathminx=\dimen187
\pgf@pathmaxx=\dimen188
\pgf@pathminy=\dimen189
\pgf@pathmaxy=\dimen190
\pgf@xx=\dimen191
\pgf@xy=\dimen192
\pgf@yx=\dimen193
\pgf@yy=\dimen194
\pgf@zx=\dimen195
\pgf@zy=\dimen196
)
(C:\Users\HP.LAPTOP-VKB5R2K8\AppData\Local\Programs\MiKTeX\tex/generic/pgf/basi
clayer\pgfcorepathconstruct.code.tex
File: pgfcorepathconstruct.code.tex 2023-01-15 v3.1.10 (3.1.10)
\pgf@path@lastx=\dimen197
\pgf@path@lasty=\dimen198
)
(C:\Users\HP.LAPTOP-VKB5R2K8\AppData\Local\Programs\MiKTeX\tex/generic/pgf/basi
clayer\pgfcorepathusage.code.tex
File: pgfcorepathusage.code.tex 2023-01-15 v3.1.10 (3.1.10)
\pgf@shorten@end@additional=\dimen199
\pgf@shorten@start@additional=\dimen256
)
(C:\Users\HP.LAPTOP-VKB5R2K8\AppData\Local\Programs\MiKTeX\tex/generic/pgf/basi
clayer\pgfcorescopes.code.tex
File: pgfcorescopes.code.tex 2023-01-15 v3.1.10 (3.1.10)
\pgfpic=\box57
\pgf@hbox=\box58
\pgf@layerbox@main=\box59
\pgf@picture@serial@count=\count296
)
(C:\Users\HP.LAPTOP-VKB5R2K8\AppData\Local\Programs\MiKTeX\tex/generic/pgf/basi
clayer\pgfcoregraphicstate.code.tex
File: pgfcoregraphicstate.code.tex 2023-01-15 v3.1.10 (3.1.10)
\pgflinewidth=\dimen257
)
(C:\Users\HP.LAPTOP-VKB5R2K8\AppData\Local\Programs\MiKTeX\tex/generic/pgf/basi
clayer\pgfcoretransformations.code.tex
File: pgfcoretransformations.code.tex 2023-01-15 v3.1.10 (3.1.10)
\pgf@pt@x=\dimen258
\pgf@pt@y=\dimen259
\pgf@pt@temp=\dimen260
)
(C:\Users\HP.LAPTOP-VKB5R2K8\AppData\Local\Programs\MiKTeX\tex/generic/pgf/basi
clayer\pgfcorequick.code.tex
File: pgfcorequick.code.tex 2023-01-15 v3.1.10 (3.1.10)
)
(C:\Users\HP.LAPTOP-VKB5R2K8\AppData\Local\Programs\MiKTeX\tex/generic/pgf/basi
clayer\pgfcoreobjects.code.tex
File: pgfcoreobjects.code.tex 2023-01-15 v3.1.10 (3.1.10)
)
(C:\Users\HP.LAPTOP-VKB5R2K8\AppData\Local\Programs\MiKTeX\tex/generic/pgf/basi
clayer\pgfcorepathprocessing.code.tex
File: pgfcorepathprocessing.code.tex 2023-01-15 v3.1.10 (3.1.10)
)
(C:\Users\HP.LAPTOP-VKB5R2K8\AppData\Local\Programs\MiKTeX\tex/generic/pgf/basi
clayer\pgfcorearrows.code.tex
File: pgfcorearrows.code.tex 2023-01-15 v3.1.10 (3.1.10)
\pgfarrowsep=\dimen261
)
(C:\Users\HP.LAPTOP-VKB5R2K8\AppData\Local\Programs\MiKTeX\tex/generic/pgf/basi
clayer\pgfcoreshade.code.tex
File: pgfcoreshade.code.tex 2023-01-15 v3.1.10 (3.1.10)
\pgf@max=\dimen262
\pgf@sys@shading@range@num=\count297
\pgf@shadingcount=\count298
)
(C:\Users\HP.LAPTOP-VKB5R2K8\AppData\Local\Programs\MiKTeX\tex/generic/pgf/basi
clayer\pgfcoreimage.code.tex
File: pgfcoreimage.code.tex 2023-01-15 v3.1.10 (3.1.10)
)
(C:\Users\HP.LAPTOP-VKB5R2K8\AppData\Local\Programs\MiKTeX\tex/generic/pgf/basi
clayer\pgfcoreexternal.code.tex
File: pgfcoreexternal.code.tex 2023-01-15 v3.1.10 (3.1.10)
\pgfexternal@startupbox=\box60
)
(C:\Users\HP.LAPTOP-VKB5R2K8\AppData\Local\Programs\MiKTeX\tex/generic/pgf/basi
clayer\pgfcorelayers.code.tex
File: pgfcorelayers.code.tex 2023-01-15 v3.1.10 (3.1.10)
)
(C:\Users\HP.LAPTOP-VKB5R2K8\AppData\Local\Programs\MiKTeX\tex/generic/pgf/basi
clayer\pgfcoretransparency.code.tex
File: pgfcoretransparency.code.tex 2023-01-15 v3.1.10 (3.1.10)
)
(C:\Users\HP.LAPTOP-VKB5R2K8\AppData\Local\Programs\MiKTeX\tex/generic/pgf/basi
clayer\pgfcorepatterns.code.tex
File: pgfcorepatterns.code.tex 2023-01-15 v3.1.10 (3.1.10)
)
(C:\Users\HP.LAPTOP-VKB5R2K8\AppData\Local\Programs\MiKTeX\tex/generic/pgf/basi
clayer\pgfcorerdf.code.tex
File: pgfcorerdf.code.tex 2023-01-15 v3.1.10 (3.1.10)
)))
(C:\Users\HP.LAPTOP-VKB5R2K8\AppData\Local\Programs\MiKTeX\tex/generic/pgf/modu
les\pgfmoduleshapes.code.tex
File: pgfmoduleshapes.code.tex 2023-01-15 v3.1.10 (3.1.10)
\pgfnodeparttextbox=\box61
)
(C:\Users\HP.LAPTOP-VKB5R2K8\AppData\Local\Programs\MiKTeX\tex/generic/pgf/modu
les\pgfmoduleplot.code.tex
File: pgfmoduleplot.code.tex 2023-01-15 v3.1.10 (3.1.10)
)
(C:\Users\HP.LAPTOP-VKB5R2K8\AppData\Local\Programs\MiKTeX\tex/latex/pgf/compat
ibility\pgfcomp-version-0-65.sty
Package: pgfcomp-version-0-65 2023-01-15 v3.1.10 (3.1.10)
\pgf@nodesepstart=\dimen263
\pgf@nodesepend=\dimen264
)
(C:\Users\HP.LAPTOP-VKB5R2K8\AppData\Local\Programs\MiKTeX\tex/latex/pgf/compat
ibility\pgfcomp-version-1-18.sty
Package: pgfcomp-version-1-18 2023-01-15 v3.1.10 (3.1.10)
))
(C:\Users\HP.LAPTOP-VKB5R2K8\AppData\Local\Programs\MiKTeX\tex/latex/pgf/utilit
ies\pgffor.sty
(C:\Users\HP.LAPTOP-VKB5R2K8\AppData\Local\Programs\MiKTeX\tex/latex/pgf/utilit
ies\pgfkeys.sty
(C:\Users\HP.LAPTOP-VKB5R2K8\AppData\Local\Programs\MiKTeX\tex/generic/pgf/util
ities\pgfkeys.code.tex))
(C:\Users\HP.LAPTOP-VKB5R2K8\AppData\Local\Programs\MiKTeX\tex/latex/pgf/math\p
gfmath.sty
(C:\Users\HP.LAPTOP-VKB5R2K8\AppData\Local\Programs\MiKTeX\tex/generic/pgf/math
\pgfmath.code.tex))
(C:\Users\HP.LAPTOP-VKB5R2K8\AppData\Local\Programs\MiKTeX\tex/generic/pgf/util
ities\pgffor.code.tex
Package: pgffor 2023-01-15 v3.1.10 (3.1.10)
\pgffor@iter=\dimen265
\pgffor@skip=\dimen266
\pgffor@stack=\toks36
\pgffor@toks=\toks37
))
(C:\Users\HP.LAPTOP-VKB5R2K8\AppData\Local\Programs\MiKTeX\tex/generic/pgf/fron
tendlayer/tikz\tikz.code.tex
Package: tikz 2023-01-15 v3.1.10 (3.1.10)

(C:\Users\HP.LAPTOP-VKB5R2K8\AppData\Local\Programs\MiKTeX\tex/generic/pgf/libr
aries\pgflibraryplothandlers.code.tex
File: pgflibraryplothandlers.code.tex 2023-01-15 v3.1.10 (3.1.10)
\pgf@plot@mark@count=\count299
\pgfplotmarksize=\dimen267
)
\tikz@lastx=\dimen268
\tikz@lasty=\dimen269
\tikz@lastxsaved=\dimen270
\tikz@lastysaved=\dimen271
\tikz@lastmovetox=\dimen272
\tikz@lastmovetoy=\dimen273
\tikzleveldistance=\dimen274
\tikzsiblingdistance=\dimen275
\tikz@figbox=\box62
\tikz@figbox@bg=\box63
\tikz@tempbox=\box64
\tikz@tempbox@bg=\box65
\tikztreelevel=\count300
\tikznumberofchildren=\count301
\tikznumberofcurrentchild=\count302
\tikz@fig@count=\count303

(C:\Users\HP.LAPTOP-VKB5R2K8\AppData\Local\Programs\MiKTeX\tex/generic/pgf/modu
les\pgfmodulematrix.code.tex
File: pgfmodulematrix.code.tex 2023-01-15 v3.1.10 (3.1.10)
\pgfmatrixcurrentrow=\count304
\pgfmatrixcurrentcolumn=\count305
\pgf@matrix@numberofcolumns=\count306
)
\tikz@expandcount=\count307

(C:\Users\HP.LAPTOP-VKB5R2K8\AppData\Local\Programs\MiKTeX\tex/generic/pgf/fron
tendlayer/tikz/libraries\tikzlibrarytopaths.code.tex
File: tikzlibrarytopaths.code.tex 2023-01-15 v3.1.10 (3.1.10)
)))
(C:\Users\HP.LAPTOP-VKB5R2K8\AppData\Local\Programs\MiKTeX\tex/generic/pgf/fron
tendlayer/tikz/libraries\tikzlibraryarrows.code.tex
File: tikzlibraryarrows.code.tex 2023-01-15 v3.1.10 (3.1.10)

(C:\Users\HP.LAPTOP-VKB5R2K8\AppData\Local\Programs\MiKTeX\tex/generic/pgf/libr
aries\pgflibraryarrows.code.tex
File: pgflibraryarrows.code.tex 2023-01-15 v3.1.10 (3.1.10)
\arrowsize=\dimen276
))
(C:\Users\HP.LAPTOP-VKB5R2K8\AppData\Local\Programs\MiKTeX\tex/generic/pgf/fron
tendlayer/tikz/libraries\tikzlibrarycalc.code.tex
File: tikzlibrarycalc.code.tex 2023-01-15 v3.1.10 (3.1.10)
)
(C:\Users\HP.LAPTOP-VKB5R2K8\AppData\Local\Programs\MiKTeX\tex/generic/pgf/fron
tendlayer/tikz/libraries\tikzlibrarydecorations.markings.code.tex
(C:\Users\HP.LAPTOP-VKB5R2K8\AppData\Local\Programs\MiKTeX\tex/generic/pgf/fron
tendlayer/tikz/libraries\tikzlibrarydecorations.code.tex
(C:\Users\HP.LAPTOP-VKB5R2K8\AppData\Local\Programs\MiKTeX\tex/generic/pgf/modu
les\pgfmoduledecorations.code.tex
\pgfdecoratedcompleteddistance=\dimen277
\pgfdecoratedremainingdistance=\dimen278
\pgfdecoratedinputsegmentcompleteddistance=\dimen279
\pgfdecoratedinputsegmentremainingdistance=\dimen280
\pgf@decorate@distancetomove=\dimen281
\pgf@decorate@repeatstate=\count308
\pgfdecorationsegmentamplitude=\dimen282
\pgfdecorationsegmentlength=\dimen283
)
\tikz@lib@dec@box=\box66
)
(C:\Users\HP.LAPTOP-VKB5R2K8\AppData\Local\Programs\MiKTeX\tex/generic/pgf/libr
aries/decorations\pgflibrarydecorations.markings.code.tex))
(C:\Users\HP.LAPTOP-VKB5R2K8\AppData\Local\Programs\MiKTeX\tex/generic/pgf/fron
tendlayer/tikz/libraries\tikzlibrarymath.code.tex
(C:\Users\HP.LAPTOP-VKB5R2K8\AppData\Local\Programs\MiKTeX\tex/generic/pgf/fron
tendlayer/tikz/libraries\tikzlibraryfpu.code.tex
(C:\Users\HP.LAPTOP-VKB5R2K8\AppData\Local\Programs\MiKTeX\tex/generic/pgf/libr
aries\pgflibraryfpu.code.tex))
\tikz@math@for@depth=\count309
\tikz@math@dimen=\dimen284
\tikz@math@toks=\toks38
)
(C:\Users\HP.LAPTOP-VKB5R2K8\AppData\Local\Programs\MiKTeX\tex/generic/pgf/libr
aries\pgflibraryarrows.meta.code.tex
File: pgflibraryarrows.meta.code.tex 2023-01-15 v3.1.10 (3.1.10)
\pgfarrowinset=\dimen285
\pgfarrowlength=\dimen286
\pgfarrowwidth=\dimen287
\pgfarrowlinewidth=\dimen288
)
(C:\Users\HP.LAPTOP-VKB5R2K8\AppData\Local\Programs\MiKTeX\tex/latex/graphics\r
otating.sty
Package: rotating 2016/08/11 v2.16d rotated objects in LaTeX

(C:\Users\HP.LAPTOP-VKB5R2K8\AppData\Local\Programs\MiKTeX\tex/latex/base\ifthe
n.sty
Package: ifthen 2022/04/13 v1.1d Standard LaTeX ifthen package (DPC)
)
\c@r@tfl@t=\count310
\rotFPtop=\skip58
\rotFPbot=\skip59
\rot@float@box=\box67
\rot@mess@toks=\toks39
)
(C:\Users\HP.LAPTOP-VKB5R2K8\AppData\Local\Programs\MiKTeX\tex/latex/overpic\ov
erpic.sty
Package: overpic 2024/01/06 2.1 picture overlays (RN)

(C:\Users\HP.LAPTOP-VKB5R2K8\AppData\Local\Programs\MiKTeX\tex/latex/eepic\epic
.sty
Enhancements to Picture Environment. Version 1.2 - Released June 1, 1986
\@@multicnt=\count311
\d@lta=\count312
\@delta=\dimen289
\@@delta=\dimen290
\@gridcnt=\count313
\@joinkind=\count314
\@dotgap=\dimen291
\@ddotgap=\dimen292
\@x@diff=\count315
\@y@diff=\count316
\x@diff=\dimen293
\y@diff=\dimen294
\@dotbox=\box68
\num@segments=\count317
\num@segmentsi=\count318
\@datafile=\read3
)
\OVP@box=\box69
)
(C:\Users\HP.LAPTOP-VKB5R2K8\AppData\Local\Programs\MiKTeX\tex/latex/base\input
enc.sty
Package: inputenc 2021/02/14 v1.3d Input encoding file
\inpenc@prehook=\toks40
\inpenc@posthook=\toks41
)
(C:\Users\HP.LAPTOP-VKB5R2K8\AppData\Local\Programs\MiKTeX\tex/latex/colortbl\c
olortbl.sty
Package: colortbl 2024/02/20 v1.0g Color table columns (DPC)

(C:\Users\HP.LAPTOP-VKB5R2K8\AppData\Local\Programs\MiKTeX\tex/latex/tools\arra
y.sty
Package: array 2023/10/16 v2.5g Tabular extension package (FMi)
\col@sep=\dimen295
\ar@mcellbox=\box70
\extrarowheight=\dimen296
\NC@list=\toks42
\extratabsurround=\skip60
\backup@length=\skip61
\ar@cellbox=\box71
)
\everycr=\toks43
\minrowclearance=\skip62
\rownum=\count319
)
(C:\Users\HP.LAPTOP-VKB5R2K8\AppData\Local\Programs\MiKTeX\tex/latex/listings\l
istings.sty
\lst@mode=\count320
\lst@gtempboxa=\box72
\lst@token=\toks44
\lst@length=\count321
\lst@currlwidth=\dimen297
\lst@column=\count322
\lst@pos=\count323
\lst@lostspace=\dimen298
\lst@width=\dimen299
\lst@newlines=\count324
\lst@lineno=\count325
\lst@maxwidth=\dimen300

(C:\Users\HP.LAPTOP-VKB5R2K8\AppData\Local\Programs\MiKTeX\tex/latex/listings\l
stmisc.sty
File: lstmisc.sty 2023/02/27 1.9 (Carsten Heinz)
\c@lstnumber=\count326
\lst@skipnumbers=\count327
\lst@framebox=\box73
)
(C:\Users\HP.LAPTOP-VKB5R2K8\AppData\Local\Programs\MiKTeX\tex/latex/listings\l
istings.cfg
File: listings.cfg 2023/02/27 1.9 listings configuration
))
Package: listings 2023/02/27 1.9 (Carsten Heinz)

(C:\Users\HP.LAPTOP-VKB5R2K8\AppData\Local\Programs\MiKTeX\tex/latex/matlab-pre
ttifier\matlab-prettifier.sty
Package: matlab-prettifier 2014/06/19 v0.3 A package for prettyprinting Matlab 
source code

(C:\Users\HP.LAPTOP-VKB5R2K8\AppData\Local\Programs\MiKTeX\tex/latex/base\textc
omp.sty
Package: textcomp 2020/02/02 v2.0n Standard LaTeX package
)
\netBracketCount@mlpr=\count328
\blkLvl@mlpr=\count329
\blkLvlAtClassdef@mlpr=\count330
\emHeight@mlpr=\skip63
\jayDepth@mlpr=\skip64
\sectionRuleOffset@mlpr=\skip65
\toks@mlpr=\toks45
)
(C:\Users\HP.LAPTOP-VKB5R2K8\AppData\Local\Programs\MiKTeX\tex/latex/enumitem\e
numitem.sty
Package: enumitem 2019/06/20 v3.9 Customized lists
\labelindent=\skip66
\enit@outerparindent=\dimen301
\enit@toks=\toks46
\enit@inbox=\box74
\enit@count@id=\count331
\enitdp@description=\count332
)
(C:\Users\HP.LAPTOP-VKB5R2K8\AppData\Local\Programs\MiKTeX\tex/latex/siunitx\si
unitx.sty
Package: siunitx 2024-02-15 v3.3.12 A comprehensive (SI) units package
\l__siunitx_number_uncert_offset_int=\count333
\l__siunitx_number_exponent_fixed_int=\count334
\l__siunitx_number_min_decimal_int=\count335
\l__siunitx_number_min_integer_int=\count336
\l__siunitx_number_round_precision_int=\count337
\l__siunitx_number_lower_threshold_int=\count338
\l__siunitx_number_upper_threshold_int=\count339
\l__siunitx_number_group_first_int=\count340
\l__siunitx_number_group_size_int=\count341
\l__siunitx_number_group_minimum_int=\count342
\l__siunitx_angle_tmp_dim=\dimen302
\l__siunitx_angle_marker_box=\box75
\l__siunitx_angle_unit_box=\box76
\l__siunitx_compound_count_int=\count343

(C:\Users\HP.LAPTOP-VKB5R2K8\AppData\Local\Programs\MiKTeX\tex/latex/translatio
ns\translations.sty
Package: translations 2022/02/05 v1.12 internationalization of LaTeX2e packages
 (CN)

(C:\Users\HP.LAPTOP-VKB5R2K8\AppData\Local\Programs\MiKTeX\tex/latex/etoolbox\e
toolbox.sty
Package: etoolbox 2020/10/05 v2.5k e-TeX tools for LaTeX (JAW)
\etb@tempcnta=\count344
)
(C:\Users\HP.LAPTOP-VKB5R2K8\AppData\Local\Programs\MiKTeX\tex/generic/pdftexcm
ds\pdftexcmds.sty
Package: pdftexcmds 2020-06-27 v0.33 Utility functions of pdfTeX for LuaTeX (HO
)

(C:\Users\HP.LAPTOP-VKB5R2K8\AppData\Local\Programs\MiKTeX\tex/generic/infwarer
r\infwarerr.sty
Package: infwarerr 2019/12/03 v1.5 Providing info/warning/error messages (HO)
)
(C:\Users\HP.LAPTOP-VKB5R2K8\AppData\Local\Programs\MiKTeX\tex/generic/ltxcmds\
ltxcmds.sty
Package: ltxcmds 2023-12-04 v1.26 LaTeX kernel commands for general use (HO)
)
Package pdftexcmds Info: \pdf@primitive is available.
Package pdftexcmds Info: \pdf@ifprimitive is available.
Package pdftexcmds Info: \pdfdraftmode found.
))
\l__siunitx_table_tmp_box=\box77
\l__siunitx_table_tmp_dim=\dimen303
\l__siunitx_table_column_width_dim=\dimen304
\l__siunitx_table_integer_box=\box78
\l__siunitx_table_decimal_box=\box79
\l__siunitx_table_uncert_box=\box80
\l__siunitx_table_before_box=\box81
\l__siunitx_table_after_box=\box82
\l__siunitx_table_before_dim=\dimen305
\l__siunitx_table_carry_dim=\dimen306
\l__siunitx_unit_tmp_int=\count345
\l__siunitx_unit_position_int=\count346
\l__siunitx_unit_total_int=\count347
)

Package siunitx Info: Option "detect-weight" has been deprecated in this
(siunitx)             release.
(siunitx)             
(siunitx)             Use "reset-text-series = false, text-series-to-math =
(siunitx)             true" as a replacement.

Package translations Info: No language package found. I am going to use `englis
h' as default language. on input line 111.

(C:\Users\HP.LAPTOP-VKB5R2K8\AppData\Local\Programs\MiKTeX\tex/latex/l3backend\
l3backend-pdftex.def
File: l3backend-pdftex.def 2024-01-04 L3 backend support: PDF output (pdfTeX)
\l__color_backend_stack_int=\count348
\l__pdf_internal_box=\box83
) (PPMGR_Wojciech_Rogalski.aux

LaTeX Warning: Label `hamm_model' multiply defined.

)
\openout1 = `PPMGR_Wojciech_Rogalski.aux'.

LaTeX Font Info:    Checking defaults for OML/cmm/m/it on input line 111.
LaTeX Font Info:    ... okay on input line 111.
LaTeX Font Info:    Checking defaults for OMS/cmsy/m/n on input line 111.
LaTeX Font Info:    ... okay on input line 111.
LaTeX Font Info:    Checking defaults for OT1/cmr/m/n on input line 111.
LaTeX Font Info:    ... okay on input line 111.
LaTeX Font Info:    Checking defaults for T1/cmr/m/n on input line 111.
LaTeX Font Info:    ... okay on input line 111.
LaTeX Font Info:    Checking defaults for TS1/cmr/m/n on input line 111.
LaTeX Font Info:    ... okay on input line 111.
LaTeX Font Info:    Checking defaults for OMX/cmex/m/n on input line 111.
LaTeX Font Info:    ... okay on input line 111.
LaTeX Font Info:    Checking defaults for U/cmr/m/n on input line 111.
LaTeX Font Info:    ... okay on input line 111.
LaTeX Font Info:    Checking defaults for OT4/cmr/m/n on input line 111.
LaTeX Font Info:    ... okay on input line 111.

*geometry* driver: auto-detecting
*geometry* detected driver: pdftex
*geometry* verbose mode - [ preamble ] result:
* driver: pdftex
* paper: a4paper
* layout: <same size as paper>
* layoutoffset:(h,v)=(0.0pt,0.0pt)
* modes: 
* h-part:(L,W,R)=(71.13188pt, 455.24411pt, 71.13188pt)
* v-part:(T,H,B)=(71.13188pt, 702.78308pt, 71.13188pt)
* \paperwidth=597.50787pt
* \paperheight=845.04684pt
* \textwidth=455.24408pt
* \textheight=702.78307pt
* \oddsidemargin=-1.1381pt
* \evensidemargin=-1.1381pt
* \topmargin=-30.33812pt
* \headheight=13.6pt
* \headsep=15.6pt
* \topskip=11.0pt
* \footskip=27.20001pt
* \marginparwidth=0.0pt
* \marginparsep=0.0pt
* \columnsep=25.6802pt
* \skip\footins=10.0pt plus 4.0pt minus 2.0pt
* \hoffset=0.0pt
* \voffset=0.0pt
* \mag=1000
* \@twocolumnfalse
* \@twosidefalse
* \@mparswitchfalse
* \@reversemarginfalse
* (1in=72.27pt=25.4mm, 1cm=28.453pt)


(C:\Users\HP.LAPTOP-VKB5R2K8\AppData\Local\Programs\MiKTeX\tex/context/base/mki
i\supp-pdf.mkii
[Loading MPS to PDF converter (version 2006.09.02).]
\scratchcounter=\count349
\scratchdimen=\dimen307
\scratchbox=\box84
\nofMPsegments=\count350
\nofMParguments=\count351
\everyMPshowfont=\toks47
\MPscratchCnt=\count352
\MPscratchDim=\dimen308
\MPnumerator=\count353
\makeMPintoPDFobject=\count354
\everyMPtoPDFconversion=\toks48
)
(C:\Users\HP.LAPTOP-VKB5R2K8\AppData\Local\Programs\MiKTeX\tex/latex/epstopdf-p
kg\epstopdf-base.sty
Package: epstopdf-base 2020-01-24 v2.11 Base part for package epstopdf
Package epstopdf-base Info: Redefining graphics rule for `.eps' on input line 4
85.

(C:\Users\HP.LAPTOP-VKB5R2K8\AppData\Local\Programs\MiKTeX\tex/latex/00miktex\e
pstopdf-sys.cfg
File: epstopdf-sys.cfg 2021/03/18 v2.0 Configuration of epstopdf for MiKTeX
))
Package caption Info: Begin \AtBeginDocument code.
Package caption Info: subfig package v1.3 is loaded.
Package caption Info: listings package is loaded.
Package caption Info: rotating package is loaded.
Package caption Info: End \AtBeginDocument code.
\c@lstlisting=\count355

(C:\Users\HP.LAPTOP-VKB5R2K8\AppData\Local\Programs\MiKTeX\tex/latex/translatio
ns/dicts\translations-basic-dictionary-english.trsl
File: translations-basic-dictionary-english.trsl (english translation file `tra
nslations-basic-dictionary')
)
Package translations Info: loading dictionary `translations-basic-dictionary' f
or `english'. on input line 111.
LaTeX Font Info:    Trying to load font information for OML+plm on input line 1
51.

(C:\Users\HP.LAPTOP-VKB5R2K8\AppData\Local\Programs\MiKTeX\tex/latex/polski\oml
plm.fd
File: omlplm.fd 2008/02/24 v1.2.1 Font defs for fonts PL (MW)
)
LaTeX Font Info:    Trying to load font information for OMS+plsy on input line 
151.

(C:\Users\HP.LAPTOP-VKB5R2K8\AppData\Local\Programs\MiKTeX\tex/latex/polski\oms
plsy.fd
File: omsplsy.fd 2008/02/24 v1.2.1 Font defs for fonts PL (MW)
)
LaTeX Font Info:    Trying to load font information for OMX+plex on input line 
151.

(C:\Users\HP.LAPTOP-VKB5R2K8\AppData\Local\Programs\MiKTeX\tex/latex/polski\omx
plex.fd
File: omxplex.fd 2008/02/24 v1.2.1 Font defs for fonts PL (MW)
)
LaTeX Font Info:    External font `plex10' loaded for size
(Font)              <10.95> on input line 151.
LaTeX Font Info:    External font `plex10' loaded for size
(Font)              <8> on input line 151.
LaTeX Font Info:    External font `plex10' loaded for size
(Font)              <6> on input line 151.
LaTeX Font Info:    Trying to load font information for U+msa on input line 151
.

(C:\Users\HP.LAPTOP-VKB5R2K8\AppData\Local\Programs\MiKTeX\tex/latex/amsfonts\u
msa.fd
File: umsa.fd 2013/01/14 v3.01 AMS symbols A
)
LaTeX Font Info:    Trying to load font information for U+msb on input line 151
.

(C:\Users\HP.LAPTOP-VKB5R2K8\AppData\Local\Programs\MiKTeX\tex/latex/amsfonts\u
msb.fd
File: umsb.fd 2013/01/14 v3.01 AMS symbols B
) [1

{C:/Users/HP.LAPTOP-VKB5R2K8/AppData/Local/MiKTeX/fonts/map/pdftex/pdftex.map}{
C:/Users/HP.LAPTOP-VKB5R2K8/AppData/Local/Programs/MiKTeX/fonts/enc/dvips/pl/pl
rm.enc}] (PPMGR_Wojciech_Rogalski.toc
LaTeX Font Info:    External font `plex10' loaded for size
(Font)              <10> on input line 1.
LaTeX Font Info:    External font `plex10' loaded for size
(Font)              <7> on input line 1.
LaTeX Font Info:    External font `plex10' loaded for size
(Font)              <5> on input line 1.
)
\tf@toc=\write4
\openout4 = `PPMGR_Wojciech_Rogalski.toc'.

 (wstep.tex [1

]
Rozdzia\PlPrIeC {\l } 1.

Overfull \hbox (13.74216pt too wide) detected at line 10
[][]
 []

<pictures/schemat.png, id=14, 430.60875pt x 367.3725pt>
File: pictures/schemat.png Graphic file (type png)
<use pictures/schemat.png>
Package pdftex.def Info: pictures/schemat.png  used on input line 28.
(pdftex.def)             Requested size: 364.19664pt x 310.72092pt.
) (identyfikacja.tex [2

{C:/Users/HP.LAPTOP-VKB5R2K8/AppData/Local/Programs/MiKTeX/fonts/enc/dvips/pl/p
lme.enc}{C:/Users/HP.LAPTOP-VKB5R2K8/AppData/Local/Programs/MiKTeX/fonts/enc/dv
ips/pl/plmi.enc}{C:/Users/HP.LAPTOP-VKB5R2K8/AppData/Local/Programs/MiKTeX/font
s/enc/dvips/pl/plms.enc} <./pictures/schemat.png>]
Rozdzia\PlPrIeC {\l } 2.
<pictures/static_characteristic.pdf, id=27, 362.35374pt x 309.155pt>
File: pictures/static_characteristic.pdf Graphic file (type pdf)
<use pictures/static_characteristic.pdf>
Package pdftex.def Info: pictures/static_characteristic.pdf  used on input line
 25.
(pdftex.def)             Requested size: 364.19664pt x 310.73453pt.
[3

 <./pictures/static_characteristic.pdf>]
<pictures/u_F1.pdf, id=66, 371.3875pt x 299.1175pt>
File: pictures/u_F1.pdf Graphic file (type pdf)
<use pictures/u_F1.pdf>
Package pdftex.def Info: pictures/u_F1.pdf  used on input line 54.
(pdftex.def)             Requested size: 204.85844pt x 164.99892pt.
LaTeX Font Info:    External font `plex10' loaded for size
(Font)              <9> on input line 54.
<pictures/y_F1.pdf, id=67, 370.38374pt x 304.13625pt>
File: pictures/y_F1.pdf Graphic file (type pdf)
<use pictures/y_F1.pdf>
Package pdftex.def Info: pictures/y_F1.pdf  used on input line 57.
(pdftex.def)             Requested size: 204.85844pt x 168.21751pt.
<pictures/arx_ucz.pdf, id=68, 376.40625pt x 307.1475pt>
File: pictures/arx_ucz.pdf Graphic file (type pdf)
<use pictures/arx_ucz.pdf>
Package pdftex.def Info: pictures/arx_ucz.pdf  used on input line 88.
(pdftex.def)             Requested size: 204.85844pt x 167.16945pt.
<pictures/arx_wer.pdf, id=69, 376.40625pt x 307.1475pt>
File: pictures/arx_wer.pdf Graphic file (type pdf)
<use pictures/arx_wer.pdf>
Package pdftex.def Info: pictures/arx_wer.pdf  used on input line 91.
(pdftex.def)             Requested size: 204.85844pt x 167.16945pt.
<pictures/oe_ucz.pdf, id=70, 376.40625pt x 307.1475pt>
File: pictures/oe_ucz.pdf Graphic file (type pdf)
<use pictures/oe_ucz.pdf>
Package pdftex.def Info: pictures/oe_ucz.pdf  used on input line 97.
(pdftex.def)             Requested size: 204.85844pt x 167.16945pt.
<pictures/oe_wer.pdf, id=71, 376.40625pt x 307.1475pt>
File: pictures/oe_wer.pdf Graphic file (type pdf)
<use pictures/oe_wer.pdf>
Package pdftex.def Info: pictures/oe_wer.pdf  used on input line 100.
(pdftex.def)             Requested size: 204.85844pt x 167.16945pt.
 [4{C:/Users/HP.LAPTOP-VKB5R2K8/AppData/Local/Programs/MiKTeX/fonts/enc/dvips/p
l/plit.enc} <./pictures/u_F1.pdf> <./pictures/y_F1.pdf>] [5 <./pictures/arx_ucz
.pdf> <./pictures/arx_wer.pdf> <./pictures/oe_ucz.pdf> <./pictures/oe_wer.pdf>]
<pictures/model_fopdt.pdf, id=286, 421.575pt x 316.18124pt>
File: pictures/model_fopdt.pdf Graphic file (type pdf)
<use pictures/model_fopdt.pdf>
Package pdftex.def Info: pictures/model_fopdt.pdf  used on input line 121.
(pdftex.def)             Requested size: 455.24408pt x 341.4417pt.
 [6 <./pictures/model_fopdt.pdf>]
<pictures/model_sopdt.pdf, id=312, 421.575pt x 316.18124pt>
File: pictures/model_sopdt.pdf Graphic file (type pdf)
<use pictures/model_sopdt.pdf>
Package pdftex.def Info: pictures/model_sopdt.pdf  used on input line 143.
(pdftex.def)             Requested size: 455.24408pt x 341.4417pt.

[7 <./pictures/model_sopdt.pdf>]
<pictures/arx_ucz_sopdt.pdf, id=337, 371.3875pt x 307.1475pt>
File: pictures/arx_ucz_sopdt.pdf Graphic file (type pdf)
<use pictures/arx_ucz_sopdt.pdf>
Package pdftex.def Info: pictures/arx_ucz_sopdt.pdf  used on input line 167.
(pdftex.def)             Requested size: 204.85844pt x 169.42842pt.
<pictures/arx_wer_sopdt.pdf, id=338, 371.3875pt x 307.1475pt>
File: pictures/arx_wer_sopdt.pdf Graphic file (type pdf)
<use pictures/arx_wer_sopdt.pdf>
Package pdftex.def Info: pictures/arx_wer_sopdt.pdf  used on input line 170.
(pdftex.def)             Requested size: 204.85844pt x 169.42842pt.
<pictures/oe_ucz_sopdt.pdf, id=339, 371.3875pt x 307.1475pt>
File: pictures/oe_ucz_sopdt.pdf Graphic file (type pdf)
<use pictures/oe_ucz_sopdt.pdf>
Package pdftex.def Info: pictures/oe_ucz_sopdt.pdf  used on input line 176.
(pdftex.def)             Requested size: 204.85844pt x 169.42842pt.
<pictures/oe_wer_sopdt.pdf, id=340, 371.3875pt x 307.1475pt>
File: pictures/oe_wer_sopdt.pdf Graphic file (type pdf)
<use pictures/oe_wer_sopdt.pdf>
Package pdftex.def Info: pictures/oe_wer_sopdt.pdf  used on input line 179.
(pdftex.def)             Requested size: 204.85844pt x 169.42842pt.
) [8 <./pictures/arx_ucz_sopdt.pdf> <./pictures/arx_wer_sopdt.pdf> <./pictures/
oe_ucz_sopdt.pdf> <./pictures/oe_wer_sopdt.pdf>]
Rozdzia\PlPrIeC {\l } 3.
<pictures/hamm_model.png, id=482, 358.33875pt x 63.23625pt>
File: pictures/hamm_model.png Graphic file (type png)
<use pictures/hamm_model.png>
Package pdftex.def Info: pictures/hamm_model.png  used on input line 162.
(pdftex.def)             Requested size: 455.24408pt x 80.34193pt.
<pictures/fuzzy_set_ham.pdf, id=483, 358.33875pt x 298.11375pt>
File: pictures/fuzzy_set_ham.pdf Graphic file (type pdf)
<use pictures/fuzzy_set_ham.pdf>
Package pdftex.def Info: pictures/fuzzy_set_ham.pdf  used on input line 177.
(pdftex.def)             Requested size: 227.62204pt x 189.36836pt.
[9

 <./pictures/hamm_model.png> <./pictures/fuzzy_set_ham.pdf>]
LaTeX Font Info:    Trying to load font information for OT4+cmtt on input line 
193.

(C:\Users\HP.LAPTOP-VKB5R2K8\AppData\Local\Programs\MiKTeX\tex/latex/polski\ot4
cmtt.fd
File: ot4cmtt.fd 2008/02/24 v1.2.1 Font defs for fonts PL (MW)
)
<pictures/static_char_ham_lin_ucz.pdf, id=527, 359.3425pt x 306.14375pt>
File: pictures/static_char_ham_lin_ucz.pdf Graphic file (type pdf)
<use pictures/static_char_ham_lin_ucz.pdf>
Package pdftex.def Info: pictures/static_char_ham_lin_ucz.pdf  used on input li
ne 198.
(pdftex.def)             Requested size: 204.85844pt x 174.53644pt.
<pictures/static_char_ham_lin_wer.pdf, id=528, 361.35pt x 306.14375pt>
File: pictures/static_char_ham_lin_wer.pdf Graphic file (type pdf)
<use pictures/static_char_ham_lin_wer.pdf>
Package pdftex.def Info: pictures/static_char_ham_lin_wer.pdf  used on input li
ne 201.
(pdftex.def)             Requested size: 204.85844pt x 173.56012pt.
<pictures/arx_ucz_1.pdf, id=529, 371.3875pt x 307.1475pt>
File: pictures/arx_ucz_1.pdf Graphic file (type pdf)
<use pictures/arx_ucz_1.pdf>
Package pdftex.def Info: pictures/arx_ucz_1.pdf  used on input line 220.
(pdftex.def)             Requested size: 204.85844pt x 169.42842pt.
<pictures/arx_wer_1.pdf, id=530, 371.3875pt x 307.1475pt>
File: pictures/arx_wer_1.pdf Graphic file (type pdf)
<use pictures/arx_wer_1.pdf>
Package pdftex.def Info: pictures/arx_wer_1.pdf  used on input line 223.
(pdftex.def)             Requested size: 204.85844pt x 169.42842pt.
<pictures/arx_hamm_ucz_1.pdf, id=531, 376.40625pt x 307.1475pt>
File: pictures/arx_hamm_ucz_1.pdf Graphic file (type pdf)
<use pictures/arx_hamm_ucz_1.pdf>
Package pdftex.def Info: pictures/arx_hamm_ucz_1.pdf  used on input line 230.
(pdftex.def)             Requested size: 204.85844pt x 167.16945pt.
<pictures/arx_hamm_wer_1.pdf, id=532, 376.40625pt x 307.1475pt>
File: pictures/arx_hamm_wer_1.pdf Graphic file (type pdf)
<use pictures/arx_hamm_wer_1.pdf>
Package pdftex.def Info: pictures/arx_hamm_wer_1.pdf  used on input line 233.
(pdftex.def)             Requested size: 204.85844pt x 167.16945pt.
<pictures/oe_ucz_1.pdf, id=533, 371.3875pt x 307.1475pt>
File: pictures/oe_ucz_1.pdf Graphic file (type pdf)
<use pictures/oe_ucz_1.pdf>
Package pdftex.def Info: pictures/oe_ucz_1.pdf  used on input line 247.
(pdftex.def)             Requested size: 204.85844pt x 169.42842pt.
<pictures/oe_wer_1.pdf, id=534, 371.3875pt x 307.1475pt>
File: pictures/oe_wer_1.pdf Graphic file (type pdf)
<use pictures/oe_wer_1.pdf>
Package pdftex.def Info: pictures/oe_wer_1.pdf  used on input line 250.
(pdftex.def)             Requested size: 204.85844pt x 169.42842pt.
<pictures/oe_hamm_ucz_1.pdf, id=535, 376.40625pt x 307.1475pt>
File: pictures/oe_hamm_ucz_1.pdf Graphic file (type pdf)
<use pictures/oe_hamm_ucz_1.pdf>
Package pdftex.def Info: pictures/oe_hamm_ucz_1.pdf  used on input line 257.
(pdftex.def)             Requested size: 204.85844pt x 167.16945pt.
<pictures/oe_hamm_wer_1.pdf, id=536, 376.40625pt x 307.1475pt>
File: pictures/oe_hamm_wer_1.pdf Graphic file (type pdf)
<use pictures/oe_hamm_wer_1.pdf>
Package pdftex.def Info: pictures/oe_hamm_wer_1.pdf  used on input line 260.
(pdftex.def)             Requested size: 204.85844pt x 167.16945pt.
<pictures/arx_ucz_2.pdf, id=537, 371.3875pt x 307.1475pt>
File: pictures/arx_ucz_2.pdf Graphic file (type pdf)
<use pictures/arx_ucz_2.pdf>
Package pdftex.def Info: pictures/arx_ucz_2.pdf  used on input line 276.
(pdftex.def)             Requested size: 204.85844pt x 169.42842pt.
<pictures/arx_wer_2.pdf, id=538, 371.3875pt x 307.1475pt>
File: pictures/arx_wer_2.pdf Graphic file (type pdf)
<use pictures/arx_wer_2.pdf>
Package pdftex.def Info: pictures/arx_wer_2.pdf  used on input line 279.
(pdftex.def)             Requested size: 204.85844pt x 169.42842pt.
<pictures/arx_hamm_ucz_2.pdf, id=539, 376.40625pt x 307.1475pt>
File: pictures/arx_hamm_ucz_2.pdf Graphic file (type pdf)
<use pictures/arx_hamm_ucz_2.pdf>
Package pdftex.def Info: pictures/arx_hamm_ucz_2.pdf  used on input line 286.
(pdftex.def)             Requested size: 204.85844pt x 167.16945pt.
<pictures/arx_hamm_wer_2.pdf, id=540, 376.40625pt x 307.1475pt>
File: pictures/arx_hamm_wer_2.pdf Graphic file (type pdf)
<use pictures/arx_hamm_wer_2.pdf>
Package pdftex.def Info: pictures/arx_hamm_wer_2.pdf  used on input line 289.
(pdftex.def)             Requested size: 204.85844pt x 167.16945pt.
<pictures/oe_ucz_2.pdf, id=541, 371.3875pt x 307.1475pt>
File: pictures/oe_ucz_2.pdf Graphic file (type pdf)
<use pictures/oe_ucz_2.pdf>
Package pdftex.def Info: pictures/oe_ucz_2.pdf  used on input line 303.
(pdftex.def)             Requested size: 204.85844pt x 169.42842pt.
<pictures/oe_wer_2.pdf, id=542, 371.3875pt x 307.1475pt>
File: pictures/oe_wer_2.pdf Graphic file (type pdf)
<use pictures/oe_wer_2.pdf>
Package pdftex.def Info: pictures/oe_wer_2.pdf  used on input line 306.
(pdftex.def)             Requested size: 204.85844pt x 169.42842pt.
<pictures/oe_hamm_ucz_2.pdf, id=543, 376.40625pt x 307.1475pt>
File: pictures/oe_hamm_ucz_2.pdf Graphic file (type pdf)
<use pictures/oe_hamm_ucz_2.pdf>
Package pdftex.def Info: pictures/oe_hamm_ucz_2.pdf  used on input line 313.
(pdftex.def)             Requested size: 204.85844pt x 167.16945pt.
<pictures/oe_hamm_wer_2.pdf, id=544, 376.40625pt x 307.1475pt>
File: pictures/oe_hamm_wer_2.pdf Graphic file (type pdf)
<use pictures/oe_hamm_wer_2.pdf>
Package pdftex.def Info: pictures/oe_hamm_wer_2.pdf  used on input line 316.
(pdftex.def)             Requested size: 204.85844pt x 167.16945pt.
<pictures/arx_ucz_3.pdf, id=545, 371.3875pt x 307.1475pt>
File: pictures/arx_ucz_3.pdf Graphic file (type pdf)
<use pictures/arx_ucz_3.pdf>
Package pdftex.def Info: pictures/arx_ucz_3.pdf  used on input line 332.
(pdftex.def)             Requested size: 204.85844pt x 169.42842pt.
<pictures/arx_wer_3.pdf, id=546, 371.3875pt x 307.1475pt>
File: pictures/arx_wer_3.pdf Graphic file (type pdf)
<use pictures/arx_wer_3.pdf>
Package pdftex.def Info: pictures/arx_wer_3.pdf  used on input line 335.
(pdftex.def)             Requested size: 204.85844pt x 169.42842pt.
<pictures/arx_hamm_ucz_3.pdf, id=547, 376.40625pt x 307.1475pt>
File: pictures/arx_hamm_ucz_3.pdf Graphic file (type pdf)
<use pictures/arx_hamm_ucz_3.pdf>
Package pdftex.def Info: pictures/arx_hamm_ucz_3.pdf  used on input line 342.
(pdftex.def)             Requested size: 204.85844pt x 167.16945pt.
<pictures/arx_hamm_wer_3.pdf, id=548, 376.40625pt x 307.1475pt>
File: pictures/arx_hamm_wer_3.pdf Graphic file (type pdf)
<use pictures/arx_hamm_wer_3.pdf>
Package pdftex.def Info: pictures/arx_hamm_wer_3.pdf  used on input line 345.
(pdftex.def)             Requested size: 204.85844pt x 167.16945pt.
 [10{C:/Users/HP.LAPTOP-VKB5R2K8/AppData/Local/Programs/MiKTeX/fonts/enc/dvips/
pl/pltt.enc} <./pictures/static_char_ham_lin_ucz.pdf> <./pictures/static_char_h
am_lin_wer.pdf>] [11 <./pictures/arx_ucz_1.pdf> <./pictures/arx_wer_1.pdf> <./p
ictures/arx_hamm_ucz_1.pdf> <./pictures/arx_hamm_wer_1.pdf>] [12 <./pictures/oe
_ucz_1.pdf> <./pictures/oe_wer_1.pdf> <./pictures/oe_hamm_ucz_1.pdf> <./picture
s/oe_hamm_wer_1.pdf>] [13 <./pictures/arx_ucz_2.pdf> <./pictures/arx_wer_2.pdf>
 <./pictures/arx_hamm_ucz_2.pdf> <./pictures/arx_hamm_wer_2.pdf>]
[14 <./pictures/oe_ucz_2.pdf> <./pictures/oe_wer_2.pdf> <./pictures/oe_hamm_ucz
_2.pdf> <./pictures/oe_hamm_wer_2.pdf>] [15 <./pictures/arx_ucz_3.pdf> <./pictu
res/arx_wer_3.pdf> <./pictures/arx_hamm_ucz_3.pdf> <./pictures/arx_hamm_wer_3.p
df>]
<pictures/oe_ucz_3.pdf, id=1307, 371.3875pt x 307.1475pt>
File: pictures/oe_ucz_3.pdf Graphic file (type pdf)
<use pictures/oe_ucz_3.pdf>
Package pdftex.def Info: pictures/oe_ucz_3.pdf  used on input line 361.
(pdftex.def)             Requested size: 204.85844pt x 169.42842pt.
<pictures/oe_wer_3.pdf, id=1308, 371.3875pt x 307.1475pt>
File: pictures/oe_wer_3.pdf Graphic file (type pdf)
<use pictures/oe_wer_3.pdf>
Package pdftex.def Info: pictures/oe_wer_3.pdf  used on input line 364.
(pdftex.def)             Requested size: 204.85844pt x 169.42842pt.
<pictures/oe_hamm_ucz_3.pdf, id=1309, 376.40625pt x 307.1475pt>
File: pictures/oe_hamm_ucz_3.pdf Graphic file (type pdf)
<use pictures/oe_hamm_ucz_3.pdf>
Package pdftex.def Info: pictures/oe_hamm_ucz_3.pdf  used on input line 371.
(pdftex.def)             Requested size: 204.85844pt x 167.16945pt.
<pictures/oe_hamm_wer_3.pdf, id=1310, 376.40625pt x 307.1475pt>
File: pictures/oe_hamm_wer_3.pdf Graphic file (type pdf)
<use pictures/oe_hamm_wer_3.pdf>
Package pdftex.def Info: pictures/oe_hamm_wer_3.pdf  used on input line 374.
(pdftex.def)             Requested size: 204.85844pt x 167.16945pt.
 [16 <./pictures/oe_ucz_3.pdf> <./pictures/oe_wer_3.pdf> <./pictures/oe_hamm_uc
z_3.pdf> <./pictures/oe_hamm_wer_3.pdf>] [17]
Rozdzia\PlPrIeC {\l } 4.
<pictures/wien_model.png, id=1449, 358.33875pt x 63.23625pt>
File: pictures/wien_model.png Graphic file (type png)
<use pictures/wien_model.png>
Package pdftex.def Info: pictures/wien_model.png  used on input line 389.
(pdftex.def)             Requested size: 455.24408pt x 80.34193pt.
<pictures/fuzzy_set_wien.pdf, id=1450, 362.35374pt x 298.11375pt>
File: pictures/fuzzy_set_wien.pdf Graphic file (type pdf)
<use pictures/fuzzy_set_wien.pdf>
Package pdftex.def Info: pictures/fuzzy_set_wien.pdf  used on input line 400.
(pdftex.def)             Requested size: 273.14922pt x 224.72652pt.
[18

 <./pictures/wien_model.png> <./pictures/fuzzy_set_wien.pdf>]
<pictures/static_char_wien_lin_ucz.pdf, id=1497, 363.3575pt x 306.14375pt>
File: pictures/static_char_wien_lin_ucz.pdf Graphic file (type pdf)
<use pictures/static_char_wien_lin_ucz.pdf>
Package pdftex.def Info: pictures/static_char_wien_lin_ucz.pdf  used on input l
ine 411.
(pdftex.def)             Requested size: 204.85844pt x 172.60716pt.
<pictures/static_char_wien_lin_wer.pdf, id=1498, 363.3575pt x 306.14375pt>
File: pictures/static_char_wien_lin_wer.pdf Graphic file (type pdf)
<use pictures/static_char_wien_lin_wer.pdf>
Package pdftex.def Info: pictures/static_char_wien_lin_wer.pdf  used on input l
ine 414.
(pdftex.def)             Requested size: 204.85844pt x 172.60716pt.
 [19 <./pictures/static_char_wien_lin_ucz.pdf> <./pictures/static_char_wien_lin
_wer.pdf>]
<pictures/arx_ucz_11.pdf, id=1580, 371.3875pt x 307.1475pt>
File: pictures/arx_ucz_11.pdf Graphic file (type pdf)
<use pictures/arx_ucz_11.pdf>
Package pdftex.def Info: pictures/arx_ucz_11.pdf  used on input line 432.
(pdftex.def)             Requested size: 204.85844pt x 169.42842pt.
<pictures/arx_wer_11.pdf, id=1581, 371.3875pt x 307.1475pt>
File: pictures/arx_wer_11.pdf Graphic file (type pdf)
<use pictures/arx_wer_11.pdf>
Package pdftex.def Info: pictures/arx_wer_11.pdf  used on input line 435.
(pdftex.def)             Requested size: 204.85844pt x 169.42842pt.
<pictures/arx_wien_ucz_11.pdf, id=1582, 376.40625pt x 307.1475pt>
File: pictures/arx_wien_ucz_11.pdf Graphic file (type pdf)
<use pictures/arx_wien_ucz_11.pdf>
Package pdftex.def Info: pictures/arx_wien_ucz_11.pdf  used on input line 442.
(pdftex.def)             Requested size: 204.85844pt x 167.16945pt.
<pictures/arx_wien_wer_11.pdf, id=1583, 376.40625pt x 307.1475pt>
File: pictures/arx_wien_wer_11.pdf Graphic file (type pdf)
<use pictures/arx_wien_wer_11.pdf>
Package pdftex.def Info: pictures/arx_wien_wer_11.pdf  used on input line 445.
(pdftex.def)             Requested size: 204.85844pt x 167.16945pt.

[20 <./pictures/arx_ucz_11.pdf> <./pictures/arx_wer_11.pdf> <./pictures/arx_wie
n_ucz_11.pdf> <./pictures/arx_wien_wer_11.pdf>]
<pictures/arx_wien_ucz_12.pdf, id=1720, 376.40625pt x 307.1475pt>
File: pictures/arx_wien_ucz_12.pdf Graphic file (type pdf)
<use pictures/arx_wien_ucz_12.pdf>
Package pdftex.def Info: pictures/arx_wien_ucz_12.pdf  used on input line 456.
(pdftex.def)             Requested size: 318.66946pt x 260.0549pt.
<pictures/arx_wien_wer_12.pdf, id=1721, 376.40625pt x 307.1475pt>
File: pictures/arx_wien_wer_12.pdf Graphic file (type pdf)
<use pictures/arx_wien_wer_12.pdf>
Package pdftex.def Info: pictures/arx_wien_wer_12.pdf  used on input line 459.
(pdftex.def)             Requested size: 318.66946pt x 260.0549pt.
 [21 <./pictures/arx_wien_ucz_12.pdf> <./pictures/arx_wien_wer_12.pdf>]
<pictures/oe_ucz_11.pdf, id=1791, 371.3875pt x 307.1475pt>
File: pictures/oe_ucz_11.pdf Graphic file (type pdf)
<use pictures/oe_ucz_11.pdf>
Package pdftex.def Info: pictures/oe_ucz_11.pdf  used on input line 478.
(pdftex.def)             Requested size: 204.85844pt x 169.42842pt.
<pictures/oe_wer_11.pdf, id=1792, 371.3875pt x 307.1475pt>
File: pictures/oe_wer_11.pdf Graphic file (type pdf)
<use pictures/oe_wer_11.pdf>
Package pdftex.def Info: pictures/oe_wer_11.pdf  used on input line 481.
(pdftex.def)             Requested size: 204.85844pt x 169.42842pt.
<pictures/oe_wien_ucz_11.pdf, id=1793, 376.40625pt x 307.1475pt>
File: pictures/oe_wien_ucz_11.pdf Graphic file (type pdf)
<use pictures/oe_wien_ucz_11.pdf>
Package pdftex.def Info: pictures/oe_wien_ucz_11.pdf  used on input line 488.
(pdftex.def)             Requested size: 204.85844pt x 167.16945pt.
<pictures/oe_wien_wer_11.pdf, id=1794, 376.40625pt x 307.1475pt>
File: pictures/oe_wien_wer_11.pdf Graphic file (type pdf)
<use pictures/oe_wien_wer_11.pdf>
Package pdftex.def Info: pictures/oe_wien_wer_11.pdf  used on input line 491.
(pdftex.def)             Requested size: 204.85844pt x 167.16945pt.
 [22 <./pictures/oe_ucz_11.pdf> <./pictures/oe_wer_11.pdf> <./pictures/oe_wien_
ucz_11.pdf> <./pictures/oe_wien_wer_11.pdf>]
<pictures/oe_wien_ucz_12.pdf, id=1929, 376.40625pt x 307.1475pt>
File: pictures/oe_wien_ucz_12.pdf Graphic file (type pdf)
<use pictures/oe_wien_ucz_12.pdf>
Package pdftex.def Info: pictures/oe_wien_ucz_12.pdf  used on input line 502.
(pdftex.def)             Requested size: 318.66946pt x 260.0549pt.
<pictures/oe_wien_wer_12.pdf, id=1930, 376.40625pt x 307.1475pt>
File: pictures/oe_wien_wer_12.pdf Graphic file (type pdf)
<use pictures/oe_wien_wer_12.pdf>
Package pdftex.def Info: pictures/oe_wien_wer_12.pdf  used on input line 505.
(pdftex.def)             Requested size: 318.66946pt x 260.0549pt.
<pictures/arx_ucz_22.pdf, id=1931, 371.3875pt x 307.1475pt>
File: pictures/arx_ucz_22.pdf Graphic file (type pdf)
<use pictures/arx_ucz_22.pdf>
Package pdftex.def Info: pictures/arx_ucz_22.pdf  used on input line 524.
(pdftex.def)             Requested size: 204.85844pt x 169.42842pt.
<pictures/arx_wer_22.pdf, id=1932, 371.3875pt x 307.1475pt>
File: pictures/arx_wer_22.pdf Graphic file (type pdf)
<use pictures/arx_wer_22.pdf>
Package pdftex.def Info: pictures/arx_wer_22.pdf  used on input line 527.
(pdftex.def)             Requested size: 204.85844pt x 169.42842pt.
<pictures/arx_wien_ucz_22.pdf, id=1933, 376.40625pt x 307.1475pt>
File: pictures/arx_wien_ucz_22.pdf Graphic file (type pdf)
<use pictures/arx_wien_ucz_22.pdf>
Package pdftex.def Info: pictures/arx_wien_ucz_22.pdf  used on input line 534.
(pdftex.def)             Requested size: 204.85844pt x 167.16945pt.
<pictures/arx_wien_wer_22.pdf, id=1934, 376.40625pt x 307.1475pt>
File: pictures/arx_wien_wer_22.pdf Graphic file (type pdf)
<use pictures/arx_wien_wer_22.pdf>
Package pdftex.def Info: pictures/arx_wien_wer_22.pdf  used on input line 537.
(pdftex.def)             Requested size: 204.85844pt x 167.16945pt.
<pictures/oe_ucz_22.pdf, id=1935, 371.3875pt x 307.1475pt>
File: pictures/oe_ucz_22.pdf Graphic file (type pdf)
<use pictures/oe_ucz_22.pdf>
Package pdftex.def Info: pictures/oe_ucz_22.pdf  used on input line 551.
(pdftex.def)             Requested size: 204.85844pt x 169.42842pt.
<pictures/oe_wer_22.pdf, id=1936, 371.3875pt x 307.1475pt>
File: pictures/oe_wer_22.pdf Graphic file (type pdf)
<use pictures/oe_wer_22.pdf>
Package pdftex.def Info: pictures/oe_wer_22.pdf  used on input line 554.
(pdftex.def)             Requested size: 204.85844pt x 169.42842pt.
<pictures/oe_wien_ucz_22.pdf, id=1937, 376.40625pt x 307.1475pt>
File: pictures/oe_wien_ucz_22.pdf Graphic file (type pdf)
<use pictures/oe_wien_ucz_22.pdf>
Package pdftex.def Info: pictures/oe_wien_ucz_22.pdf  used on input line 561.
(pdftex.def)             Requested size: 204.85844pt x 167.16945pt.
<pictures/oe_wien_wer_22.pdf, id=1938, 376.40625pt x 307.1475pt>
File: pictures/oe_wien_wer_22.pdf Graphic file (type pdf)
<use pictures/oe_wien_wer_22.pdf>
Package pdftex.def Info: pictures/oe_wien_wer_22.pdf  used on input line 564.
(pdftex.def)             Requested size: 204.85844pt x 167.16945pt.
<pictures/arx_ucz_33.pdf, id=1939, 371.3875pt x 307.1475pt>
File: pictures/arx_ucz_33.pdf Graphic file (type pdf)
<use pictures/arx_ucz_33.pdf>
Package pdftex.def Info: pictures/arx_ucz_33.pdf  used on input line 580.
(pdftex.def)             Requested size: 204.85844pt x 169.42842pt.
<pictures/arx_wer_33.pdf, id=1940, 371.3875pt x 307.1475pt>
File: pictures/arx_wer_33.pdf Graphic file (type pdf)
<use pictures/arx_wer_33.pdf>
Package pdftex.def Info: pictures/arx_wer_33.pdf  used on input line 583.
(pdftex.def)             Requested size: 204.85844pt x 169.42842pt.
<pictures/arx_wien_ucz_33.pdf, id=1941, 376.40625pt x 307.1475pt>
File: pictures/arx_wien_ucz_33.pdf Graphic file (type pdf)
<use pictures/arx_wien_ucz_33.pdf>
Package pdftex.def Info: pictures/arx_wien_ucz_33.pdf  used on input line 590.
(pdftex.def)             Requested size: 204.85844pt x 167.16945pt.
<pictures/arx_wien_wer_33.pdf, id=1942, 376.40625pt x 307.1475pt>
File: pictures/arx_wien_wer_33.pdf Graphic file (type pdf)
<use pictures/arx_wien_wer_33.pdf>
Package pdftex.def Info: pictures/arx_wien_wer_33.pdf  used on input line 593.
(pdftex.def)             Requested size: 204.85844pt x 167.16945pt.
 [23 <./pictures/oe_wien_ucz_12.pdf> <./pictures/oe_wien_wer_12.pdf>]
[24 <./pictures/arx_ucz_22.pdf> <./pictures/arx_wer_22.pdf> <./pictures/arx_wie
n_ucz_22.pdf> <./pictures/arx_wien_wer_22.pdf>] [25 <./pictures/oe_ucz_22.pdf> 
<./pictures/oe_wer_22.pdf> <./pictures/oe_wien_ucz_22.pdf> <./pictures/oe_wien_
wer_22.pdf>] [26 <./pictures/arx_ucz_33.pdf> <./pictures/arx_wer_33.pdf> <./pic
tures/arx_wien_ucz_33.pdf> <./pictures/arx_wien_wer_33.pdf>]
<pictures/oe_ucz_33.pdf, id=2406, 371.3875pt x 307.1475pt>
File: pictures/oe_ucz_33.pdf Graphic file (type pdf)
<use pictures/oe_ucz_33.pdf>
Package pdftex.def Info: pictures/oe_ucz_33.pdf  used on input line 609.
(pdftex.def)             Requested size: 204.85844pt x 169.42842pt.
<pictures/oe_wer_33.pdf, id=2407, 371.3875pt x 307.1475pt>
File: pictures/oe_wer_33.pdf Graphic file (type pdf)
<use pictures/oe_wer_33.pdf>
Package pdftex.def Info: pictures/oe_wer_33.pdf  used on input line 612.
(pdftex.def)             Requested size: 204.85844pt x 169.42842pt.
<pictures/oe_wien_ucz_33.pdf, id=2408, 376.40625pt x 307.1475pt>
File: pictures/oe_wien_ucz_33.pdf Graphic file (type pdf)
<use pictures/oe_wien_ucz_33.pdf>
Package pdftex.def Info: pictures/oe_wien_ucz_33.pdf  used on input line 619.
(pdftex.def)             Requested size: 204.85844pt x 167.16945pt.
<pictures/oe_wien_wer_33.pdf, id=2409, 376.40625pt x 307.1475pt>
File: pictures/oe_wien_wer_33.pdf Graphic file (type pdf)
<use pictures/oe_wien_wer_33.pdf>
Package pdftex.def Info: pictures/oe_wien_wer_33.pdf  used on input line 622.
(pdftex.def)             Requested size: 204.85844pt x 167.16945pt.
 [27 <./pictures/oe_ucz_33.pdf> <./pictures/oe_wer_33.pdf> <./pictures/oe_wien_
ucz_33.pdf> <./pictures/oe_wien_wer_33.pdf>] [28]
Rozdzia\PlPrIeC {\l } 5.
[29

] (PPMGR_Wojciech_Rogalski.lof)
\tf@lof=\write5
\openout5 = `PPMGR_Wojciech_Rogalski.lof'.

 [30

] (PPMGR_Wojciech_Rogalski.lot)
\tf@lot=\write6
\openout6 = `PPMGR_Wojciech_Rogalski.lot'.

 [31

]
(PPMGR_Wojciech_Rogalski.aux)
 ***********
LaTeX2e <2023-11-01> patch level 1
L3 programming layer <2024-01-04>
 ***********


LaTeX Warning: There were multiply-defined labels.

 ) 
Here is how much of TeX's memory you used:
 25084 strings out of 474485
 555649 string characters out of 5737599
 1943542 words of memory out of 5000000
 46959 multiletter control sequences out of 15000+600000
 575084 words of font info for 85 fonts, out of 8000000 for 9000
 1141 hyphenation exceptions out of 8191
 84i,14n,93p,785b,529s stack positions out of 10000i,1000n,20000p,200000b,200000s
 <C:\Users\HP.LAPTOP-VKB5R2K8\AppData\Local\MiKTeX\fonts/pk/ljfour/jknappen/e
c/dpi600\tcrm1095.pk><C:/Users/HP.LAPTOP-VKB5R2K8/AppData/Local/Programs/MiKTeX
/fonts/type1/public/pl/plbx10.pfb><C:/Users/HP.LAPTOP-VKB5R2K8/AppData/Local/Pr
ograms/MiKTeX/fonts/type1/public/pl/plbx12.pfb><C:/Users/HP.LAPTOP-VKB5R2K8/App
Data/Local/Programs/MiKTeX/fonts/type1/public/pl/plex10.pfb><C:/Users/HP.LAPTOP
-VKB5R2K8/AppData/Local/Programs/MiKTeX/fonts/type1/public/pl/plmi10.pfb><C:/Us
ers/HP.LAPTOP-VKB5R2K8/AppData/Local/Programs/MiKTeX/fonts/type1/public/pl/plmi
8.pfb><C:/Users/HP.LAPTOP-VKB5R2K8/AppData/Local/Programs/MiKTeX/fonts/type1/pu
blic/pl/plmi9.pfb><C:/Users/HP.LAPTOP-VKB5R2K8/AppData/Local/Programs/MiKTeX/fo
nts/type1/public/pl/plr10.pfb><C:/Users/HP.LAPTOP-VKB5R2K8/AppData/Local/Progra
ms/MiKTeX/fonts/type1/public/pl/plr6.pfb><C:/Users/HP.LAPTOP-VKB5R2K8/AppData/L
ocal/Programs/MiKTeX/fonts/type1/public/pl/plr7.pfb><C:/Users/HP.LAPTOP-VKB5R2K
8/AppData/Local/Programs/MiKTeX/fonts/type1/public/pl/plr8.pfb><C:/Users/HP.LAP
TOP-VKB5R2K8/AppData/Local/Programs/MiKTeX/fonts/type1/public/pl/plr9.pfb><C:/U
sers/HP.LAPTOP-VKB5R2K8/AppData/Local/Programs/MiKTeX/fonts/type1/public/pl/pls
y10.pfb><C:/Users/HP.LAPTOP-VKB5R2K8/AppData/Local/Programs/MiKTeX/fonts/type1/
public/pl/plsy8.pfb><C:/Users/HP.LAPTOP-VKB5R2K8/AppData/Local/Programs/MiKTeX/
fonts/type1/public/pl/plti10.pfb><C:/Users/HP.LAPTOP-VKB5R2K8/AppData/Local/Pro
grams/MiKTeX/fonts/type1/public/pl/pltt10.pfb>
Output written on PPMGR_Wojciech_Rogalski.pdf (32 pages, 6115486 bytes).
PDF statistics:
 2627 PDF objects out of 2984 (max. 8388607)
 0 named destinations out of 1000 (max. 500000)
 383 words of extra memory for PDF output out of 10000 (max. 10000000)

